[2022-10-03 17:10:38,424] {taskinstance.py:1032} INFO - Dependencies all met for <TaskInstance: spark-setl3.spark_job_setl3 manual__2022-10-03T17:01:21.322670+00:00 [queued]>
[2022-10-03 17:10:38,436] {taskinstance.py:1032} INFO - Dependencies all met for <TaskInstance: spark-setl3.spark_job_setl3 manual__2022-10-03T17:01:21.322670+00:00 [queued]>
[2022-10-03 17:10:38,436] {taskinstance.py:1238} INFO - 
--------------------------------------------------------------------------------
[2022-10-03 17:10:38,436] {taskinstance.py:1239} INFO - Starting attempt 2 of 2
[2022-10-03 17:10:38,436] {taskinstance.py:1240} INFO - 
--------------------------------------------------------------------------------
[2022-10-03 17:10:38,448] {taskinstance.py:1259} INFO - Executing <Task(SparkSubmitOperator): spark_job_setl3> on 2022-10-03 17:01:21.322670+00:00
[2022-10-03 17:10:38,452] {standard_task_runner.py:52} INFO - Started process 288 to run task
[2022-10-03 17:10:38,456] {standard_task_runner.py:76} INFO - Running: ['***', 'tasks', 'run', 'spark-setl3', 'spark_job_setl3', 'manual__2022-10-03T17:01:21.322670+00:00', '--job-id', '43', '--raw', '--subdir', 'DAGS_FOLDER/spark-setl-scala3.py', '--cfg-path', '/tmp/tmpk9vyf1ld', '--error-file', '/tmp/tmpk45jk775']
[2022-10-03 17:10:38,456] {standard_task_runner.py:77} INFO - Job 43: Subtask spark_job_setl3
[2022-10-03 17:10:38,499] {logging_mixin.py:109} INFO - Running <TaskInstance: spark-setl3.spark_job_setl3 manual__2022-10-03T17:01:21.322670+00:00 [running]> on host 4184986ca29a
[2022-10-03 17:10:38,550] {taskinstance.py:1426} INFO - Exporting the following env vars:
AIRFLOW_CTX_DAG_EMAIL=***admin@example.com
AIRFLOW_CTX_DAG_OWNER=***
AIRFLOW_CTX_DAG_ID=spark-setl3
AIRFLOW_CTX_TASK_ID=spark_job_setl3
AIRFLOW_CTX_EXECUTION_DATE=2022-10-03T17:01:21.322670+00:00
AIRFLOW_CTX_DAG_RUN_ID=manual__2022-10-03T17:01:21.322670+00:00
[2022-10-03 17:10:38,565] {base.py:79} INFO - Using connection to: id: spark_default. Host: spark://10.0.9.226, Port: 7077, Schema: , Login: ***, Password: ***, extra: {}
[2022-10-03 17:10:38,567] {spark_submit.py:334} INFO - Spark-Submit cmd: spark-submit --master spark://10.0.9.226:7077 --jars hdfs://10.0.9.226:8020/jars/setl_2.12-1.0.0-SNAPSHOT-jar-with-dependencies.jar --class Job_s2t_AddTagVideo hdfs://10.0.9.226:8020/jars/setl_2.12-1.0.0-SNAPSHOT.jar
[2022-10-03 17:10:40,610] {spark_submit.py:485} INFO - 22/10/03 17:10:40 WARN NativeCodeLoader: Unable to load native-hadoop library for your platform... using builtin-java classes where applicable
[2022-10-03 17:11:41,569] {spark_submit.py:485} INFO - 22/10/03 17:11:41 WARN BlockReaderFactory: I/O error constructing remote block reader.
[2022-10-03 17:11:41,569] {spark_submit.py:485} INFO - org.apache.hadoop.net.ConnectTimeoutException: 60000 millis timeout while waiting for channel to be ready for connect. ch : java.nio.channels.SocketChannel[connection-pending remote=/172.31.0.7:9866]
[2022-10-03 17:11:41,569] {spark_submit.py:485} INFO - at org.apache.hadoop.net.NetUtils.connect(NetUtils.java:589)
[2022-10-03 17:11:41,570] {spark_submit.py:485} INFO - at org.apache.hadoop.hdfs.DFSClient.newConnectedPeer(DFSClient.java:3033)
[2022-10-03 17:11:41,570] {spark_submit.py:485} INFO - at org.apache.hadoop.hdfs.client.impl.BlockReaderFactory.nextTcpPeer(BlockReaderFactory.java:829)
[2022-10-03 17:11:41,570] {spark_submit.py:485} INFO - at org.apache.hadoop.hdfs.client.impl.BlockReaderFactory.getRemoteBlockReaderFromTcp(BlockReaderFactory.java:754)
[2022-10-03 17:11:41,570] {spark_submit.py:485} INFO - at org.apache.hadoop.hdfs.client.impl.BlockReaderFactory.build(BlockReaderFactory.java:381)
[2022-10-03 17:11:41,570] {spark_submit.py:485} INFO - at org.apache.hadoop.hdfs.DFSInputStream.getBlockReader(DFSInputStream.java:755)
[2022-10-03 17:11:41,570] {spark_submit.py:485} INFO - at org.apache.hadoop.hdfs.DFSInputStream.blockSeekTo(DFSInputStream.java:685)
[2022-10-03 17:11:41,570] {spark_submit.py:485} INFO - at org.apache.hadoop.hdfs.DFSInputStream.readWithStrategy(DFSInputStream.java:884)
[2022-10-03 17:11:41,570] {spark_submit.py:485} INFO - at org.apache.hadoop.hdfs.DFSInputStream.read(DFSInputStream.java:957)
[2022-10-03 17:11:41,570] {spark_submit.py:485} INFO - at java.io.DataInputStream.read(DataInputStream.java:100)
[2022-10-03 17:11:41,571] {spark_submit.py:485} INFO - at org.apache.spark.util.Utils$.$anonfun$copyStream$1(Utils.scala:371)
[2022-10-03 17:11:41,571] {spark_submit.py:485} INFO - at scala.runtime.java8.JFunction0$mcJ$sp.apply(JFunction0$mcJ$sp.java:23)
[2022-10-03 17:11:41,571] {spark_submit.py:485} INFO - at org.apache.spark.util.Utils$.tryWithSafeFinally(Utils.scala:1504)
[2022-10-03 17:11:41,571] {spark_submit.py:485} INFO - at org.apache.spark.util.Utils$.copyStream(Utils.scala:380)
[2022-10-03 17:11:41,571] {spark_submit.py:485} INFO - at org.apache.spark.util.Utils$.downloadFile(Utils.scala:672)
[2022-10-03 17:11:41,571] {spark_submit.py:485} INFO - at org.apache.spark.util.Utils$.fetchHcfsFile(Utils.scala:846)
[2022-10-03 17:11:41,571] {spark_submit.py:485} INFO - at org.apache.spark.util.Utils$.doFetchFile(Utils.scala:820)
[2022-10-03 17:11:41,571] {spark_submit.py:485} INFO - at org.apache.spark.util.DependencyUtils$.downloadFile(DependencyUtils.scala:264)
[2022-10-03 17:11:41,572] {spark_submit.py:485} INFO - at org.apache.spark.deploy.SparkSubmit.$anonfun$prepareSubmitEnvironment$8(SparkSubmit.scala:376)
[2022-10-03 17:11:41,572] {spark_submit.py:485} INFO - at scala.Option.map(Option.scala:230)
[2022-10-03 17:11:41,572] {spark_submit.py:485} INFO - at org.apache.spark.deploy.SparkSubmit.prepareSubmitEnvironment(SparkSubmit.scala:376)
[2022-10-03 17:11:41,572] {spark_submit.py:485} INFO - at org.apache.spark.deploy.SparkSubmit.org$apache$spark$deploy$SparkSubmit$$runMain(SparkSubmit.scala:901)
[2022-10-03 17:11:41,572] {spark_submit.py:485} INFO - at org.apache.spark.deploy.SparkSubmit.doRunMain$1(SparkSubmit.scala:180)
[2022-10-03 17:11:41,572] {spark_submit.py:485} INFO - at org.apache.spark.deploy.SparkSubmit.submit(SparkSubmit.scala:203)
[2022-10-03 17:11:41,572] {spark_submit.py:485} INFO - at org.apache.spark.deploy.SparkSubmit.doSubmit(SparkSubmit.scala:90)
[2022-10-03 17:11:41,572] {spark_submit.py:485} INFO - at org.apache.spark.deploy.SparkSubmit$$anon$2.doSubmit(SparkSubmit.scala:1046)
[2022-10-03 17:11:41,572] {spark_submit.py:485} INFO - at org.apache.spark.deploy.SparkSubmit$.main(SparkSubmit.scala:1055)
[2022-10-03 17:11:41,572] {spark_submit.py:485} INFO - at org.apache.spark.deploy.SparkSubmit.main(SparkSubmit.scala)
[2022-10-03 17:11:41,573] {spark_submit.py:485} INFO - 22/10/03 17:11:41 WARN DFSClient: Failed to connect to /172.31.0.7:9866 for file /jars/setl_2.12-1.0.0-SNAPSHOT.jar for block BP-1115351834-172.31.0.3-1664436657326:blk_1073742076_1258, add to deadNodes and continue.
[2022-10-03 17:11:41,574] {spark_submit.py:485} INFO - org.apache.hadoop.net.ConnectTimeoutException: 60000 millis timeout while waiting for channel to be ready for connect. ch : java.nio.channels.SocketChannel[connection-pending remote=/172.31.0.7:9866]
[2022-10-03 17:11:41,574] {spark_submit.py:485} INFO - at org.apache.hadoop.net.NetUtils.connect(NetUtils.java:589)
[2022-10-03 17:11:41,574] {spark_submit.py:485} INFO - at org.apache.hadoop.hdfs.DFSClient.newConnectedPeer(DFSClient.java:3033)
[2022-10-03 17:11:41,574] {spark_submit.py:485} INFO - at org.apache.hadoop.hdfs.client.impl.BlockReaderFactory.nextTcpPeer(BlockReaderFactory.java:829)
[2022-10-03 17:11:41,574] {spark_submit.py:485} INFO - at org.apache.hadoop.hdfs.client.impl.BlockReaderFactory.getRemoteBlockReaderFromTcp(BlockReaderFactory.java:754)
[2022-10-03 17:11:41,574] {spark_submit.py:485} INFO - at org.apache.hadoop.hdfs.client.impl.BlockReaderFactory.build(BlockReaderFactory.java:381)
[2022-10-03 17:11:41,574] {spark_submit.py:485} INFO - at org.apache.hadoop.hdfs.DFSInputStream.getBlockReader(DFSInputStream.java:755)
[2022-10-03 17:11:41,574] {spark_submit.py:485} INFO - at org.apache.hadoop.hdfs.DFSInputStream.blockSeekTo(DFSInputStream.java:685)
[2022-10-03 17:11:41,574] {spark_submit.py:485} INFO - at org.apache.hadoop.hdfs.DFSInputStream.readWithStrategy(DFSInputStream.java:884)
[2022-10-03 17:11:41,574] {spark_submit.py:485} INFO - at org.apache.hadoop.hdfs.DFSInputStream.read(DFSInputStream.java:957)
[2022-10-03 17:11:41,575] {spark_submit.py:485} INFO - at java.io.DataInputStream.read(DataInputStream.java:100)
[2022-10-03 17:11:41,575] {spark_submit.py:485} INFO - at org.apache.spark.util.Utils$.$anonfun$copyStream$1(Utils.scala:371)
[2022-10-03 17:11:41,575] {spark_submit.py:485} INFO - at scala.runtime.java8.JFunction0$mcJ$sp.apply(JFunction0$mcJ$sp.java:23)
[2022-10-03 17:11:41,575] {spark_submit.py:485} INFO - at org.apache.spark.util.Utils$.tryWithSafeFinally(Utils.scala:1504)
[2022-10-03 17:11:41,575] {spark_submit.py:485} INFO - at org.apache.spark.util.Utils$.copyStream(Utils.scala:380)
[2022-10-03 17:11:41,575] {spark_submit.py:485} INFO - at org.apache.spark.util.Utils$.downloadFile(Utils.scala:672)
[2022-10-03 17:11:41,575] {spark_submit.py:485} INFO - at org.apache.spark.util.Utils$.fetchHcfsFile(Utils.scala:846)
[2022-10-03 17:11:41,575] {spark_submit.py:485} INFO - at org.apache.spark.util.Utils$.doFetchFile(Utils.scala:820)
[2022-10-03 17:11:41,575] {spark_submit.py:485} INFO - at org.apache.spark.util.DependencyUtils$.downloadFile(DependencyUtils.scala:264)
[2022-10-03 17:11:41,575] {spark_submit.py:485} INFO - at org.apache.spark.deploy.SparkSubmit.$anonfun$prepareSubmitEnvironment$8(SparkSubmit.scala:376)
[2022-10-03 17:11:41,575] {spark_submit.py:485} INFO - at scala.Option.map(Option.scala:230)
[2022-10-03 17:11:41,576] {spark_submit.py:485} INFO - at org.apache.spark.deploy.SparkSubmit.prepareSubmitEnvironment(SparkSubmit.scala:376)
[2022-10-03 17:11:41,576] {spark_submit.py:485} INFO - at org.apache.spark.deploy.SparkSubmit.org$apache$spark$deploy$SparkSubmit$$runMain(SparkSubmit.scala:901)
[2022-10-03 17:11:41,576] {spark_submit.py:485} INFO - at org.apache.spark.deploy.SparkSubmit.doRunMain$1(SparkSubmit.scala:180)
[2022-10-03 17:11:41,576] {spark_submit.py:485} INFO - at org.apache.spark.deploy.SparkSubmit.submit(SparkSubmit.scala:203)
[2022-10-03 17:11:41,576] {spark_submit.py:485} INFO - at org.apache.spark.deploy.SparkSubmit.doSubmit(SparkSubmit.scala:90)
[2022-10-03 17:11:41,576] {spark_submit.py:485} INFO - at org.apache.spark.deploy.SparkSubmit$$anon$2.doSubmit(SparkSubmit.scala:1046)
[2022-10-03 17:11:41,576] {spark_submit.py:485} INFO - at org.apache.spark.deploy.SparkSubmit$.main(SparkSubmit.scala:1055)
[2022-10-03 17:11:41,576] {spark_submit.py:485} INFO - at org.apache.spark.deploy.SparkSubmit.main(SparkSubmit.scala)
[2022-10-03 17:11:41,576] {spark_submit.py:485} INFO - 22/10/03 17:11:41 WARN DFSClient: No live nodes contain block BP-1115351834-172.31.0.3-1664436657326:blk_1073742076_1258 after checking nodes = [DatanodeInfoWithStorage[172.31.0.7:9866,DS-18d9ce5a-92a9-4366-b40f-412ab56a1377,DISK]], ignoredNodes = null
[2022-10-03 17:11:41,576] {spark_submit.py:485} INFO - 22/10/03 17:11:41 WARN DFSClient: DFS chooseDataNode: got # 1 IOException, will wait for 1744.5443277428883 msec.
[2022-10-03 17:12:43,453] {spark_submit.py:485} INFO - 22/10/03 17:12:43 WARN BlockReaderFactory: I/O error constructing remote block reader.
[2022-10-03 17:12:43,454] {spark_submit.py:485} INFO - org.apache.hadoop.net.ConnectTimeoutException: 60000 millis timeout while waiting for channel to be ready for connect. ch : java.nio.channels.SocketChannel[connection-pending remote=/172.31.0.7:9866]
[2022-10-03 17:12:43,454] {spark_submit.py:485} INFO - at org.apache.hadoop.net.NetUtils.connect(NetUtils.java:589)
[2022-10-03 17:12:43,454] {spark_submit.py:485} INFO - at org.apache.hadoop.hdfs.DFSClient.newConnectedPeer(DFSClient.java:3033)
[2022-10-03 17:12:43,454] {spark_submit.py:485} INFO - at org.apache.hadoop.hdfs.client.impl.BlockReaderFactory.nextTcpPeer(BlockReaderFactory.java:829)
[2022-10-03 17:12:43,454] {spark_submit.py:485} INFO - at org.apache.hadoop.hdfs.client.impl.BlockReaderFactory.getRemoteBlockReaderFromTcp(BlockReaderFactory.java:754)
[2022-10-03 17:12:43,454] {spark_submit.py:485} INFO - at org.apache.hadoop.hdfs.client.impl.BlockReaderFactory.build(BlockReaderFactory.java:381)
[2022-10-03 17:12:43,454] {spark_submit.py:485} INFO - at org.apache.hadoop.hdfs.DFSInputStream.getBlockReader(DFSInputStream.java:755)
[2022-10-03 17:12:43,454] {spark_submit.py:485} INFO - at org.apache.hadoop.hdfs.DFSInputStream.blockSeekTo(DFSInputStream.java:685)
[2022-10-03 17:12:43,454] {spark_submit.py:485} INFO - at org.apache.hadoop.hdfs.DFSInputStream.readWithStrategy(DFSInputStream.java:884)
[2022-10-03 17:12:43,454] {spark_submit.py:485} INFO - at org.apache.hadoop.hdfs.DFSInputStream.read(DFSInputStream.java:957)
[2022-10-03 17:12:43,454] {spark_submit.py:485} INFO - at java.io.DataInputStream.read(DataInputStream.java:100)
[2022-10-03 17:12:43,454] {spark_submit.py:485} INFO - at org.apache.spark.util.Utils$.$anonfun$copyStream$1(Utils.scala:371)
[2022-10-03 17:12:43,454] {spark_submit.py:485} INFO - at scala.runtime.java8.JFunction0$mcJ$sp.apply(JFunction0$mcJ$sp.java:23)
[2022-10-03 17:12:43,454] {spark_submit.py:485} INFO - at org.apache.spark.util.Utils$.tryWithSafeFinally(Utils.scala:1504)
[2022-10-03 17:12:43,454] {spark_submit.py:485} INFO - at org.apache.spark.util.Utils$.copyStream(Utils.scala:380)
[2022-10-03 17:12:43,454] {spark_submit.py:485} INFO - at org.apache.spark.util.Utils$.downloadFile(Utils.scala:672)
[2022-10-03 17:12:43,454] {spark_submit.py:485} INFO - at org.apache.spark.util.Utils$.fetchHcfsFile(Utils.scala:846)
[2022-10-03 17:12:43,454] {spark_submit.py:485} INFO - at org.apache.spark.util.Utils$.doFetchFile(Utils.scala:820)
[2022-10-03 17:12:43,454] {spark_submit.py:485} INFO - at org.apache.spark.util.DependencyUtils$.downloadFile(DependencyUtils.scala:264)
[2022-10-03 17:12:43,454] {spark_submit.py:485} INFO - at org.apache.spark.deploy.SparkSubmit.$anonfun$prepareSubmitEnvironment$8(SparkSubmit.scala:376)
[2022-10-03 17:12:43,454] {spark_submit.py:485} INFO - at scala.Option.map(Option.scala:230)
[2022-10-03 17:12:43,455] {spark_submit.py:485} INFO - at org.apache.spark.deploy.SparkSubmit.prepareSubmitEnvironment(SparkSubmit.scala:376)
[2022-10-03 17:12:43,455] {spark_submit.py:485} INFO - at org.apache.spark.deploy.SparkSubmit.org$apache$spark$deploy$SparkSubmit$$runMain(SparkSubmit.scala:901)
[2022-10-03 17:12:43,455] {spark_submit.py:485} INFO - at org.apache.spark.deploy.SparkSubmit.doRunMain$1(SparkSubmit.scala:180)
[2022-10-03 17:12:43,455] {spark_submit.py:485} INFO - at org.apache.spark.deploy.SparkSubmit.submit(SparkSubmit.scala:203)
[2022-10-03 17:12:43,455] {spark_submit.py:485} INFO - at org.apache.spark.deploy.SparkSubmit.doSubmit(SparkSubmit.scala:90)
[2022-10-03 17:12:43,455] {spark_submit.py:485} INFO - at org.apache.spark.deploy.SparkSubmit$$anon$2.doSubmit(SparkSubmit.scala:1046)
[2022-10-03 17:12:43,455] {spark_submit.py:485} INFO - at org.apache.spark.deploy.SparkSubmit$.main(SparkSubmit.scala:1055)
[2022-10-03 17:12:43,455] {spark_submit.py:485} INFO - at org.apache.spark.deploy.SparkSubmit.main(SparkSubmit.scala)
[2022-10-03 17:12:43,455] {spark_submit.py:485} INFO - 22/10/03 17:12:43 WARN DFSClient: Failed to connect to /172.31.0.7:9866 for file /jars/setl_2.12-1.0.0-SNAPSHOT.jar for block BP-1115351834-172.31.0.3-1664436657326:blk_1073742076_1258, add to deadNodes and continue.
[2022-10-03 17:12:43,455] {spark_submit.py:485} INFO - org.apache.hadoop.net.ConnectTimeoutException: 60000 millis timeout while waiting for channel to be ready for connect. ch : java.nio.channels.SocketChannel[connection-pending remote=/172.31.0.7:9866]
[2022-10-03 17:12:43,455] {spark_submit.py:485} INFO - at org.apache.hadoop.net.NetUtils.connect(NetUtils.java:589)
[2022-10-03 17:12:43,455] {spark_submit.py:485} INFO - at org.apache.hadoop.hdfs.DFSClient.newConnectedPeer(DFSClient.java:3033)
[2022-10-03 17:12:43,455] {spark_submit.py:485} INFO - at org.apache.hadoop.hdfs.client.impl.BlockReaderFactory.nextTcpPeer(BlockReaderFactory.java:829)
[2022-10-03 17:12:43,455] {spark_submit.py:485} INFO - at org.apache.hadoop.hdfs.client.impl.BlockReaderFactory.getRemoteBlockReaderFromTcp(BlockReaderFactory.java:754)
[2022-10-03 17:12:43,455] {spark_submit.py:485} INFO - at org.apache.hadoop.hdfs.client.impl.BlockReaderFactory.build(BlockReaderFactory.java:381)
[2022-10-03 17:12:43,455] {spark_submit.py:485} INFO - at org.apache.hadoop.hdfs.DFSInputStream.getBlockReader(DFSInputStream.java:755)
[2022-10-03 17:12:43,455] {spark_submit.py:485} INFO - at org.apache.hadoop.hdfs.DFSInputStream.blockSeekTo(DFSInputStream.java:685)
[2022-10-03 17:12:43,455] {spark_submit.py:485} INFO - at org.apache.hadoop.hdfs.DFSInputStream.readWithStrategy(DFSInputStream.java:884)
[2022-10-03 17:12:43,455] {spark_submit.py:485} INFO - at org.apache.hadoop.hdfs.DFSInputStream.read(DFSInputStream.java:957)
[2022-10-03 17:12:43,455] {spark_submit.py:485} INFO - at java.io.DataInputStream.read(DataInputStream.java:100)
[2022-10-03 17:12:43,455] {spark_submit.py:485} INFO - at org.apache.spark.util.Utils$.$anonfun$copyStream$1(Utils.scala:371)
[2022-10-03 17:12:43,455] {spark_submit.py:485} INFO - at scala.runtime.java8.JFunction0$mcJ$sp.apply(JFunction0$mcJ$sp.java:23)
[2022-10-03 17:12:43,455] {spark_submit.py:485} INFO - at org.apache.spark.util.Utils$.tryWithSafeFinally(Utils.scala:1504)
[2022-10-03 17:12:43,456] {spark_submit.py:485} INFO - at org.apache.spark.util.Utils$.copyStream(Utils.scala:380)
[2022-10-03 17:12:43,456] {spark_submit.py:485} INFO - at org.apache.spark.util.Utils$.downloadFile(Utils.scala:672)
[2022-10-03 17:12:43,456] {spark_submit.py:485} INFO - at org.apache.spark.util.Utils$.fetchHcfsFile(Utils.scala:846)
[2022-10-03 17:12:43,456] {spark_submit.py:485} INFO - at org.apache.spark.util.Utils$.doFetchFile(Utils.scala:820)
[2022-10-03 17:12:43,456] {spark_submit.py:485} INFO - at org.apache.spark.util.DependencyUtils$.downloadFile(DependencyUtils.scala:264)
[2022-10-03 17:12:43,456] {spark_submit.py:485} INFO - at org.apache.spark.deploy.SparkSubmit.$anonfun$prepareSubmitEnvironment$8(SparkSubmit.scala:376)
[2022-10-03 17:12:43,456] {spark_submit.py:485} INFO - at scala.Option.map(Option.scala:230)
[2022-10-03 17:12:43,456] {spark_submit.py:485} INFO - at org.apache.spark.deploy.SparkSubmit.prepareSubmitEnvironment(SparkSubmit.scala:376)
[2022-10-03 17:12:43,456] {spark_submit.py:485} INFO - at org.apache.spark.deploy.SparkSubmit.org$apache$spark$deploy$SparkSubmit$$runMain(SparkSubmit.scala:901)
[2022-10-03 17:12:43,456] {spark_submit.py:485} INFO - at org.apache.spark.deploy.SparkSubmit.doRunMain$1(SparkSubmit.scala:180)
[2022-10-03 17:12:43,456] {spark_submit.py:485} INFO - at org.apache.spark.deploy.SparkSubmit.submit(SparkSubmit.scala:203)
[2022-10-03 17:12:43,456] {spark_submit.py:485} INFO - at org.apache.spark.deploy.SparkSubmit.doSubmit(SparkSubmit.scala:90)
[2022-10-03 17:12:43,456] {spark_submit.py:485} INFO - at org.apache.spark.deploy.SparkSubmit$$anon$2.doSubmit(SparkSubmit.scala:1046)
[2022-10-03 17:12:43,456] {spark_submit.py:485} INFO - at org.apache.spark.deploy.SparkSubmit$.main(SparkSubmit.scala:1055)
[2022-10-03 17:12:43,456] {spark_submit.py:485} INFO - at org.apache.spark.deploy.SparkSubmit.main(SparkSubmit.scala)
[2022-10-03 17:12:43,456] {spark_submit.py:485} INFO - 22/10/03 17:12:43 WARN DFSClient: No live nodes contain block BP-1115351834-172.31.0.3-1664436657326:blk_1073742076_1258 after checking nodes = [DatanodeInfoWithStorage[172.31.0.7:9866,DS-18d9ce5a-92a9-4366-b40f-412ab56a1377,DISK]], ignoredNodes = null
[2022-10-03 17:12:43,456] {spark_submit.py:485} INFO - 22/10/03 17:12:43 WARN DFSClient: DFS chooseDataNode: got # 2 IOException, will wait for 4511.293992428427 msec.
[2022-10-03 17:13:48,124] {spark_submit.py:485} INFO - 22/10/03 17:13:48 WARN BlockReaderFactory: I/O error constructing remote block reader.
[2022-10-03 17:13:48,124] {spark_submit.py:485} INFO - org.apache.hadoop.net.ConnectTimeoutException: 60000 millis timeout while waiting for channel to be ready for connect. ch : java.nio.channels.SocketChannel[connection-pending remote=/172.31.0.7:9866]
[2022-10-03 17:13:48,125] {spark_submit.py:485} INFO - at org.apache.hadoop.net.NetUtils.connect(NetUtils.java:589)
[2022-10-03 17:13:48,125] {spark_submit.py:485} INFO - at org.apache.hadoop.hdfs.DFSClient.newConnectedPeer(DFSClient.java:3033)
[2022-10-03 17:13:48,125] {spark_submit.py:485} INFO - at org.apache.hadoop.hdfs.client.impl.BlockReaderFactory.nextTcpPeer(BlockReaderFactory.java:829)
[2022-10-03 17:13:48,125] {spark_submit.py:485} INFO - at org.apache.hadoop.hdfs.client.impl.BlockReaderFactory.getRemoteBlockReaderFromTcp(BlockReaderFactory.java:754)
[2022-10-03 17:13:48,125] {spark_submit.py:485} INFO - at org.apache.hadoop.hdfs.client.impl.BlockReaderFactory.build(BlockReaderFactory.java:381)
[2022-10-03 17:13:48,125] {spark_submit.py:485} INFO - at org.apache.hadoop.hdfs.DFSInputStream.getBlockReader(DFSInputStream.java:755)
[2022-10-03 17:13:48,125] {spark_submit.py:485} INFO - at org.apache.hadoop.hdfs.DFSInputStream.blockSeekTo(DFSInputStream.java:685)
[2022-10-03 17:13:48,125] {spark_submit.py:485} INFO - at org.apache.hadoop.hdfs.DFSInputStream.readWithStrategy(DFSInputStream.java:884)
[2022-10-03 17:13:48,125] {spark_submit.py:485} INFO - at org.apache.hadoop.hdfs.DFSInputStream.read(DFSInputStream.java:957)
[2022-10-03 17:13:48,125] {spark_submit.py:485} INFO - at java.io.DataInputStream.read(DataInputStream.java:100)
[2022-10-03 17:13:48,125] {spark_submit.py:485} INFO - at org.apache.spark.util.Utils$.$anonfun$copyStream$1(Utils.scala:371)
[2022-10-03 17:13:48,125] {spark_submit.py:485} INFO - at scala.runtime.java8.JFunction0$mcJ$sp.apply(JFunction0$mcJ$sp.java:23)
[2022-10-03 17:13:48,125] {spark_submit.py:485} INFO - at org.apache.spark.util.Utils$.tryWithSafeFinally(Utils.scala:1504)
[2022-10-03 17:13:48,125] {spark_submit.py:485} INFO - at org.apache.spark.util.Utils$.copyStream(Utils.scala:380)
[2022-10-03 17:13:48,125] {spark_submit.py:485} INFO - at org.apache.spark.util.Utils$.downloadFile(Utils.scala:672)
[2022-10-03 17:13:48,125] {spark_submit.py:485} INFO - at org.apache.spark.util.Utils$.fetchHcfsFile(Utils.scala:846)
[2022-10-03 17:13:48,125] {spark_submit.py:485} INFO - at org.apache.spark.util.Utils$.doFetchFile(Utils.scala:820)
[2022-10-03 17:13:48,125] {spark_submit.py:485} INFO - at org.apache.spark.util.DependencyUtils$.downloadFile(DependencyUtils.scala:264)
[2022-10-03 17:13:48,125] {spark_submit.py:485} INFO - at org.apache.spark.deploy.SparkSubmit.$anonfun$prepareSubmitEnvironment$8(SparkSubmit.scala:376)
[2022-10-03 17:13:48,125] {spark_submit.py:485} INFO - at scala.Option.map(Option.scala:230)
[2022-10-03 17:13:48,125] {spark_submit.py:485} INFO - at org.apache.spark.deploy.SparkSubmit.prepareSubmitEnvironment(SparkSubmit.scala:376)
[2022-10-03 17:13:48,125] {spark_submit.py:485} INFO - at org.apache.spark.deploy.SparkSubmit.org$apache$spark$deploy$SparkSubmit$$runMain(SparkSubmit.scala:901)
[2022-10-03 17:13:48,125] {spark_submit.py:485} INFO - at org.apache.spark.deploy.SparkSubmit.doRunMain$1(SparkSubmit.scala:180)
[2022-10-03 17:13:48,125] {spark_submit.py:485} INFO - at org.apache.spark.deploy.SparkSubmit.submit(SparkSubmit.scala:203)
[2022-10-03 17:13:48,125] {spark_submit.py:485} INFO - at org.apache.spark.deploy.SparkSubmit.doSubmit(SparkSubmit.scala:90)
[2022-10-03 17:13:48,125] {spark_submit.py:485} INFO - at org.apache.spark.deploy.SparkSubmit$$anon$2.doSubmit(SparkSubmit.scala:1046)
[2022-10-03 17:13:48,125] {spark_submit.py:485} INFO - at org.apache.spark.deploy.SparkSubmit$.main(SparkSubmit.scala:1055)
[2022-10-03 17:13:48,125] {spark_submit.py:485} INFO - at org.apache.spark.deploy.SparkSubmit.main(SparkSubmit.scala)
[2022-10-03 17:13:48,125] {spark_submit.py:485} INFO - 22/10/03 17:13:48 WARN DFSClient: Failed to connect to /172.31.0.7:9866 for file /jars/setl_2.12-1.0.0-SNAPSHOT.jar for block BP-1115351834-172.31.0.3-1664436657326:blk_1073742076_1258, add to deadNodes and continue.
[2022-10-03 17:13:48,125] {spark_submit.py:485} INFO - org.apache.hadoop.net.ConnectTimeoutException: 60000 millis timeout while waiting for channel to be ready for connect. ch : java.nio.channels.SocketChannel[connection-pending remote=/172.31.0.7:9866]
[2022-10-03 17:13:48,125] {spark_submit.py:485} INFO - at org.apache.hadoop.net.NetUtils.connect(NetUtils.java:589)
[2022-10-03 17:13:48,125] {spark_submit.py:485} INFO - at org.apache.hadoop.hdfs.DFSClient.newConnectedPeer(DFSClient.java:3033)
[2022-10-03 17:13:48,126] {spark_submit.py:485} INFO - at org.apache.hadoop.hdfs.client.impl.BlockReaderFactory.nextTcpPeer(BlockReaderFactory.java:829)
[2022-10-03 17:13:48,126] {spark_submit.py:485} INFO - at org.apache.hadoop.hdfs.client.impl.BlockReaderFactory.getRemoteBlockReaderFromTcp(BlockReaderFactory.java:754)
[2022-10-03 17:13:48,126] {spark_submit.py:485} INFO - at org.apache.hadoop.hdfs.client.impl.BlockReaderFactory.build(BlockReaderFactory.java:381)
[2022-10-03 17:13:48,126] {spark_submit.py:485} INFO - at org.apache.hadoop.hdfs.DFSInputStream.getBlockReader(DFSInputStream.java:755)
[2022-10-03 17:13:48,126] {spark_submit.py:485} INFO - at org.apache.hadoop.hdfs.DFSInputStream.blockSeekTo(DFSInputStream.java:685)
[2022-10-03 17:13:48,126] {spark_submit.py:485} INFO - at org.apache.hadoop.hdfs.DFSInputStream.readWithStrategy(DFSInputStream.java:884)
[2022-10-03 17:13:48,126] {spark_submit.py:485} INFO - at org.apache.hadoop.hdfs.DFSInputStream.read(DFSInputStream.java:957)
[2022-10-03 17:13:48,126] {spark_submit.py:485} INFO - at java.io.DataInputStream.read(DataInputStream.java:100)
[2022-10-03 17:13:48,126] {spark_submit.py:485} INFO - at org.apache.spark.util.Utils$.$anonfun$copyStream$1(Utils.scala:371)
[2022-10-03 17:13:48,126] {spark_submit.py:485} INFO - at scala.runtime.java8.JFunction0$mcJ$sp.apply(JFunction0$mcJ$sp.java:23)
[2022-10-03 17:13:48,126] {spark_submit.py:485} INFO - at org.apache.spark.util.Utils$.tryWithSafeFinally(Utils.scala:1504)
[2022-10-03 17:13:48,126] {spark_submit.py:485} INFO - at org.apache.spark.util.Utils$.copyStream(Utils.scala:380)
[2022-10-03 17:13:48,126] {spark_submit.py:485} INFO - at org.apache.spark.util.Utils$.downloadFile(Utils.scala:672)
[2022-10-03 17:13:48,126] {spark_submit.py:485} INFO - at org.apache.spark.util.Utils$.fetchHcfsFile(Utils.scala:846)
[2022-10-03 17:13:48,126] {spark_submit.py:485} INFO - at org.apache.spark.util.Utils$.doFetchFile(Utils.scala:820)
[2022-10-03 17:13:48,126] {spark_submit.py:485} INFO - at org.apache.spark.util.DependencyUtils$.downloadFile(DependencyUtils.scala:264)
[2022-10-03 17:13:48,126] {spark_submit.py:485} INFO - at org.apache.spark.deploy.SparkSubmit.$anonfun$prepareSubmitEnvironment$8(SparkSubmit.scala:376)
[2022-10-03 17:13:48,126] {spark_submit.py:485} INFO - at scala.Option.map(Option.scala:230)
[2022-10-03 17:13:48,126] {spark_submit.py:485} INFO - at org.apache.spark.deploy.SparkSubmit.prepareSubmitEnvironment(SparkSubmit.scala:376)
[2022-10-03 17:13:48,126] {spark_submit.py:485} INFO - at org.apache.spark.deploy.SparkSubmit.org$apache$spark$deploy$SparkSubmit$$runMain(SparkSubmit.scala:901)
[2022-10-03 17:13:48,126] {spark_submit.py:485} INFO - at org.apache.spark.deploy.SparkSubmit.doRunMain$1(SparkSubmit.scala:180)
[2022-10-03 17:13:48,126] {spark_submit.py:485} INFO - at org.apache.spark.deploy.SparkSubmit.submit(SparkSubmit.scala:203)
[2022-10-03 17:13:48,126] {spark_submit.py:485} INFO - at org.apache.spark.deploy.SparkSubmit.doSubmit(SparkSubmit.scala:90)
[2022-10-03 17:13:48,126] {spark_submit.py:485} INFO - at org.apache.spark.deploy.SparkSubmit$$anon$2.doSubmit(SparkSubmit.scala:1046)
[2022-10-03 17:13:48,126] {spark_submit.py:485} INFO - at org.apache.spark.deploy.SparkSubmit$.main(SparkSubmit.scala:1055)
[2022-10-03 17:13:48,126] {spark_submit.py:485} INFO - at org.apache.spark.deploy.SparkSubmit.main(SparkSubmit.scala)
[2022-10-03 17:13:48,126] {spark_submit.py:485} INFO - 22/10/03 17:13:48 WARN DFSClient: No live nodes contain block BP-1115351834-172.31.0.3-1664436657326:blk_1073742076_1258 after checking nodes = [DatanodeInfoWithStorage[172.31.0.7:9866,DS-18d9ce5a-92a9-4366-b40f-412ab56a1377,DISK]], ignoredNodes = null
[2022-10-03 17:13:48,126] {spark_submit.py:485} INFO - 22/10/03 17:13:48 WARN DFSClient: DFS chooseDataNode: got # 3 IOException, will wait for 8598.612440665343 msec.
[2022-10-03 17:14:56,892] {spark_submit.py:485} INFO - 22/10/03 17:14:56 WARN BlockReaderFactory: I/O error constructing remote block reader.
[2022-10-03 17:14:56,893] {spark_submit.py:485} INFO - org.apache.hadoop.net.ConnectTimeoutException: 60000 millis timeout while waiting for channel to be ready for connect. ch : java.nio.channels.SocketChannel[connection-pending remote=/172.31.0.7:9866]
[2022-10-03 17:14:56,893] {spark_submit.py:485} INFO - at org.apache.hadoop.net.NetUtils.connect(NetUtils.java:589)
[2022-10-03 17:14:56,893] {spark_submit.py:485} INFO - at org.apache.hadoop.hdfs.DFSClient.newConnectedPeer(DFSClient.java:3033)
[2022-10-03 17:14:56,893] {spark_submit.py:485} INFO - at org.apache.hadoop.hdfs.client.impl.BlockReaderFactory.nextTcpPeer(BlockReaderFactory.java:829)
[2022-10-03 17:14:56,893] {spark_submit.py:485} INFO - at org.apache.hadoop.hdfs.client.impl.BlockReaderFactory.getRemoteBlockReaderFromTcp(BlockReaderFactory.java:754)
[2022-10-03 17:14:56,893] {spark_submit.py:485} INFO - at org.apache.hadoop.hdfs.client.impl.BlockReaderFactory.build(BlockReaderFactory.java:381)
[2022-10-03 17:14:56,893] {spark_submit.py:485} INFO - at org.apache.hadoop.hdfs.DFSInputStream.getBlockReader(DFSInputStream.java:755)
[2022-10-03 17:14:56,893] {spark_submit.py:485} INFO - at org.apache.hadoop.hdfs.DFSInputStream.blockSeekTo(DFSInputStream.java:685)
[2022-10-03 17:14:56,893] {spark_submit.py:485} INFO - at org.apache.hadoop.hdfs.DFSInputStream.readWithStrategy(DFSInputStream.java:884)
[2022-10-03 17:14:56,894] {spark_submit.py:485} INFO - at org.apache.hadoop.hdfs.DFSInputStream.read(DFSInputStream.java:957)
[2022-10-03 17:14:56,894] {spark_submit.py:485} INFO - at java.io.DataInputStream.read(DataInputStream.java:100)
[2022-10-03 17:14:56,894] {spark_submit.py:485} INFO - at org.apache.spark.util.Utils$.$anonfun$copyStream$1(Utils.scala:371)
[2022-10-03 17:14:56,894] {spark_submit.py:485} INFO - at scala.runtime.java8.JFunction0$mcJ$sp.apply(JFunction0$mcJ$sp.java:23)
[2022-10-03 17:14:56,894] {spark_submit.py:485} INFO - at org.apache.spark.util.Utils$.tryWithSafeFinally(Utils.scala:1504)
[2022-10-03 17:14:56,894] {spark_submit.py:485} INFO - at org.apache.spark.util.Utils$.copyStream(Utils.scala:380)
[2022-10-03 17:14:56,894] {spark_submit.py:485} INFO - at org.apache.spark.util.Utils$.downloadFile(Utils.scala:672)
[2022-10-03 17:14:56,894] {spark_submit.py:485} INFO - at org.apache.spark.util.Utils$.fetchHcfsFile(Utils.scala:846)
[2022-10-03 17:14:56,894] {spark_submit.py:485} INFO - at org.apache.spark.util.Utils$.doFetchFile(Utils.scala:820)
[2022-10-03 17:14:56,894] {spark_submit.py:485} INFO - at org.apache.spark.util.DependencyUtils$.downloadFile(DependencyUtils.scala:264)
[2022-10-03 17:14:56,895] {spark_submit.py:485} INFO - at org.apache.spark.deploy.SparkSubmit.$anonfun$prepareSubmitEnvironment$8(SparkSubmit.scala:376)
[2022-10-03 17:14:56,895] {spark_submit.py:485} INFO - at scala.Option.map(Option.scala:230)
[2022-10-03 17:14:56,895] {spark_submit.py:485} INFO - at org.apache.spark.deploy.SparkSubmit.prepareSubmitEnvironment(SparkSubmit.scala:376)
[2022-10-03 17:14:56,896] {spark_submit.py:485} INFO - at org.apache.spark.deploy.SparkSubmit.org$apache$spark$deploy$SparkSubmit$$runMain(SparkSubmit.scala:901)
[2022-10-03 17:14:56,896] {spark_submit.py:485} INFO - at org.apache.spark.deploy.SparkSubmit.doRunMain$1(SparkSubmit.scala:180)
[2022-10-03 17:14:56,896] {spark_submit.py:485} INFO - at org.apache.spark.deploy.SparkSubmit.submit(SparkSubmit.scala:203)
[2022-10-03 17:14:56,896] {spark_submit.py:485} INFO - at org.apache.spark.deploy.SparkSubmit.doSubmit(SparkSubmit.scala:90)
[2022-10-03 17:14:56,896] {spark_submit.py:485} INFO - at org.apache.spark.deploy.SparkSubmit$$anon$2.doSubmit(SparkSubmit.scala:1046)
[2022-10-03 17:14:56,896] {spark_submit.py:485} INFO - at org.apache.spark.deploy.SparkSubmit$.main(SparkSubmit.scala:1055)
[2022-10-03 17:14:56,896] {spark_submit.py:485} INFO - at org.apache.spark.deploy.SparkSubmit.main(SparkSubmit.scala)
[2022-10-03 17:14:56,896] {spark_submit.py:485} INFO - 22/10/03 17:14:56 WARN DFSClient: Failed to connect to /172.31.0.7:9866 for file /jars/setl_2.12-1.0.0-SNAPSHOT.jar for block BP-1115351834-172.31.0.3-1664436657326:blk_1073742076_1258, add to deadNodes and continue.
[2022-10-03 17:14:56,896] {spark_submit.py:485} INFO - org.apache.hadoop.net.ConnectTimeoutException: 60000 millis timeout while waiting for channel to be ready for connect. ch : java.nio.channels.SocketChannel[connection-pending remote=/172.31.0.7:9866]
[2022-10-03 17:14:56,897] {spark_submit.py:485} INFO - at org.apache.hadoop.net.NetUtils.connect(NetUtils.java:589)
[2022-10-03 17:14:56,897] {spark_submit.py:485} INFO - at org.apache.hadoop.hdfs.DFSClient.newConnectedPeer(DFSClient.java:3033)
[2022-10-03 17:14:56,897] {spark_submit.py:485} INFO - at org.apache.hadoop.hdfs.client.impl.BlockReaderFactory.nextTcpPeer(BlockReaderFactory.java:829)
[2022-10-03 17:14:56,897] {spark_submit.py:485} INFO - at org.apache.hadoop.hdfs.client.impl.BlockReaderFactory.getRemoteBlockReaderFromTcp(BlockReaderFactory.java:754)
[2022-10-03 17:14:56,897] {spark_submit.py:485} INFO - at org.apache.hadoop.hdfs.client.impl.BlockReaderFactory.build(BlockReaderFactory.java:381)
[2022-10-03 17:14:56,897] {spark_submit.py:485} INFO - at org.apache.hadoop.hdfs.DFSInputStream.getBlockReader(DFSInputStream.java:755)
[2022-10-03 17:14:56,897] {spark_submit.py:485} INFO - at org.apache.hadoop.hdfs.DFSInputStream.blockSeekTo(DFSInputStream.java:685)
[2022-10-03 17:14:56,897] {spark_submit.py:485} INFO - at org.apache.hadoop.hdfs.DFSInputStream.readWithStrategy(DFSInputStream.java:884)
[2022-10-03 17:14:56,897] {spark_submit.py:485} INFO - at org.apache.hadoop.hdfs.DFSInputStream.read(DFSInputStream.java:957)
[2022-10-03 17:14:56,898] {spark_submit.py:485} INFO - at java.io.DataInputStream.read(DataInputStream.java:100)
[2022-10-03 17:14:56,898] {spark_submit.py:485} INFO - at org.apache.spark.util.Utils$.$anonfun$copyStream$1(Utils.scala:371)
[2022-10-03 17:14:56,898] {spark_submit.py:485} INFO - at scala.runtime.java8.JFunction0$mcJ$sp.apply(JFunction0$mcJ$sp.java:23)
[2022-10-03 17:14:56,898] {spark_submit.py:485} INFO - at org.apache.spark.util.Utils$.tryWithSafeFinally(Utils.scala:1504)
[2022-10-03 17:14:56,898] {spark_submit.py:485} INFO - at org.apache.spark.util.Utils$.copyStream(Utils.scala:380)
[2022-10-03 17:14:56,898] {spark_submit.py:485} INFO - at org.apache.spark.util.Utils$.downloadFile(Utils.scala:672)
[2022-10-03 17:14:56,898] {spark_submit.py:485} INFO - at org.apache.spark.util.Utils$.fetchHcfsFile(Utils.scala:846)
[2022-10-03 17:14:56,898] {spark_submit.py:485} INFO - at org.apache.spark.util.Utils$.doFetchFile(Utils.scala:820)
[2022-10-03 17:14:56,898] {spark_submit.py:485} INFO - at org.apache.spark.util.DependencyUtils$.downloadFile(DependencyUtils.scala:264)
[2022-10-03 17:14:56,899] {spark_submit.py:485} INFO - at org.apache.spark.deploy.SparkSubmit.$anonfun$prepareSubmitEnvironment$8(SparkSubmit.scala:376)
[2022-10-03 17:14:56,899] {spark_submit.py:485} INFO - at scala.Option.map(Option.scala:230)
[2022-10-03 17:14:56,899] {spark_submit.py:485} INFO - at org.apache.spark.deploy.SparkSubmit.prepareSubmitEnvironment(SparkSubmit.scala:376)
[2022-10-03 17:14:56,899] {spark_submit.py:485} INFO - at org.apache.spark.deploy.SparkSubmit.org$apache$spark$deploy$SparkSubmit$$runMain(SparkSubmit.scala:901)
[2022-10-03 17:14:56,899] {spark_submit.py:485} INFO - at org.apache.spark.deploy.SparkSubmit.doRunMain$1(SparkSubmit.scala:180)
[2022-10-03 17:14:56,899] {spark_submit.py:485} INFO - at org.apache.spark.deploy.SparkSubmit.submit(SparkSubmit.scala:203)
[2022-10-03 17:14:56,899] {spark_submit.py:485} INFO - at org.apache.spark.deploy.SparkSubmit.doSubmit(SparkSubmit.scala:90)
[2022-10-03 17:14:56,899] {spark_submit.py:485} INFO - at org.apache.spark.deploy.SparkSubmit$$anon$2.doSubmit(SparkSubmit.scala:1046)
[2022-10-03 17:14:56,899] {spark_submit.py:485} INFO - at org.apache.spark.deploy.SparkSubmit$.main(SparkSubmit.scala:1055)
[2022-10-03 17:14:56,899] {spark_submit.py:485} INFO - at org.apache.spark.deploy.SparkSubmit.main(SparkSubmit.scala)
[2022-10-03 17:14:56,900] {spark_submit.py:485} INFO - 22/10/03 17:14:56 WARN DFSClient: No live nodes contain block BP-1115351834-172.31.0.3-1664436657326:blk_1073742076_1258 after checking nodes = [DatanodeInfoWithStorage[172.31.0.7:9866,DS-18d9ce5a-92a9-4366-b40f-412ab56a1377,DISK]], ignoredNodes = null
[2022-10-03 17:14:56,900] {spark_submit.py:485} INFO - 22/10/03 17:14:56 WARN DFSClient: Could not obtain block: BP-1115351834-172.31.0.3-1664436657326:blk_1073742076_1258 file=/jars/setl_2.12-1.0.0-SNAPSHOT.jar No live nodes contain current block Block locations: DatanodeInfoWithStorage[172.31.0.7:9866,DS-18d9ce5a-92a9-4366-b40f-412ab56a1377,DISK] Dead nodes:  DatanodeInfoWithStorage[172.31.0.7:9866,DS-18d9ce5a-92a9-4366-b40f-412ab56a1377,DISK]. Throwing a BlockMissingException
[2022-10-03 17:14:56,900] {spark_submit.py:485} INFO - 22/10/03 17:14:56 WARN DFSClient: No live nodes contain block BP-1115351834-172.31.0.3-1664436657326:blk_1073742076_1258 after checking nodes = [DatanodeInfoWithStorage[172.31.0.7:9866,DS-18d9ce5a-92a9-4366-b40f-412ab56a1377,DISK]], ignoredNodes = null
[2022-10-03 17:14:56,900] {spark_submit.py:485} INFO - 22/10/03 17:14:56 WARN DFSClient: Could not obtain block: BP-1115351834-172.31.0.3-1664436657326:blk_1073742076_1258 file=/jars/setl_2.12-1.0.0-SNAPSHOT.jar No live nodes contain current block Block locations: DatanodeInfoWithStorage[172.31.0.7:9866,DS-18d9ce5a-92a9-4366-b40f-412ab56a1377,DISK] Dead nodes:  DatanodeInfoWithStorage[172.31.0.7:9866,DS-18d9ce5a-92a9-4366-b40f-412ab56a1377,DISK]. Throwing a BlockMissingException
[2022-10-03 17:14:56,900] {spark_submit.py:485} INFO - 22/10/03 17:14:56 WARN DFSClient: DFS Read
[2022-10-03 17:14:56,900] {spark_submit.py:485} INFO - org.apache.hadoop.hdfs.BlockMissingException: Could not obtain block: BP-1115351834-172.31.0.3-1664436657326:blk_1073742076_1258 file=/jars/setl_2.12-1.0.0-SNAPSHOT.jar No live nodes contain current block Block locations: DatanodeInfoWithStorage[172.31.0.7:9866,DS-18d9ce5a-92a9-4366-b40f-412ab56a1377,DISK] Dead nodes:  DatanodeInfoWithStorage[172.31.0.7:9866,DS-18d9ce5a-92a9-4366-b40f-412ab56a1377,DISK]
[2022-10-03 17:14:56,900] {spark_submit.py:485} INFO - at org.apache.hadoop.hdfs.DFSInputStream.refetchLocations(DFSInputStream.java:1007)
[2022-10-03 17:14:56,900] {spark_submit.py:485} INFO - at org.apache.hadoop.hdfs.DFSInputStream.chooseDataNode(DFSInputStream.java:990)
[2022-10-03 17:14:56,900] {spark_submit.py:485} INFO - at org.apache.hadoop.hdfs.DFSInputStream.chooseDataNode(DFSInputStream.java:969)
[2022-10-03 17:14:56,900] {spark_submit.py:485} INFO - at org.apache.hadoop.hdfs.DFSInputStream.blockSeekTo(DFSInputStream.java:677)
[2022-10-03 17:14:56,900] {spark_submit.py:485} INFO - at org.apache.hadoop.hdfs.DFSInputStream.readWithStrategy(DFSInputStream.java:884)
[2022-10-03 17:14:56,900] {spark_submit.py:485} INFO - at org.apache.hadoop.hdfs.DFSInputStream.read(DFSInputStream.java:957)
[2022-10-03 17:14:56,901] {spark_submit.py:485} INFO - at java.io.DataInputStream.read(DataInputStream.java:100)
[2022-10-03 17:14:56,901] {spark_submit.py:485} INFO - at org.apache.spark.util.Utils$.$anonfun$copyStream$1(Utils.scala:371)
[2022-10-03 17:14:56,901] {spark_submit.py:485} INFO - at scala.runtime.java8.JFunction0$mcJ$sp.apply(JFunction0$mcJ$sp.java:23)
[2022-10-03 17:14:56,901] {spark_submit.py:485} INFO - at org.apache.spark.util.Utils$.tryWithSafeFinally(Utils.scala:1504)
[2022-10-03 17:14:56,901] {spark_submit.py:485} INFO - at org.apache.spark.util.Utils$.copyStream(Utils.scala:380)
[2022-10-03 17:14:56,901] {spark_submit.py:485} INFO - at org.apache.spark.util.Utils$.downloadFile(Utils.scala:672)
[2022-10-03 17:14:56,901] {spark_submit.py:485} INFO - at org.apache.spark.util.Utils$.fetchHcfsFile(Utils.scala:846)
[2022-10-03 17:14:56,901] {spark_submit.py:485} INFO - at org.apache.spark.util.Utils$.doFetchFile(Utils.scala:820)
[2022-10-03 17:14:56,901] {spark_submit.py:485} INFO - at org.apache.spark.util.DependencyUtils$.downloadFile(DependencyUtils.scala:264)
[2022-10-03 17:14:56,901] {spark_submit.py:485} INFO - at org.apache.spark.deploy.SparkSubmit.$anonfun$prepareSubmitEnvironment$8(SparkSubmit.scala:376)
[2022-10-03 17:14:56,901] {spark_submit.py:485} INFO - at scala.Option.map(Option.scala:230)
[2022-10-03 17:14:56,901] {spark_submit.py:485} INFO - at org.apache.spark.deploy.SparkSubmit.prepareSubmitEnvironment(SparkSubmit.scala:376)
[2022-10-03 17:14:56,901] {spark_submit.py:485} INFO - at org.apache.spark.deploy.SparkSubmit.org$apache$spark$deploy$SparkSubmit$$runMain(SparkSubmit.scala:901)
[2022-10-03 17:14:56,901] {spark_submit.py:485} INFO - at org.apache.spark.deploy.SparkSubmit.doRunMain$1(SparkSubmit.scala:180)
[2022-10-03 17:14:56,901] {spark_submit.py:485} INFO - at org.apache.spark.deploy.SparkSubmit.submit(SparkSubmit.scala:203)
[2022-10-03 17:14:56,901] {spark_submit.py:485} INFO - at org.apache.spark.deploy.SparkSubmit.doSubmit(SparkSubmit.scala:90)
[2022-10-03 17:14:56,902] {spark_submit.py:485} INFO - at org.apache.spark.deploy.SparkSubmit$$anon$2.doSubmit(SparkSubmit.scala:1046)
[2022-10-03 17:14:56,902] {spark_submit.py:485} INFO - at org.apache.spark.deploy.SparkSubmit$.main(SparkSubmit.scala:1055)
[2022-10-03 17:14:56,902] {spark_submit.py:485} INFO - at org.apache.spark.deploy.SparkSubmit.main(SparkSubmit.scala)
[2022-10-03 17:14:56,902] {spark_submit.py:485} INFO - Exception in thread "main" org.apache.hadoop.hdfs.BlockMissingException: Could not obtain block: BP-1115351834-172.31.0.3-1664436657326:blk_1073742076_1258 file=/jars/setl_2.12-1.0.0-SNAPSHOT.jar No live nodes contain current block Block locations: DatanodeInfoWithStorage[172.31.0.7:9866,DS-18d9ce5a-92a9-4366-b40f-412ab56a1377,DISK] Dead nodes:  DatanodeInfoWithStorage[172.31.0.7:9866,DS-18d9ce5a-92a9-4366-b40f-412ab56a1377,DISK]
[2022-10-03 17:14:56,902] {spark_submit.py:485} INFO - at org.apache.hadoop.hdfs.DFSInputStream.refetchLocations(DFSInputStream.java:1007)
[2022-10-03 17:14:56,902] {spark_submit.py:485} INFO - at org.apache.hadoop.hdfs.DFSInputStream.chooseDataNode(DFSInputStream.java:990)
[2022-10-03 17:14:56,903] {spark_submit.py:485} INFO - at org.apache.hadoop.hdfs.DFSInputStream.chooseDataNode(DFSInputStream.java:969)
[2022-10-03 17:14:56,903] {spark_submit.py:485} INFO - at org.apache.hadoop.hdfs.DFSInputStream.blockSeekTo(DFSInputStream.java:677)
[2022-10-03 17:14:56,903] {spark_submit.py:485} INFO - at org.apache.hadoop.hdfs.DFSInputStream.readWithStrategy(DFSInputStream.java:884)
[2022-10-03 17:14:56,903] {spark_submit.py:485} INFO - at org.apache.hadoop.hdfs.DFSInputStream.read(DFSInputStream.java:957)
[2022-10-03 17:14:56,903] {spark_submit.py:485} INFO - at java.io.DataInputStream.read(DataInputStream.java:100)
[2022-10-03 17:14:56,903] {spark_submit.py:485} INFO - at org.apache.spark.util.Utils$.$anonfun$copyStream$1(Utils.scala:371)
[2022-10-03 17:14:56,903] {spark_submit.py:485} INFO - at scala.runtime.java8.JFunction0$mcJ$sp.apply(JFunction0$mcJ$sp.java:23)
[2022-10-03 17:14:56,903] {spark_submit.py:485} INFO - at org.apache.spark.util.Utils$.tryWithSafeFinally(Utils.scala:1504)
[2022-10-03 17:14:56,903] {spark_submit.py:485} INFO - at org.apache.spark.util.Utils$.copyStream(Utils.scala:380)
[2022-10-03 17:14:56,903] {spark_submit.py:485} INFO - at org.apache.spark.util.Utils$.downloadFile(Utils.scala:672)
[2022-10-03 17:14:56,903] {spark_submit.py:485} INFO - at org.apache.spark.util.Utils$.fetchHcfsFile(Utils.scala:846)
[2022-10-03 17:14:56,903] {spark_submit.py:485} INFO - at org.apache.spark.util.Utils$.doFetchFile(Utils.scala:820)
[2022-10-03 17:14:56,903] {spark_submit.py:485} INFO - at org.apache.spark.util.DependencyUtils$.downloadFile(DependencyUtils.scala:264)
[2022-10-03 17:14:56,904] {spark_submit.py:485} INFO - at org.apache.spark.deploy.SparkSubmit.$anonfun$prepareSubmitEnvironment$8(SparkSubmit.scala:376)
[2022-10-03 17:14:56,904] {spark_submit.py:485} INFO - at scala.Option.map(Option.scala:230)
[2022-10-03 17:14:56,904] {spark_submit.py:485} INFO - at org.apache.spark.deploy.SparkSubmit.prepareSubmitEnvironment(SparkSubmit.scala:376)
[2022-10-03 17:14:56,904] {spark_submit.py:485} INFO - at org.apache.spark.deploy.SparkSubmit.org$apache$spark$deploy$SparkSubmit$$runMain(SparkSubmit.scala:901)
[2022-10-03 17:14:56,904] {spark_submit.py:485} INFO - at org.apache.spark.deploy.SparkSubmit.doRunMain$1(SparkSubmit.scala:180)
[2022-10-03 17:14:56,904] {spark_submit.py:485} INFO - at org.apache.spark.deploy.SparkSubmit.submit(SparkSubmit.scala:203)
[2022-10-03 17:14:56,904] {spark_submit.py:485} INFO - at org.apache.spark.deploy.SparkSubmit.doSubmit(SparkSubmit.scala:90)
[2022-10-03 17:14:56,904] {spark_submit.py:485} INFO - at org.apache.spark.deploy.SparkSubmit$$anon$2.doSubmit(SparkSubmit.scala:1046)
[2022-10-03 17:14:56,904] {spark_submit.py:485} INFO - at org.apache.spark.deploy.SparkSubmit$.main(SparkSubmit.scala:1055)
[2022-10-03 17:14:56,904] {spark_submit.py:485} INFO - at org.apache.spark.deploy.SparkSubmit.main(SparkSubmit.scala)
[2022-10-03 17:14:56,957] {taskinstance.py:1700} ERROR - Task failed with exception
Traceback (most recent call last):
  File "/home/airflow/.local/lib/python3.7/site-packages/airflow/models/taskinstance.py", line 1329, in _run_raw_task
    self._execute_task_with_callbacks(context)
  File "/home/airflow/.local/lib/python3.7/site-packages/airflow/models/taskinstance.py", line 1455, in _execute_task_with_callbacks
    result = self._execute_task(context, self.task)
  File "/home/airflow/.local/lib/python3.7/site-packages/airflow/models/taskinstance.py", line 1511, in _execute_task
    result = execute_callable(context=context)
  File "/home/airflow/.local/lib/python3.7/site-packages/airflow/providers/apache/spark/operators/spark_submit.py", line 157, in execute
    self._hook.submit(self._application)
  File "/home/airflow/.local/lib/python3.7/site-packages/airflow/providers/apache/spark/hooks/spark_submit.py", line 417, in submit
    f"Cannot execute: {self._mask_cmd(spark_submit_cmd)}. Error code is: {returncode}."
airflow.exceptions.AirflowException: Cannot execute: spark-submit --master spark://10.0.9.226:7077 --jars hdfs://10.0.9.226:8020/jars/setl_2.12-1.0.0-SNAPSHOT-jar-with-dependencies.jar --class Job_s2t_AddTagVideo hdfs://10.0.9.226:8020/jars/setl_2.12-1.0.0-SNAPSHOT.jar. Error code is: 1.
[2022-10-03 17:14:56,962] {taskinstance.py:1277} INFO - Marking task as FAILED. dag_id=spark-setl3, task_id=spark_job_setl3, execution_date=20221003T170121, start_date=20221003T171038, end_date=20221003T171456
[2022-10-03 17:14:56,971] {standard_task_runner.py:92} ERROR - Failed to execute job 43 for task spark_job_setl3
Traceback (most recent call last):
  File "/home/airflow/.local/lib/python3.7/site-packages/airflow/task/task_runner/standard_task_runner.py", line 85, in _start_by_fork
    args.func(args, dag=self.dag)
  File "/home/airflow/.local/lib/python3.7/site-packages/airflow/cli/cli_parser.py", line 48, in command
    return func(*args, **kwargs)
  File "/home/airflow/.local/lib/python3.7/site-packages/airflow/utils/cli.py", line 92, in wrapper
    return f(*args, **kwargs)
  File "/home/airflow/.local/lib/python3.7/site-packages/airflow/cli/commands/task_command.py", line 298, in task_run
    _run_task_by_selected_method(args, dag, ti)
  File "/home/airflow/.local/lib/python3.7/site-packages/airflow/cli/commands/task_command.py", line 107, in _run_task_by_selected_method
    _run_raw_task(args, ti)
  File "/home/airflow/.local/lib/python3.7/site-packages/airflow/cli/commands/task_command.py", line 184, in _run_raw_task
    error_file=args.error_file,
  File "/home/airflow/.local/lib/python3.7/site-packages/airflow/utils/session.py", line 70, in wrapper
    return func(*args, session=session, **kwargs)
  File "/home/airflow/.local/lib/python3.7/site-packages/airflow/models/taskinstance.py", line 1329, in _run_raw_task
    self._execute_task_with_callbacks(context)
  File "/home/airflow/.local/lib/python3.7/site-packages/airflow/models/taskinstance.py", line 1455, in _execute_task_with_callbacks
    result = self._execute_task(context, self.task)
  File "/home/airflow/.local/lib/python3.7/site-packages/airflow/models/taskinstance.py", line 1511, in _execute_task
    result = execute_callable(context=context)
  File "/home/airflow/.local/lib/python3.7/site-packages/airflow/providers/apache/spark/operators/spark_submit.py", line 157, in execute
    self._hook.submit(self._application)
  File "/home/airflow/.local/lib/python3.7/site-packages/airflow/providers/apache/spark/hooks/spark_submit.py", line 417, in submit
    f"Cannot execute: {self._mask_cmd(spark_submit_cmd)}. Error code is: {returncode}."
airflow.exceptions.AirflowException: Cannot execute: spark-submit --master spark://10.0.9.226:7077 --jars hdfs://10.0.9.226:8020/jars/setl_2.12-1.0.0-SNAPSHOT-jar-with-dependencies.jar --class Job_s2t_AddTagVideo hdfs://10.0.9.226:8020/jars/setl_2.12-1.0.0-SNAPSHOT.jar. Error code is: 1.
[2022-10-03 17:14:57,003] {local_task_job.py:154} INFO - Task exited with return code 1
[2022-10-03 17:14:57,041] {local_task_job.py:264} INFO - 0 downstream tasks scheduled from follow-on schedule check
