[2022-09-29 14:53:36,166] {taskinstance.py:1032} INFO - Dependencies all met for <TaskInstance: spark-setl3.spark_job_setl3 manual__2022-09-29T14:37:11.664958+00:00 [queued]>
[2022-09-29 14:53:36,175] {taskinstance.py:1032} INFO - Dependencies all met for <TaskInstance: spark-setl3.spark_job_setl3 manual__2022-09-29T14:37:11.664958+00:00 [queued]>
[2022-09-29 14:53:36,175] {taskinstance.py:1238} INFO - 
--------------------------------------------------------------------------------
[2022-09-29 14:53:36,175] {taskinstance.py:1239} INFO - Starting attempt 2 of 2
[2022-09-29 14:53:36,175] {taskinstance.py:1240} INFO - 
--------------------------------------------------------------------------------
[2022-09-29 14:53:36,186] {taskinstance.py:1259} INFO - Executing <Task(SparkSubmitOperator): spark_job_setl3> on 2022-09-29 14:37:11.664958+00:00
[2022-09-29 14:53:36,190] {standard_task_runner.py:52} INFO - Started process 7389 to run task
[2022-09-29 14:53:36,192] {standard_task_runner.py:76} INFO - Running: ['***', 'tasks', 'run', 'spark-setl3', 'spark_job_setl3', 'manual__2022-09-29T14:37:11.664958+00:00', '--job-id', '57', '--raw', '--subdir', 'DAGS_FOLDER/spark-setl-scala3.py', '--cfg-path', '/tmp/tmp1g052s7t', '--error-file', '/tmp/tmpi1uej4hm']
[2022-09-29 14:53:36,192] {standard_task_runner.py:77} INFO - Job 57: Subtask spark_job_setl3
[2022-09-29 14:53:36,231] {logging_mixin.py:109} INFO - Running <TaskInstance: spark-setl3.spark_job_setl3 manual__2022-09-29T14:37:11.664958+00:00 [running]> on host 4d693a43fffb
[2022-09-29 14:53:36,281] {taskinstance.py:1426} INFO - Exporting the following env vars:
AIRFLOW_CTX_DAG_EMAIL=***admin@example.com
AIRFLOW_CTX_DAG_OWNER=***
AIRFLOW_CTX_DAG_ID=spark-setl3
AIRFLOW_CTX_TASK_ID=spark_job_setl3
AIRFLOW_CTX_EXECUTION_DATE=2022-09-29T14:37:11.664958+00:00
AIRFLOW_CTX_DAG_RUN_ID=manual__2022-09-29T14:37:11.664958+00:00
[2022-09-29 14:53:36,289] {base.py:79} INFO - Using connection to: id: spark_default. Host: spark://172.31.0.9, Port: 8080, Schema: , Login: ***, Password: ***, extra: {}
[2022-09-29 14:53:36,291] {spark_submit.py:334} INFO - Spark-Submit cmd: spark-submit --master spark://172.31.0.9:8080 --jars hdfs://172.31.0.3:8020/jars/setl_2.12-1.0.0-SNAPSHOT-jar-with-dependencies.jar --class Job_s2t_AddTagVideo hdfs://172.31.0.3:8020/jars/setl_2.12-1.0.0-SNAPSHOT.jar
[2022-09-29 14:53:37,787] {spark_submit.py:485} INFO - 22/09/29 14:53:37 WARN NativeCodeLoader: Unable to load native-hadoop library for your platform... using builtin-java classes where applicable
[2022-09-29 14:54:01,499] {local_task_job.py:212} WARNING - State of this instance has been externally set to failed. Terminating instance.
[2022-09-29 14:54:01,500] {process_utils.py:124} INFO - Sending Signals.SIGTERM to group 7389. PIDs of all processes in the group: [7390, 7389]
[2022-09-29 14:54:01,500] {process_utils.py:75} INFO - Sending the signal Signals.SIGTERM to group 7389
[2022-09-29 14:54:01,500] {taskinstance.py:1408} ERROR - Received SIGTERM. Terminating subprocesses.
[2022-09-29 14:54:01,500] {spark_submit.py:617} INFO - Sending kill signal to spark-submit
[2022-09-29 14:54:01,526] {process_utils.py:70} INFO - Process psutil.Process(pid=7389, status='terminated', exitcode=0, started='14:53:35') (7389) terminated with exit code 0
[2022-09-29 14:54:01,527] {process_utils.py:70} INFO - Process psutil.Process(pid=7390, status='terminated', started='14:53:35') (7390) terminated with exit code None
