[2022-10-03 16:49:28,088] {taskinstance.py:1032} INFO - Dependencies all met for <TaskInstance: spark-setl3.spark_job_setl3 manual__2022-10-03T16:48:24.916897+00:00 [queued]>
[2022-10-03 16:49:28,095] {taskinstance.py:1032} INFO - Dependencies all met for <TaskInstance: spark-setl3.spark_job_setl3 manual__2022-10-03T16:48:24.916897+00:00 [queued]>
[2022-10-03 16:49:28,095] {taskinstance.py:1238} INFO - 
--------------------------------------------------------------------------------
[2022-10-03 16:49:28,095] {taskinstance.py:1239} INFO - Starting attempt 2 of 2
[2022-10-03 16:49:28,095] {taskinstance.py:1240} INFO - 
--------------------------------------------------------------------------------
[2022-10-03 16:49:28,105] {taskinstance.py:1259} INFO - Executing <Task(SparkSubmitOperator): spark_job_setl3> on 2022-10-03 16:48:24.916897+00:00
[2022-10-03 16:49:28,109] {standard_task_runner.py:52} INFO - Started process 585 to run task
[2022-10-03 16:49:28,112] {standard_task_runner.py:76} INFO - Running: ['***', 'tasks', 'run', 'spark-setl3', 'spark_job_setl3', 'manual__2022-10-03T16:48:24.916897+00:00', '--job-id', '5', '--raw', '--subdir', 'DAGS_FOLDER/spark-setl-scala3.py', '--cfg-path', '/tmp/tmphd3h8dzn', '--error-file', '/tmp/tmp52kr5i7e']
[2022-10-03 16:49:28,112] {standard_task_runner.py:77} INFO - Job 5: Subtask spark_job_setl3
[2022-10-03 16:49:28,147] {logging_mixin.py:109} INFO - Running <TaskInstance: spark-setl3.spark_job_setl3 manual__2022-10-03T16:48:24.916897+00:00 [running]> on host 60fd5f6c9c58
[2022-10-03 16:49:28,207] {taskinstance.py:1426} INFO - Exporting the following env vars:
AIRFLOW_CTX_DAG_EMAIL=***admin@example.com
AIRFLOW_CTX_DAG_OWNER=***
AIRFLOW_CTX_DAG_ID=spark-setl3
AIRFLOW_CTX_TASK_ID=spark_job_setl3
AIRFLOW_CTX_EXECUTION_DATE=2022-10-03T16:48:24.916897+00:00
AIRFLOW_CTX_DAG_RUN_ID=manual__2022-10-03T16:48:24.916897+00:00
[2022-10-03 16:49:28,213] {base.py:79} INFO - Using connection to: id: spark_default. Host: spark://10.0.9.226, Port: 7077, Schema: , Login: ***, Password: ***, extra: {}
[2022-10-03 16:49:28,214] {spark_submit.py:334} INFO - Spark-Submit cmd: spark-submit --master spark://10.0.9.226:7077 --jars hdfs://10.0.9.226:8020/jars/setl_2.12-1.0.0-SNAPSHOT-jar-with-dependencies.jar --class Job_s2t_AddTagVideo hdfs://10.0.9.226:8020/jars/setl_2.12-1.0.0-SNAPSHOT.jar
[2022-10-03 16:49:29,670] {spark_submit.py:485} INFO - 22/10/03 16:49:29 WARN NativeCodeLoader: Unable to load native-hadoop library for your platform... using builtin-java classes where applicable
[2022-10-03 16:50:30,479] {spark_submit.py:485} INFO - 22/10/03 16:50:30 WARN BlockReaderFactory: I/O error constructing remote block reader.
[2022-10-03 16:50:30,479] {spark_submit.py:485} INFO - org.apache.hadoop.net.ConnectTimeoutException: 60000 millis timeout while waiting for channel to be ready for connect. ch : java.nio.channels.SocketChannel[connection-pending remote=/172.31.0.7:9866]
[2022-10-03 16:50:30,479] {spark_submit.py:485} INFO - at org.apache.hadoop.net.NetUtils.connect(NetUtils.java:589)
[2022-10-03 16:50:30,479] {spark_submit.py:485} INFO - at org.apache.hadoop.hdfs.DFSClient.newConnectedPeer(DFSClient.java:3033)
[2022-10-03 16:50:30,479] {spark_submit.py:485} INFO - at org.apache.hadoop.hdfs.client.impl.BlockReaderFactory.nextTcpPeer(BlockReaderFactory.java:829)
[2022-10-03 16:50:30,479] {spark_submit.py:485} INFO - at org.apache.hadoop.hdfs.client.impl.BlockReaderFactory.getRemoteBlockReaderFromTcp(BlockReaderFactory.java:754)
[2022-10-03 16:50:30,480] {spark_submit.py:485} INFO - at org.apache.hadoop.hdfs.client.impl.BlockReaderFactory.build(BlockReaderFactory.java:381)
[2022-10-03 16:50:30,480] {spark_submit.py:485} INFO - at org.apache.hadoop.hdfs.DFSInputStream.getBlockReader(DFSInputStream.java:755)
[2022-10-03 16:50:30,480] {spark_submit.py:485} INFO - at org.apache.hadoop.hdfs.DFSInputStream.blockSeekTo(DFSInputStream.java:685)
[2022-10-03 16:50:30,480] {spark_submit.py:485} INFO - at org.apache.hadoop.hdfs.DFSInputStream.readWithStrategy(DFSInputStream.java:884)
[2022-10-03 16:50:30,480] {spark_submit.py:485} INFO - at org.apache.hadoop.hdfs.DFSInputStream.read(DFSInputStream.java:957)
[2022-10-03 16:50:30,480] {spark_submit.py:485} INFO - at java.io.DataInputStream.read(DataInputStream.java:100)
[2022-10-03 16:50:30,480] {spark_submit.py:485} INFO - at org.apache.spark.util.Utils$.$anonfun$copyStream$1(Utils.scala:371)
[2022-10-03 16:50:30,480] {spark_submit.py:485} INFO - at scala.runtime.java8.JFunction0$mcJ$sp.apply(JFunction0$mcJ$sp.java:23)
[2022-10-03 16:50:30,480] {spark_submit.py:485} INFO - at org.apache.spark.util.Utils$.tryWithSafeFinally(Utils.scala:1504)
[2022-10-03 16:50:30,481] {spark_submit.py:485} INFO - at org.apache.spark.util.Utils$.copyStream(Utils.scala:380)
[2022-10-03 16:50:30,481] {spark_submit.py:485} INFO - at org.apache.spark.util.Utils$.downloadFile(Utils.scala:672)
[2022-10-03 16:50:30,481] {spark_submit.py:485} INFO - at org.apache.spark.util.Utils$.fetchHcfsFile(Utils.scala:846)
[2022-10-03 16:50:30,481] {spark_submit.py:485} INFO - at org.apache.spark.util.Utils$.doFetchFile(Utils.scala:820)
[2022-10-03 16:50:30,481] {spark_submit.py:485} INFO - at org.apache.spark.util.DependencyUtils$.downloadFile(DependencyUtils.scala:264)
[2022-10-03 16:50:30,481] {spark_submit.py:485} INFO - at org.apache.spark.deploy.SparkSubmit.$anonfun$prepareSubmitEnvironment$8(SparkSubmit.scala:376)
[2022-10-03 16:50:30,481] {spark_submit.py:485} INFO - at scala.Option.map(Option.scala:230)
[2022-10-03 16:50:30,481] {spark_submit.py:485} INFO - at org.apache.spark.deploy.SparkSubmit.prepareSubmitEnvironment(SparkSubmit.scala:376)
[2022-10-03 16:50:30,481] {spark_submit.py:485} INFO - at org.apache.spark.deploy.SparkSubmit.org$apache$spark$deploy$SparkSubmit$$runMain(SparkSubmit.scala:901)
[2022-10-03 16:50:30,481] {spark_submit.py:485} INFO - at org.apache.spark.deploy.SparkSubmit.doRunMain$1(SparkSubmit.scala:180)
[2022-10-03 16:50:30,481] {spark_submit.py:485} INFO - at org.apache.spark.deploy.SparkSubmit.submit(SparkSubmit.scala:203)
[2022-10-03 16:50:30,481] {spark_submit.py:485} INFO - at org.apache.spark.deploy.SparkSubmit.doSubmit(SparkSubmit.scala:90)
[2022-10-03 16:50:30,482] {spark_submit.py:485} INFO - at org.apache.spark.deploy.SparkSubmit$$anon$2.doSubmit(SparkSubmit.scala:1046)
[2022-10-03 16:50:30,482] {spark_submit.py:485} INFO - at org.apache.spark.deploy.SparkSubmit$.main(SparkSubmit.scala:1055)
[2022-10-03 16:50:30,482] {spark_submit.py:485} INFO - at org.apache.spark.deploy.SparkSubmit.main(SparkSubmit.scala)
[2022-10-03 16:50:30,483] {spark_submit.py:485} INFO - 22/10/03 16:50:30 WARN DFSClient: Failed to connect to /172.31.0.7:9866 for file /jars/setl_2.12-1.0.0-SNAPSHOT.jar for block BP-1115351834-172.31.0.3-1664436657326:blk_1073742065_1247, add to deadNodes and continue.
[2022-10-03 16:50:30,483] {spark_submit.py:485} INFO - org.apache.hadoop.net.ConnectTimeoutException: 60000 millis timeout while waiting for channel to be ready for connect. ch : java.nio.channels.SocketChannel[connection-pending remote=/172.31.0.7:9866]
[2022-10-03 16:50:30,483] {spark_submit.py:485} INFO - at org.apache.hadoop.net.NetUtils.connect(NetUtils.java:589)
[2022-10-03 16:50:30,484] {spark_submit.py:485} INFO - at org.apache.hadoop.hdfs.DFSClient.newConnectedPeer(DFSClient.java:3033)
[2022-10-03 16:50:30,484] {spark_submit.py:485} INFO - at org.apache.hadoop.hdfs.client.impl.BlockReaderFactory.nextTcpPeer(BlockReaderFactory.java:829)
[2022-10-03 16:50:30,484] {spark_submit.py:485} INFO - at org.apache.hadoop.hdfs.client.impl.BlockReaderFactory.getRemoteBlockReaderFromTcp(BlockReaderFactory.java:754)
[2022-10-03 16:50:30,484] {spark_submit.py:485} INFO - at org.apache.hadoop.hdfs.client.impl.BlockReaderFactory.build(BlockReaderFactory.java:381)
[2022-10-03 16:50:30,484] {spark_submit.py:485} INFO - at org.apache.hadoop.hdfs.DFSInputStream.getBlockReader(DFSInputStream.java:755)
[2022-10-03 16:50:30,484] {spark_submit.py:485} INFO - at org.apache.hadoop.hdfs.DFSInputStream.blockSeekTo(DFSInputStream.java:685)
[2022-10-03 16:50:30,484] {spark_submit.py:485} INFO - at org.apache.hadoop.hdfs.DFSInputStream.readWithStrategy(DFSInputStream.java:884)
[2022-10-03 16:50:30,484] {spark_submit.py:485} INFO - at org.apache.hadoop.hdfs.DFSInputStream.read(DFSInputStream.java:957)
[2022-10-03 16:50:30,484] {spark_submit.py:485} INFO - at java.io.DataInputStream.read(DataInputStream.java:100)
[2022-10-03 16:50:30,484] {spark_submit.py:485} INFO - at org.apache.spark.util.Utils$.$anonfun$copyStream$1(Utils.scala:371)
[2022-10-03 16:50:30,484] {spark_submit.py:485} INFO - at scala.runtime.java8.JFunction0$mcJ$sp.apply(JFunction0$mcJ$sp.java:23)
[2022-10-03 16:50:30,484] {spark_submit.py:485} INFO - at org.apache.spark.util.Utils$.tryWithSafeFinally(Utils.scala:1504)
[2022-10-03 16:50:30,484] {spark_submit.py:485} INFO - at org.apache.spark.util.Utils$.copyStream(Utils.scala:380)
[2022-10-03 16:50:30,484] {spark_submit.py:485} INFO - at org.apache.spark.util.Utils$.downloadFile(Utils.scala:672)
[2022-10-03 16:50:30,484] {spark_submit.py:485} INFO - at org.apache.spark.util.Utils$.fetchHcfsFile(Utils.scala:846)
[2022-10-03 16:50:30,484] {spark_submit.py:485} INFO - at org.apache.spark.util.Utils$.doFetchFile(Utils.scala:820)
[2022-10-03 16:50:30,484] {spark_submit.py:485} INFO - at org.apache.spark.util.DependencyUtils$.downloadFile(DependencyUtils.scala:264)
[2022-10-03 16:50:30,484] {spark_submit.py:485} INFO - at org.apache.spark.deploy.SparkSubmit.$anonfun$prepareSubmitEnvironment$8(SparkSubmit.scala:376)
[2022-10-03 16:50:30,484] {spark_submit.py:485} INFO - at scala.Option.map(Option.scala:230)
[2022-10-03 16:50:30,484] {spark_submit.py:485} INFO - at org.apache.spark.deploy.SparkSubmit.prepareSubmitEnvironment(SparkSubmit.scala:376)
[2022-10-03 16:50:30,484] {spark_submit.py:485} INFO - at org.apache.spark.deploy.SparkSubmit.org$apache$spark$deploy$SparkSubmit$$runMain(SparkSubmit.scala:901)
[2022-10-03 16:50:30,484] {spark_submit.py:485} INFO - at org.apache.spark.deploy.SparkSubmit.doRunMain$1(SparkSubmit.scala:180)
[2022-10-03 16:50:30,484] {spark_submit.py:485} INFO - at org.apache.spark.deploy.SparkSubmit.submit(SparkSubmit.scala:203)
[2022-10-03 16:50:30,484] {spark_submit.py:485} INFO - at org.apache.spark.deploy.SparkSubmit.doSubmit(SparkSubmit.scala:90)
[2022-10-03 16:50:30,484] {spark_submit.py:485} INFO - at org.apache.spark.deploy.SparkSubmit$$anon$2.doSubmit(SparkSubmit.scala:1046)
[2022-10-03 16:50:30,484] {spark_submit.py:485} INFO - at org.apache.spark.deploy.SparkSubmit$.main(SparkSubmit.scala:1055)
[2022-10-03 16:50:30,484] {spark_submit.py:485} INFO - at org.apache.spark.deploy.SparkSubmit.main(SparkSubmit.scala)
[2022-10-03 16:50:30,484] {spark_submit.py:485} INFO - 22/10/03 16:50:30 WARN DFSClient: No live nodes contain block BP-1115351834-172.31.0.3-1664436657326:blk_1073742065_1247 after checking nodes = [DatanodeInfoWithStorage[172.31.0.7:9866,DS-18d9ce5a-92a9-4366-b40f-412ab56a1377,DISK]], ignoredNodes = null
[2022-10-03 16:50:30,484] {spark_submit.py:485} INFO - 22/10/03 16:50:30 WARN DFSClient: DFS chooseDataNode: got # 1 IOException, will wait for 924.2285750369555 msec.
[2022-10-03 16:51:31,564] {spark_submit.py:485} INFO - 22/10/03 16:51:31 WARN BlockReaderFactory: I/O error constructing remote block reader.
[2022-10-03 16:51:31,564] {spark_submit.py:485} INFO - org.apache.hadoop.net.ConnectTimeoutException: 60000 millis timeout while waiting for channel to be ready for connect. ch : java.nio.channels.SocketChannel[connection-pending remote=/172.31.0.7:9866]
[2022-10-03 16:51:31,564] {spark_submit.py:485} INFO - at org.apache.hadoop.net.NetUtils.connect(NetUtils.java:589)
[2022-10-03 16:51:31,564] {spark_submit.py:485} INFO - at org.apache.hadoop.hdfs.DFSClient.newConnectedPeer(DFSClient.java:3033)
[2022-10-03 16:51:31,564] {spark_submit.py:485} INFO - at org.apache.hadoop.hdfs.client.impl.BlockReaderFactory.nextTcpPeer(BlockReaderFactory.java:829)
[2022-10-03 16:51:31,564] {spark_submit.py:485} INFO - at org.apache.hadoop.hdfs.client.impl.BlockReaderFactory.getRemoteBlockReaderFromTcp(BlockReaderFactory.java:754)
[2022-10-03 16:51:31,564] {spark_submit.py:485} INFO - at org.apache.hadoop.hdfs.client.impl.BlockReaderFactory.build(BlockReaderFactory.java:381)
[2022-10-03 16:51:31,564] {spark_submit.py:485} INFO - at org.apache.hadoop.hdfs.DFSInputStream.getBlockReader(DFSInputStream.java:755)
[2022-10-03 16:51:31,564] {spark_submit.py:485} INFO - at org.apache.hadoop.hdfs.DFSInputStream.blockSeekTo(DFSInputStream.java:685)
[2022-10-03 16:51:31,564] {spark_submit.py:485} INFO - at org.apache.hadoop.hdfs.DFSInputStream.readWithStrategy(DFSInputStream.java:884)
[2022-10-03 16:51:31,564] {spark_submit.py:485} INFO - at org.apache.hadoop.hdfs.DFSInputStream.read(DFSInputStream.java:957)
[2022-10-03 16:51:31,564] {spark_submit.py:485} INFO - at java.io.DataInputStream.read(DataInputStream.java:100)
[2022-10-03 16:51:31,564] {spark_submit.py:485} INFO - at org.apache.spark.util.Utils$.$anonfun$copyStream$1(Utils.scala:371)
[2022-10-03 16:51:31,564] {spark_submit.py:485} INFO - at scala.runtime.java8.JFunction0$mcJ$sp.apply(JFunction0$mcJ$sp.java:23)
[2022-10-03 16:51:31,564] {spark_submit.py:485} INFO - at org.apache.spark.util.Utils$.tryWithSafeFinally(Utils.scala:1504)
[2022-10-03 16:51:31,564] {spark_submit.py:485} INFO - at org.apache.spark.util.Utils$.copyStream(Utils.scala:380)
[2022-10-03 16:51:31,564] {spark_submit.py:485} INFO - at org.apache.spark.util.Utils$.downloadFile(Utils.scala:672)
[2022-10-03 16:51:31,564] {spark_submit.py:485} INFO - at org.apache.spark.util.Utils$.fetchHcfsFile(Utils.scala:846)
[2022-10-03 16:51:31,564] {spark_submit.py:485} INFO - at org.apache.spark.util.Utils$.doFetchFile(Utils.scala:820)
[2022-10-03 16:51:31,564] {spark_submit.py:485} INFO - at org.apache.spark.util.DependencyUtils$.downloadFile(DependencyUtils.scala:264)
[2022-10-03 16:51:31,564] {spark_submit.py:485} INFO - at org.apache.spark.deploy.SparkSubmit.$anonfun$prepareSubmitEnvironment$8(SparkSubmit.scala:376)
[2022-10-03 16:51:31,564] {spark_submit.py:485} INFO - at scala.Option.map(Option.scala:230)
[2022-10-03 16:51:31,565] {spark_submit.py:485} INFO - at org.apache.spark.deploy.SparkSubmit.prepareSubmitEnvironment(SparkSubmit.scala:376)
[2022-10-03 16:51:31,565] {spark_submit.py:485} INFO - at org.apache.spark.deploy.SparkSubmit.org$apache$spark$deploy$SparkSubmit$$runMain(SparkSubmit.scala:901)
[2022-10-03 16:51:31,565] {spark_submit.py:485} INFO - at org.apache.spark.deploy.SparkSubmit.doRunMain$1(SparkSubmit.scala:180)
[2022-10-03 16:51:31,565] {spark_submit.py:485} INFO - at org.apache.spark.deploy.SparkSubmit.submit(SparkSubmit.scala:203)
[2022-10-03 16:51:31,565] {spark_submit.py:485} INFO - at org.apache.spark.deploy.SparkSubmit.doSubmit(SparkSubmit.scala:90)
[2022-10-03 16:51:31,565] {spark_submit.py:485} INFO - at org.apache.spark.deploy.SparkSubmit$$anon$2.doSubmit(SparkSubmit.scala:1046)
[2022-10-03 16:51:31,565] {spark_submit.py:485} INFO - at org.apache.spark.deploy.SparkSubmit$.main(SparkSubmit.scala:1055)
[2022-10-03 16:51:31,565] {spark_submit.py:485} INFO - at org.apache.spark.deploy.SparkSubmit.main(SparkSubmit.scala)
[2022-10-03 16:51:31,565] {spark_submit.py:485} INFO - 22/10/03 16:51:31 WARN DFSClient: Failed to connect to /172.31.0.7:9866 for file /jars/setl_2.12-1.0.0-SNAPSHOT.jar for block BP-1115351834-172.31.0.3-1664436657326:blk_1073742065_1247, add to deadNodes and continue.
[2022-10-03 16:51:31,565] {spark_submit.py:485} INFO - org.apache.hadoop.net.ConnectTimeoutException: 60000 millis timeout while waiting for channel to be ready for connect. ch : java.nio.channels.SocketChannel[connection-pending remote=/172.31.0.7:9866]
[2022-10-03 16:51:31,565] {spark_submit.py:485} INFO - at org.apache.hadoop.net.NetUtils.connect(NetUtils.java:589)
[2022-10-03 16:51:31,565] {spark_submit.py:485} INFO - at org.apache.hadoop.hdfs.DFSClient.newConnectedPeer(DFSClient.java:3033)
[2022-10-03 16:51:31,565] {spark_submit.py:485} INFO - at org.apache.hadoop.hdfs.client.impl.BlockReaderFactory.nextTcpPeer(BlockReaderFactory.java:829)
[2022-10-03 16:51:31,565] {spark_submit.py:485} INFO - at org.apache.hadoop.hdfs.client.impl.BlockReaderFactory.getRemoteBlockReaderFromTcp(BlockReaderFactory.java:754)
[2022-10-03 16:51:31,565] {spark_submit.py:485} INFO - at org.apache.hadoop.hdfs.client.impl.BlockReaderFactory.build(BlockReaderFactory.java:381)
[2022-10-03 16:51:31,565] {spark_submit.py:485} INFO - at org.apache.hadoop.hdfs.DFSInputStream.getBlockReader(DFSInputStream.java:755)
[2022-10-03 16:51:31,565] {spark_submit.py:485} INFO - at org.apache.hadoop.hdfs.DFSInputStream.blockSeekTo(DFSInputStream.java:685)
[2022-10-03 16:51:31,565] {spark_submit.py:485} INFO - at org.apache.hadoop.hdfs.DFSInputStream.readWithStrategy(DFSInputStream.java:884)
[2022-10-03 16:51:31,565] {spark_submit.py:485} INFO - at org.apache.hadoop.hdfs.DFSInputStream.read(DFSInputStream.java:957)
[2022-10-03 16:51:31,565] {spark_submit.py:485} INFO - at java.io.DataInputStream.read(DataInputStream.java:100)
[2022-10-03 16:51:31,565] {spark_submit.py:485} INFO - at org.apache.spark.util.Utils$.$anonfun$copyStream$1(Utils.scala:371)
[2022-10-03 16:51:31,565] {spark_submit.py:485} INFO - at scala.runtime.java8.JFunction0$mcJ$sp.apply(JFunction0$mcJ$sp.java:23)
[2022-10-03 16:51:31,565] {spark_submit.py:485} INFO - at org.apache.spark.util.Utils$.tryWithSafeFinally(Utils.scala:1504)
[2022-10-03 16:51:31,565] {spark_submit.py:485} INFO - at org.apache.spark.util.Utils$.copyStream(Utils.scala:380)
[2022-10-03 16:51:31,565] {spark_submit.py:485} INFO - at org.apache.spark.util.Utils$.downloadFile(Utils.scala:672)
[2022-10-03 16:51:31,565] {spark_submit.py:485} INFO - at org.apache.spark.util.Utils$.fetchHcfsFile(Utils.scala:846)
[2022-10-03 16:51:31,565] {spark_submit.py:485} INFO - at org.apache.spark.util.Utils$.doFetchFile(Utils.scala:820)
[2022-10-03 16:51:31,565] {spark_submit.py:485} INFO - at org.apache.spark.util.DependencyUtils$.downloadFile(DependencyUtils.scala:264)
[2022-10-03 16:51:31,565] {spark_submit.py:485} INFO - at org.apache.spark.deploy.SparkSubmit.$anonfun$prepareSubmitEnvironment$8(SparkSubmit.scala:376)
[2022-10-03 16:51:31,565] {spark_submit.py:485} INFO - at scala.Option.map(Option.scala:230)
[2022-10-03 16:51:31,565] {spark_submit.py:485} INFO - at org.apache.spark.deploy.SparkSubmit.prepareSubmitEnvironment(SparkSubmit.scala:376)
[2022-10-03 16:51:31,565] {spark_submit.py:485} INFO - at org.apache.spark.deploy.SparkSubmit.org$apache$spark$deploy$SparkSubmit$$runMain(SparkSubmit.scala:901)
[2022-10-03 16:51:31,565] {spark_submit.py:485} INFO - at org.apache.spark.deploy.SparkSubmit.doRunMain$1(SparkSubmit.scala:180)
[2022-10-03 16:51:31,565] {spark_submit.py:485} INFO - at org.apache.spark.deploy.SparkSubmit.submit(SparkSubmit.scala:203)
[2022-10-03 16:51:31,565] {spark_submit.py:485} INFO - at org.apache.spark.deploy.SparkSubmit.doSubmit(SparkSubmit.scala:90)
[2022-10-03 16:51:31,566] {spark_submit.py:485} INFO - at org.apache.spark.deploy.SparkSubmit$$anon$2.doSubmit(SparkSubmit.scala:1046)
[2022-10-03 16:51:31,566] {spark_submit.py:485} INFO - at org.apache.spark.deploy.SparkSubmit$.main(SparkSubmit.scala:1055)
[2022-10-03 16:51:31,566] {spark_submit.py:485} INFO - at org.apache.spark.deploy.SparkSubmit.main(SparkSubmit.scala)
[2022-10-03 16:51:31,566] {spark_submit.py:485} INFO - 22/10/03 16:51:31 WARN DFSClient: No live nodes contain block BP-1115351834-172.31.0.3-1664436657326:blk_1073742065_1247 after checking nodes = [DatanodeInfoWithStorage[172.31.0.7:9866,DS-18d9ce5a-92a9-4366-b40f-412ab56a1377,DISK]], ignoredNodes = null
[2022-10-03 16:51:31,566] {spark_submit.py:485} INFO - 22/10/03 16:51:31 WARN DFSClient: DFS chooseDataNode: got # 2 IOException, will wait for 5904.766138609467 msec.
[2022-10-03 16:51:34,740] {local_task_job.py:212} WARNING - State of this instance has been externally set to failed. Terminating instance.
[2022-10-03 16:51:34,741] {process_utils.py:124} INFO - Sending Signals.SIGTERM to group 585. PIDs of all processes in the group: [586, 585]
[2022-10-03 16:51:34,742] {process_utils.py:75} INFO - Sending the signal Signals.SIGTERM to group 585
[2022-10-03 16:51:34,742] {taskinstance.py:1408} ERROR - Received SIGTERM. Terminating subprocesses.
[2022-10-03 16:51:34,742] {spark_submit.py:617} INFO - Sending kill signal to spark-submit
[2022-10-03 16:51:34,768] {process_utils.py:70} INFO - Process psutil.Process(pid=586, status='terminated', started='16:49:27') (586) terminated with exit code None
[2022-10-03 16:51:34,768] {process_utils.py:70} INFO - Process psutil.Process(pid=585, status='terminated', exitcode=0, started='16:49:27') (585) terminated with exit code 0
