[2022-09-29 11:09:16,548] {taskinstance.py:1032} INFO - Dependencies all met for <TaskInstance: spark-setl3.spark_job_setl3 manual__2022-09-29T11:03:53.901750+00:00 [queued]>
[2022-09-29 11:09:16,555] {taskinstance.py:1032} INFO - Dependencies all met for <TaskInstance: spark-setl3.spark_job_setl3 manual__2022-09-29T11:03:53.901750+00:00 [queued]>
[2022-09-29 11:09:16,555] {taskinstance.py:1238} INFO - 
--------------------------------------------------------------------------------
[2022-09-29 11:09:16,555] {taskinstance.py:1239} INFO - Starting attempt 2 of 2
[2022-09-29 11:09:16,555] {taskinstance.py:1240} INFO - 
--------------------------------------------------------------------------------
[2022-09-29 11:09:16,562] {taskinstance.py:1259} INFO - Executing <Task(SparkSubmitOperator): spark_job_setl3> on 2022-09-29 11:03:53.901750+00:00
[2022-09-29 11:09:16,567] {standard_task_runner.py:52} INFO - Started process 1734 to run task
[2022-09-29 11:09:16,569] {standard_task_runner.py:76} INFO - Running: ['***', 'tasks', 'run', 'spark-setl3', 'spark_job_setl3', 'manual__2022-09-29T11:03:53.901750+00:00', '--job-id', '10', '--raw', '--subdir', 'DAGS_FOLDER/spark-setl-scala3.py', '--cfg-path', '/tmp/tmpvi_fnsta', '--error-file', '/tmp/tmp0_g5ffyh']
[2022-09-29 11:09:16,569] {standard_task_runner.py:77} INFO - Job 10: Subtask spark_job_setl3
[2022-09-29 11:09:16,601] {logging_mixin.py:109} INFO - Running <TaskInstance: spark-setl3.spark_job_setl3 manual__2022-09-29T11:03:53.901750+00:00 [running]> on host 61cc9e3909d2
[2022-09-29 11:09:16,632] {taskinstance.py:1426} INFO - Exporting the following env vars:
AIRFLOW_CTX_DAG_EMAIL=***admin@example.com
AIRFLOW_CTX_DAG_OWNER=***
AIRFLOW_CTX_DAG_ID=spark-setl3
AIRFLOW_CTX_TASK_ID=spark_job_setl3
AIRFLOW_CTX_EXECUTION_DATE=2022-09-29T11:03:53.901750+00:00
AIRFLOW_CTX_DAG_RUN_ID=manual__2022-09-29T11:03:53.901750+00:00
[2022-09-29 11:09:16,638] {base.py:79} INFO - Using connection to: id: spark_default. Host: spark://10.0.9.226, Port: 7077, Schema: , Login: ***, Password: ***, extra: {}
[2022-09-29 11:09:16,639] {spark_submit.py:334} INFO - Spark-Submit cmd: spark-submit --master spark://10.0.9.226:7077 --jars hdfs://10.0.9.226:8020/jars/setl_2.12-1.0.0-SNAPSHOT-jar-with-dependencies.jar --class Job_s2t_AddTagVideo hdfs://10.0.9.226:8020/jars/setl_2.12-1.0.0-SNAPSHOT.jar
[2022-09-29 11:09:18,303] {spark_submit.py:485} INFO - 22/09/29 11:09:18 WARN NativeCodeLoader: Unable to load native-hadoop library for your platform... using builtin-java classes where applicable
[2022-09-29 11:10:19,100] {spark_submit.py:485} INFO - 22/09/29 11:10:19 WARN BlockReaderFactory: I/O error constructing remote block reader.
[2022-09-29 11:10:19,100] {spark_submit.py:485} INFO - org.apache.hadoop.net.ConnectTimeoutException: 60000 millis timeout while waiting for channel to be ready for connect. ch : java.nio.channels.SocketChannel[connection-pending remote=/172.31.0.7:9866]
[2022-09-29 11:10:19,100] {spark_submit.py:485} INFO - at org.apache.hadoop.net.NetUtils.connect(NetUtils.java:589)
[2022-09-29 11:10:19,100] {spark_submit.py:485} INFO - at org.apache.hadoop.hdfs.DFSClient.newConnectedPeer(DFSClient.java:3033)
[2022-09-29 11:10:19,100] {spark_submit.py:485} INFO - at org.apache.hadoop.hdfs.client.impl.BlockReaderFactory.nextTcpPeer(BlockReaderFactory.java:829)
[2022-09-29 11:10:19,100] {spark_submit.py:485} INFO - at org.apache.hadoop.hdfs.client.impl.BlockReaderFactory.getRemoteBlockReaderFromTcp(BlockReaderFactory.java:754)
[2022-09-29 11:10:19,101] {spark_submit.py:485} INFO - at org.apache.hadoop.hdfs.client.impl.BlockReaderFactory.build(BlockReaderFactory.java:381)
[2022-09-29 11:10:19,101] {spark_submit.py:485} INFO - at org.apache.hadoop.hdfs.DFSInputStream.getBlockReader(DFSInputStream.java:755)
[2022-09-29 11:10:19,101] {spark_submit.py:485} INFO - at org.apache.hadoop.hdfs.DFSInputStream.blockSeekTo(DFSInputStream.java:685)
[2022-09-29 11:10:19,101] {spark_submit.py:485} INFO - at org.apache.hadoop.hdfs.DFSInputStream.readWithStrategy(DFSInputStream.java:884)
[2022-09-29 11:10:19,101] {spark_submit.py:485} INFO - at org.apache.hadoop.hdfs.DFSInputStream.read(DFSInputStream.java:957)
[2022-09-29 11:10:19,101] {spark_submit.py:485} INFO - at java.io.DataInputStream.read(DataInputStream.java:100)
[2022-09-29 11:10:19,101] {spark_submit.py:485} INFO - at org.apache.spark.util.Utils$.$anonfun$copyStream$1(Utils.scala:371)
[2022-09-29 11:10:19,101] {spark_submit.py:485} INFO - at scala.runtime.java8.JFunction0$mcJ$sp.apply(JFunction0$mcJ$sp.java:23)
[2022-09-29 11:10:19,102] {spark_submit.py:485} INFO - at org.apache.spark.util.Utils$.tryWithSafeFinally(Utils.scala:1504)
[2022-09-29 11:10:19,102] {spark_submit.py:485} INFO - at org.apache.spark.util.Utils$.copyStream(Utils.scala:380)
[2022-09-29 11:10:19,102] {spark_submit.py:485} INFO - at org.apache.spark.util.Utils$.downloadFile(Utils.scala:672)
[2022-09-29 11:10:19,102] {spark_submit.py:485} INFO - at org.apache.spark.util.Utils$.fetchHcfsFile(Utils.scala:846)
[2022-09-29 11:10:19,102] {spark_submit.py:485} INFO - at org.apache.spark.util.Utils$.doFetchFile(Utils.scala:820)
[2022-09-29 11:10:19,102] {spark_submit.py:485} INFO - at org.apache.spark.util.DependencyUtils$.downloadFile(DependencyUtils.scala:264)
[2022-09-29 11:10:19,102] {spark_submit.py:485} INFO - at org.apache.spark.deploy.SparkSubmit.$anonfun$prepareSubmitEnvironment$8(SparkSubmit.scala:376)
[2022-09-29 11:10:19,102] {spark_submit.py:485} INFO - at scala.Option.map(Option.scala:230)
[2022-09-29 11:10:19,102] {spark_submit.py:485} INFO - at org.apache.spark.deploy.SparkSubmit.prepareSubmitEnvironment(SparkSubmit.scala:376)
[2022-09-29 11:10:19,102] {spark_submit.py:485} INFO - at org.apache.spark.deploy.SparkSubmit.org$apache$spark$deploy$SparkSubmit$$runMain(SparkSubmit.scala:901)
[2022-09-29 11:10:19,103] {spark_submit.py:485} INFO - at org.apache.spark.deploy.SparkSubmit.doRunMain$1(SparkSubmit.scala:180)
[2022-09-29 11:10:19,103] {spark_submit.py:485} INFO - at org.apache.spark.deploy.SparkSubmit.submit(SparkSubmit.scala:203)
[2022-09-29 11:10:19,103] {spark_submit.py:485} INFO - at org.apache.spark.deploy.SparkSubmit.doSubmit(SparkSubmit.scala:90)
[2022-09-29 11:10:19,103] {spark_submit.py:485} INFO - at org.apache.spark.deploy.SparkSubmit$$anon$2.doSubmit(SparkSubmit.scala:1046)
[2022-09-29 11:10:19,103] {spark_submit.py:485} INFO - at org.apache.spark.deploy.SparkSubmit$.main(SparkSubmit.scala:1055)
[2022-09-29 11:10:19,103] {spark_submit.py:485} INFO - at org.apache.spark.deploy.SparkSubmit.main(SparkSubmit.scala)
[2022-09-29 11:10:19,104] {spark_submit.py:485} INFO - 22/09/29 11:10:19 WARN DFSClient: Failed to connect to /172.31.0.7:9866 for file /jars/setl_2.12-1.0.0-SNAPSHOT.jar for block BP-1115351834-172.31.0.3-1664436657326:blk_1073742008_1184, add to deadNodes and continue.
[2022-09-29 11:10:19,104] {spark_submit.py:485} INFO - org.apache.hadoop.net.ConnectTimeoutException: 60000 millis timeout while waiting for channel to be ready for connect. ch : java.nio.channels.SocketChannel[connection-pending remote=/172.31.0.7:9866]
[2022-09-29 11:10:19,104] {spark_submit.py:485} INFO - at org.apache.hadoop.net.NetUtils.connect(NetUtils.java:589)
[2022-09-29 11:10:19,105] {spark_submit.py:485} INFO - at org.apache.hadoop.hdfs.DFSClient.newConnectedPeer(DFSClient.java:3033)
[2022-09-29 11:10:19,105] {spark_submit.py:485} INFO - at org.apache.hadoop.hdfs.client.impl.BlockReaderFactory.nextTcpPeer(BlockReaderFactory.java:829)
[2022-09-29 11:10:19,105] {spark_submit.py:485} INFO - at org.apache.hadoop.hdfs.client.impl.BlockReaderFactory.getRemoteBlockReaderFromTcp(BlockReaderFactory.java:754)
[2022-09-29 11:10:19,105] {spark_submit.py:485} INFO - at org.apache.hadoop.hdfs.client.impl.BlockReaderFactory.build(BlockReaderFactory.java:381)
[2022-09-29 11:10:19,105] {spark_submit.py:485} INFO - at org.apache.hadoop.hdfs.DFSInputStream.getBlockReader(DFSInputStream.java:755)
[2022-09-29 11:10:19,105] {spark_submit.py:485} INFO - at org.apache.hadoop.hdfs.DFSInputStream.blockSeekTo(DFSInputStream.java:685)
[2022-09-29 11:10:19,105] {spark_submit.py:485} INFO - at org.apache.hadoop.hdfs.DFSInputStream.readWithStrategy(DFSInputStream.java:884)
[2022-09-29 11:10:19,105] {spark_submit.py:485} INFO - at org.apache.hadoop.hdfs.DFSInputStream.read(DFSInputStream.java:957)
[2022-09-29 11:10:19,105] {spark_submit.py:485} INFO - at java.io.DataInputStream.read(DataInputStream.java:100)
[2022-09-29 11:10:19,105] {spark_submit.py:485} INFO - at org.apache.spark.util.Utils$.$anonfun$copyStream$1(Utils.scala:371)
[2022-09-29 11:10:19,105] {spark_submit.py:485} INFO - at scala.runtime.java8.JFunction0$mcJ$sp.apply(JFunction0$mcJ$sp.java:23)
[2022-09-29 11:10:19,105] {spark_submit.py:485} INFO - at org.apache.spark.util.Utils$.tryWithSafeFinally(Utils.scala:1504)
[2022-09-29 11:10:19,106] {spark_submit.py:485} INFO - at org.apache.spark.util.Utils$.copyStream(Utils.scala:380)
[2022-09-29 11:10:19,106] {spark_submit.py:485} INFO - at org.apache.spark.util.Utils$.downloadFile(Utils.scala:672)
[2022-09-29 11:10:19,106] {spark_submit.py:485} INFO - at org.apache.spark.util.Utils$.fetchHcfsFile(Utils.scala:846)
[2022-09-29 11:10:19,106] {spark_submit.py:485} INFO - at org.apache.spark.util.Utils$.doFetchFile(Utils.scala:820)
[2022-09-29 11:10:19,106] {spark_submit.py:485} INFO - at org.apache.spark.util.DependencyUtils$.downloadFile(DependencyUtils.scala:264)
[2022-09-29 11:10:19,106] {spark_submit.py:485} INFO - at org.apache.spark.deploy.SparkSubmit.$anonfun$prepareSubmitEnvironment$8(SparkSubmit.scala:376)
[2022-09-29 11:10:19,106] {spark_submit.py:485} INFO - at scala.Option.map(Option.scala:230)
[2022-09-29 11:10:19,106] {spark_submit.py:485} INFO - at org.apache.spark.deploy.SparkSubmit.prepareSubmitEnvironment(SparkSubmit.scala:376)
[2022-09-29 11:10:19,106] {spark_submit.py:485} INFO - at org.apache.spark.deploy.SparkSubmit.org$apache$spark$deploy$SparkSubmit$$runMain(SparkSubmit.scala:901)
[2022-09-29 11:10:19,106] {spark_submit.py:485} INFO - at org.apache.spark.deploy.SparkSubmit.doRunMain$1(SparkSubmit.scala:180)
[2022-09-29 11:10:19,106] {spark_submit.py:485} INFO - at org.apache.spark.deploy.SparkSubmit.submit(SparkSubmit.scala:203)
[2022-09-29 11:10:19,106] {spark_submit.py:485} INFO - at org.apache.spark.deploy.SparkSubmit.doSubmit(SparkSubmit.scala:90)
[2022-09-29 11:10:19,106] {spark_submit.py:485} INFO - at org.apache.spark.deploy.SparkSubmit$$anon$2.doSubmit(SparkSubmit.scala:1046)
[2022-09-29 11:10:19,107] {spark_submit.py:485} INFO - at org.apache.spark.deploy.SparkSubmit$.main(SparkSubmit.scala:1055)
[2022-09-29 11:10:19,107] {spark_submit.py:485} INFO - at org.apache.spark.deploy.SparkSubmit.main(SparkSubmit.scala)
[2022-09-29 11:10:19,107] {spark_submit.py:485} INFO - 22/09/29 11:10:19 WARN DFSClient: No live nodes contain block BP-1115351834-172.31.0.3-1664436657326:blk_1073742008_1184 after checking nodes = [DatanodeInfoWithStorage[172.31.0.7:9866,DS-18d9ce5a-92a9-4366-b40f-412ab56a1377,DISK]], ignoredNodes = null
[2022-09-29 11:10:19,107] {spark_submit.py:485} INFO - 22/09/29 11:10:19 WARN DFSClient: DFS chooseDataNode: got # 1 IOException, will wait for 2048.5336439042426 msec.
[2022-09-29 11:11:21,316] {spark_submit.py:485} INFO - 22/09/29 11:11:21 WARN BlockReaderFactory: I/O error constructing remote block reader.
[2022-09-29 11:11:21,316] {spark_submit.py:485} INFO - org.apache.hadoop.net.ConnectTimeoutException: 60000 millis timeout while waiting for channel to be ready for connect. ch : java.nio.channels.SocketChannel[connection-pending remote=/172.31.0.7:9866]
[2022-09-29 11:11:21,316] {spark_submit.py:485} INFO - at org.apache.hadoop.net.NetUtils.connect(NetUtils.java:589)
[2022-09-29 11:11:21,316] {spark_submit.py:485} INFO - at org.apache.hadoop.hdfs.DFSClient.newConnectedPeer(DFSClient.java:3033)
[2022-09-29 11:11:21,316] {spark_submit.py:485} INFO - at org.apache.hadoop.hdfs.client.impl.BlockReaderFactory.nextTcpPeer(BlockReaderFactory.java:829)
[2022-09-29 11:11:21,316] {spark_submit.py:485} INFO - at org.apache.hadoop.hdfs.client.impl.BlockReaderFactory.getRemoteBlockReaderFromTcp(BlockReaderFactory.java:754)
[2022-09-29 11:11:21,316] {spark_submit.py:485} INFO - at org.apache.hadoop.hdfs.client.impl.BlockReaderFactory.build(BlockReaderFactory.java:381)
[2022-09-29 11:11:21,316] {spark_submit.py:485} INFO - at org.apache.hadoop.hdfs.DFSInputStream.getBlockReader(DFSInputStream.java:755)
[2022-09-29 11:11:21,316] {spark_submit.py:485} INFO - at org.apache.hadoop.hdfs.DFSInputStream.blockSeekTo(DFSInputStream.java:685)
[2022-09-29 11:11:21,316] {spark_submit.py:485} INFO - at org.apache.hadoop.hdfs.DFSInputStream.readWithStrategy(DFSInputStream.java:884)
[2022-09-29 11:11:21,316] {spark_submit.py:485} INFO - at org.apache.hadoop.hdfs.DFSInputStream.read(DFSInputStream.java:957)
[2022-09-29 11:11:21,316] {spark_submit.py:485} INFO - at java.io.DataInputStream.read(DataInputStream.java:100)
[2022-09-29 11:11:21,316] {spark_submit.py:485} INFO - at org.apache.spark.util.Utils$.$anonfun$copyStream$1(Utils.scala:371)
[2022-09-29 11:11:21,316] {spark_submit.py:485} INFO - at scala.runtime.java8.JFunction0$mcJ$sp.apply(JFunction0$mcJ$sp.java:23)
[2022-09-29 11:11:21,316] {spark_submit.py:485} INFO - at org.apache.spark.util.Utils$.tryWithSafeFinally(Utils.scala:1504)
[2022-09-29 11:11:21,316] {spark_submit.py:485} INFO - at org.apache.spark.util.Utils$.copyStream(Utils.scala:380)
[2022-09-29 11:11:21,316] {spark_submit.py:485} INFO - at org.apache.spark.util.Utils$.downloadFile(Utils.scala:672)
[2022-09-29 11:11:21,316] {spark_submit.py:485} INFO - at org.apache.spark.util.Utils$.fetchHcfsFile(Utils.scala:846)
[2022-09-29 11:11:21,316] {spark_submit.py:485} INFO - at org.apache.spark.util.Utils$.doFetchFile(Utils.scala:820)
[2022-09-29 11:11:21,316] {spark_submit.py:485} INFO - at org.apache.spark.util.DependencyUtils$.downloadFile(DependencyUtils.scala:264)
[2022-09-29 11:11:21,316] {spark_submit.py:485} INFO - at org.apache.spark.deploy.SparkSubmit.$anonfun$prepareSubmitEnvironment$8(SparkSubmit.scala:376)
[2022-09-29 11:11:21,316] {spark_submit.py:485} INFO - at scala.Option.map(Option.scala:230)
[2022-09-29 11:11:21,316] {spark_submit.py:485} INFO - at org.apache.spark.deploy.SparkSubmit.prepareSubmitEnvironment(SparkSubmit.scala:376)
[2022-09-29 11:11:21,316] {spark_submit.py:485} INFO - at org.apache.spark.deploy.SparkSubmit.org$apache$spark$deploy$SparkSubmit$$runMain(SparkSubmit.scala:901)
[2022-09-29 11:11:21,316] {spark_submit.py:485} INFO - at org.apache.spark.deploy.SparkSubmit.doRunMain$1(SparkSubmit.scala:180)
[2022-09-29 11:11:21,316] {spark_submit.py:485} INFO - at org.apache.spark.deploy.SparkSubmit.submit(SparkSubmit.scala:203)
[2022-09-29 11:11:21,317] {spark_submit.py:485} INFO - at org.apache.spark.deploy.SparkSubmit.doSubmit(SparkSubmit.scala:90)
[2022-09-29 11:11:21,317] {spark_submit.py:485} INFO - at org.apache.spark.deploy.SparkSubmit$$anon$2.doSubmit(SparkSubmit.scala:1046)
[2022-09-29 11:11:21,317] {spark_submit.py:485} INFO - at org.apache.spark.deploy.SparkSubmit$.main(SparkSubmit.scala:1055)
[2022-09-29 11:11:21,317] {spark_submit.py:485} INFO - at org.apache.spark.deploy.SparkSubmit.main(SparkSubmit.scala)
[2022-09-29 11:11:21,317] {spark_submit.py:485} INFO - 22/09/29 11:11:21 WARN DFSClient: Failed to connect to /172.31.0.7:9866 for file /jars/setl_2.12-1.0.0-SNAPSHOT.jar for block BP-1115351834-172.31.0.3-1664436657326:blk_1073742008_1184, add to deadNodes and continue.
[2022-09-29 11:11:21,317] {spark_submit.py:485} INFO - org.apache.hadoop.net.ConnectTimeoutException: 60000 millis timeout while waiting for channel to be ready for connect. ch : java.nio.channels.SocketChannel[connection-pending remote=/172.31.0.7:9866]
[2022-09-29 11:11:21,317] {spark_submit.py:485} INFO - at org.apache.hadoop.net.NetUtils.connect(NetUtils.java:589)
[2022-09-29 11:11:21,317] {spark_submit.py:485} INFO - at org.apache.hadoop.hdfs.DFSClient.newConnectedPeer(DFSClient.java:3033)
[2022-09-29 11:11:21,317] {spark_submit.py:485} INFO - at org.apache.hadoop.hdfs.client.impl.BlockReaderFactory.nextTcpPeer(BlockReaderFactory.java:829)
[2022-09-29 11:11:21,317] {spark_submit.py:485} INFO - at org.apache.hadoop.hdfs.client.impl.BlockReaderFactory.getRemoteBlockReaderFromTcp(BlockReaderFactory.java:754)
[2022-09-29 11:11:21,317] {spark_submit.py:485} INFO - at org.apache.hadoop.hdfs.client.impl.BlockReaderFactory.build(BlockReaderFactory.java:381)
[2022-09-29 11:11:21,317] {spark_submit.py:485} INFO - at org.apache.hadoop.hdfs.DFSInputStream.getBlockReader(DFSInputStream.java:755)
[2022-09-29 11:11:21,317] {spark_submit.py:485} INFO - at org.apache.hadoop.hdfs.DFSInputStream.blockSeekTo(DFSInputStream.java:685)
[2022-09-29 11:11:21,317] {spark_submit.py:485} INFO - at org.apache.hadoop.hdfs.DFSInputStream.readWithStrategy(DFSInputStream.java:884)
[2022-09-29 11:11:21,317] {spark_submit.py:485} INFO - at org.apache.hadoop.hdfs.DFSInputStream.read(DFSInputStream.java:957)
[2022-09-29 11:11:21,317] {spark_submit.py:485} INFO - at java.io.DataInputStream.read(DataInputStream.java:100)
[2022-09-29 11:11:21,317] {spark_submit.py:485} INFO - at org.apache.spark.util.Utils$.$anonfun$copyStream$1(Utils.scala:371)
[2022-09-29 11:11:21,317] {spark_submit.py:485} INFO - at scala.runtime.java8.JFunction0$mcJ$sp.apply(JFunction0$mcJ$sp.java:23)
[2022-09-29 11:11:21,317] {spark_submit.py:485} INFO - at org.apache.spark.util.Utils$.tryWithSafeFinally(Utils.scala:1504)
[2022-09-29 11:11:21,317] {spark_submit.py:485} INFO - at org.apache.spark.util.Utils$.copyStream(Utils.scala:380)
[2022-09-29 11:11:21,317] {spark_submit.py:485} INFO - at org.apache.spark.util.Utils$.downloadFile(Utils.scala:672)
[2022-09-29 11:11:21,317] {spark_submit.py:485} INFO - at org.apache.spark.util.Utils$.fetchHcfsFile(Utils.scala:846)
[2022-09-29 11:11:21,317] {spark_submit.py:485} INFO - at org.apache.spark.util.Utils$.doFetchFile(Utils.scala:820)
[2022-09-29 11:11:21,317] {spark_submit.py:485} INFO - at org.apache.spark.util.DependencyUtils$.downloadFile(DependencyUtils.scala:264)
[2022-09-29 11:11:21,317] {spark_submit.py:485} INFO - at org.apache.spark.deploy.SparkSubmit.$anonfun$prepareSubmitEnvironment$8(SparkSubmit.scala:376)
[2022-09-29 11:11:21,317] {spark_submit.py:485} INFO - at scala.Option.map(Option.scala:230)
[2022-09-29 11:11:21,317] {spark_submit.py:485} INFO - at org.apache.spark.deploy.SparkSubmit.prepareSubmitEnvironment(SparkSubmit.scala:376)
[2022-09-29 11:11:21,317] {spark_submit.py:485} INFO - at org.apache.spark.deploy.SparkSubmit.org$apache$spark$deploy$SparkSubmit$$runMain(SparkSubmit.scala:901)
[2022-09-29 11:11:21,317] {spark_submit.py:485} INFO - at org.apache.spark.deploy.SparkSubmit.doRunMain$1(SparkSubmit.scala:180)
[2022-09-29 11:11:21,317] {spark_submit.py:485} INFO - at org.apache.spark.deploy.SparkSubmit.submit(SparkSubmit.scala:203)
[2022-09-29 11:11:21,317] {spark_submit.py:485} INFO - at org.apache.spark.deploy.SparkSubmit.doSubmit(SparkSubmit.scala:90)
[2022-09-29 11:11:21,317] {spark_submit.py:485} INFO - at org.apache.spark.deploy.SparkSubmit$$anon$2.doSubmit(SparkSubmit.scala:1046)
[2022-09-29 11:11:21,317] {spark_submit.py:485} INFO - at org.apache.spark.deploy.SparkSubmit$.main(SparkSubmit.scala:1055)
[2022-09-29 11:11:21,317] {spark_submit.py:485} INFO - at org.apache.spark.deploy.SparkSubmit.main(SparkSubmit.scala)
[2022-09-29 11:11:21,317] {spark_submit.py:485} INFO - 22/09/29 11:11:21 WARN DFSClient: No live nodes contain block BP-1115351834-172.31.0.3-1664436657326:blk_1073742008_1184 after checking nodes = [DatanodeInfoWithStorage[172.31.0.7:9866,DS-18d9ce5a-92a9-4366-b40f-412ab56a1377,DISK]], ignoredNodes = null
[2022-09-29 11:11:21,317] {spark_submit.py:485} INFO - 22/09/29 11:11:21 WARN DFSClient: DFS chooseDataNode: got # 2 IOException, will wait for 7595.376263364937 msec.
[2022-09-29 11:12:29,076] {spark_submit.py:485} INFO - 22/09/29 11:12:29 WARN BlockReaderFactory: I/O error constructing remote block reader.
[2022-09-29 11:12:29,076] {spark_submit.py:485} INFO - org.apache.hadoop.net.ConnectTimeoutException: 60000 millis timeout while waiting for channel to be ready for connect. ch : java.nio.channels.SocketChannel[connection-pending remote=/172.31.0.7:9866]
[2022-09-29 11:12:29,076] {spark_submit.py:485} INFO - at org.apache.hadoop.net.NetUtils.connect(NetUtils.java:589)
[2022-09-29 11:12:29,076] {spark_submit.py:485} INFO - at org.apache.hadoop.hdfs.DFSClient.newConnectedPeer(DFSClient.java:3033)
[2022-09-29 11:12:29,076] {spark_submit.py:485} INFO - at org.apache.hadoop.hdfs.client.impl.BlockReaderFactory.nextTcpPeer(BlockReaderFactory.java:829)
[2022-09-29 11:12:29,076] {spark_submit.py:485} INFO - at org.apache.hadoop.hdfs.client.impl.BlockReaderFactory.getRemoteBlockReaderFromTcp(BlockReaderFactory.java:754)
[2022-09-29 11:12:29,076] {spark_submit.py:485} INFO - at org.apache.hadoop.hdfs.client.impl.BlockReaderFactory.build(BlockReaderFactory.java:381)
[2022-09-29 11:12:29,076] {spark_submit.py:485} INFO - at org.apache.hadoop.hdfs.DFSInputStream.getBlockReader(DFSInputStream.java:755)
[2022-09-29 11:12:29,076] {spark_submit.py:485} INFO - at org.apache.hadoop.hdfs.DFSInputStream.blockSeekTo(DFSInputStream.java:685)
[2022-09-29 11:12:29,076] {spark_submit.py:485} INFO - at org.apache.hadoop.hdfs.DFSInputStream.readWithStrategy(DFSInputStream.java:884)
[2022-09-29 11:12:29,076] {spark_submit.py:485} INFO - at org.apache.hadoop.hdfs.DFSInputStream.read(DFSInputStream.java:957)
[2022-09-29 11:12:29,076] {spark_submit.py:485} INFO - at java.io.DataInputStream.read(DataInputStream.java:100)
[2022-09-29 11:12:29,076] {spark_submit.py:485} INFO - at org.apache.spark.util.Utils$.$anonfun$copyStream$1(Utils.scala:371)
[2022-09-29 11:12:29,076] {spark_submit.py:485} INFO - at scala.runtime.java8.JFunction0$mcJ$sp.apply(JFunction0$mcJ$sp.java:23)
[2022-09-29 11:12:29,076] {spark_submit.py:485} INFO - at org.apache.spark.util.Utils$.tryWithSafeFinally(Utils.scala:1504)
[2022-09-29 11:12:29,076] {spark_submit.py:485} INFO - at org.apache.spark.util.Utils$.copyStream(Utils.scala:380)
[2022-09-29 11:12:29,076] {spark_submit.py:485} INFO - at org.apache.spark.util.Utils$.downloadFile(Utils.scala:672)
[2022-09-29 11:12:29,076] {spark_submit.py:485} INFO - at org.apache.spark.util.Utils$.fetchHcfsFile(Utils.scala:846)
[2022-09-29 11:12:29,076] {spark_submit.py:485} INFO - at org.apache.spark.util.Utils$.doFetchFile(Utils.scala:820)
[2022-09-29 11:12:29,076] {spark_submit.py:485} INFO - at org.apache.spark.util.DependencyUtils$.downloadFile(DependencyUtils.scala:264)
[2022-09-29 11:12:29,076] {spark_submit.py:485} INFO - at org.apache.spark.deploy.SparkSubmit.$anonfun$prepareSubmitEnvironment$8(SparkSubmit.scala:376)
[2022-09-29 11:12:29,077] {spark_submit.py:485} INFO - at scala.Option.map(Option.scala:230)
[2022-09-29 11:12:29,077] {spark_submit.py:485} INFO - at org.apache.spark.deploy.SparkSubmit.prepareSubmitEnvironment(SparkSubmit.scala:376)
[2022-09-29 11:12:29,077] {spark_submit.py:485} INFO - at org.apache.spark.deploy.SparkSubmit.org$apache$spark$deploy$SparkSubmit$$runMain(SparkSubmit.scala:901)
[2022-09-29 11:12:29,077] {spark_submit.py:485} INFO - at org.apache.spark.deploy.SparkSubmit.doRunMain$1(SparkSubmit.scala:180)
[2022-09-29 11:12:29,077] {spark_submit.py:485} INFO - at org.apache.spark.deploy.SparkSubmit.submit(SparkSubmit.scala:203)
[2022-09-29 11:12:29,077] {spark_submit.py:485} INFO - at org.apache.spark.deploy.SparkSubmit.doSubmit(SparkSubmit.scala:90)
[2022-09-29 11:12:29,077] {spark_submit.py:485} INFO - at org.apache.spark.deploy.SparkSubmit$$anon$2.doSubmit(SparkSubmit.scala:1046)
[2022-09-29 11:12:29,077] {spark_submit.py:485} INFO - at org.apache.spark.deploy.SparkSubmit$.main(SparkSubmit.scala:1055)
[2022-09-29 11:12:29,077] {spark_submit.py:485} INFO - at org.apache.spark.deploy.SparkSubmit.main(SparkSubmit.scala)
[2022-09-29 11:12:29,077] {spark_submit.py:485} INFO - 22/09/29 11:12:29 WARN DFSClient: Failed to connect to /172.31.0.7:9866 for file /jars/setl_2.12-1.0.0-SNAPSHOT.jar for block BP-1115351834-172.31.0.3-1664436657326:blk_1073742008_1184, add to deadNodes and continue.
[2022-09-29 11:12:29,077] {spark_submit.py:485} INFO - org.apache.hadoop.net.ConnectTimeoutException: 60000 millis timeout while waiting for channel to be ready for connect. ch : java.nio.channels.SocketChannel[connection-pending remote=/172.31.0.7:9866]
[2022-09-29 11:12:29,077] {spark_submit.py:485} INFO - at org.apache.hadoop.net.NetUtils.connect(NetUtils.java:589)
[2022-09-29 11:12:29,077] {spark_submit.py:485} INFO - at org.apache.hadoop.hdfs.DFSClient.newConnectedPeer(DFSClient.java:3033)
[2022-09-29 11:12:29,077] {spark_submit.py:485} INFO - at org.apache.hadoop.hdfs.client.impl.BlockReaderFactory.nextTcpPeer(BlockReaderFactory.java:829)
[2022-09-29 11:12:29,077] {spark_submit.py:485} INFO - at org.apache.hadoop.hdfs.client.impl.BlockReaderFactory.getRemoteBlockReaderFromTcp(BlockReaderFactory.java:754)
[2022-09-29 11:12:29,077] {spark_submit.py:485} INFO - at org.apache.hadoop.hdfs.client.impl.BlockReaderFactory.build(BlockReaderFactory.java:381)
[2022-09-29 11:12:29,077] {spark_submit.py:485} INFO - at org.apache.hadoop.hdfs.DFSInputStream.getBlockReader(DFSInputStream.java:755)
[2022-09-29 11:12:29,077] {spark_submit.py:485} INFO - at org.apache.hadoop.hdfs.DFSInputStream.blockSeekTo(DFSInputStream.java:685)
[2022-09-29 11:12:29,077] {spark_submit.py:485} INFO - at org.apache.hadoop.hdfs.DFSInputStream.readWithStrategy(DFSInputStream.java:884)
[2022-09-29 11:12:29,077] {spark_submit.py:485} INFO - at org.apache.hadoop.hdfs.DFSInputStream.read(DFSInputStream.java:957)
[2022-09-29 11:12:29,077] {spark_submit.py:485} INFO - at java.io.DataInputStream.read(DataInputStream.java:100)
[2022-09-29 11:12:29,077] {spark_submit.py:485} INFO - at org.apache.spark.util.Utils$.$anonfun$copyStream$1(Utils.scala:371)
[2022-09-29 11:12:29,077] {spark_submit.py:485} INFO - at scala.runtime.java8.JFunction0$mcJ$sp.apply(JFunction0$mcJ$sp.java:23)
[2022-09-29 11:12:29,077] {spark_submit.py:485} INFO - at org.apache.spark.util.Utils$.tryWithSafeFinally(Utils.scala:1504)
[2022-09-29 11:12:29,077] {spark_submit.py:485} INFO - at org.apache.spark.util.Utils$.copyStream(Utils.scala:380)
[2022-09-29 11:12:29,077] {spark_submit.py:485} INFO - at org.apache.spark.util.Utils$.downloadFile(Utils.scala:672)
[2022-09-29 11:12:29,077] {spark_submit.py:485} INFO - at org.apache.spark.util.Utils$.fetchHcfsFile(Utils.scala:846)
[2022-09-29 11:12:29,077] {spark_submit.py:485} INFO - at org.apache.spark.util.Utils$.doFetchFile(Utils.scala:820)
[2022-09-29 11:12:29,077] {spark_submit.py:485} INFO - at org.apache.spark.util.DependencyUtils$.downloadFile(DependencyUtils.scala:264)
[2022-09-29 11:12:29,077] {spark_submit.py:485} INFO - at org.apache.spark.deploy.SparkSubmit.$anonfun$prepareSubmitEnvironment$8(SparkSubmit.scala:376)
[2022-09-29 11:12:29,077] {spark_submit.py:485} INFO - at scala.Option.map(Option.scala:230)
[2022-09-29 11:12:29,077] {spark_submit.py:485} INFO - at org.apache.spark.deploy.SparkSubmit.prepareSubmitEnvironment(SparkSubmit.scala:376)
[2022-09-29 11:12:29,077] {spark_submit.py:485} INFO - at org.apache.spark.deploy.SparkSubmit.org$apache$spark$deploy$SparkSubmit$$runMain(SparkSubmit.scala:901)
[2022-09-29 11:12:29,077] {spark_submit.py:485} INFO - at org.apache.spark.deploy.SparkSubmit.doRunMain$1(SparkSubmit.scala:180)
[2022-09-29 11:12:29,077] {spark_submit.py:485} INFO - at org.apache.spark.deploy.SparkSubmit.submit(SparkSubmit.scala:203)
[2022-09-29 11:12:29,077] {spark_submit.py:485} INFO - at org.apache.spark.deploy.SparkSubmit.doSubmit(SparkSubmit.scala:90)
[2022-09-29 11:12:29,077] {spark_submit.py:485} INFO - at org.apache.spark.deploy.SparkSubmit$$anon$2.doSubmit(SparkSubmit.scala:1046)
[2022-09-29 11:12:29,077] {spark_submit.py:485} INFO - at org.apache.spark.deploy.SparkSubmit$.main(SparkSubmit.scala:1055)
[2022-09-29 11:12:29,078] {spark_submit.py:485} INFO - at org.apache.spark.deploy.SparkSubmit.main(SparkSubmit.scala)
[2022-09-29 11:12:29,078] {spark_submit.py:485} INFO - 22/09/29 11:12:29 WARN DFSClient: No live nodes contain block BP-1115351834-172.31.0.3-1664436657326:blk_1073742008_1184 after checking nodes = [DatanodeInfoWithStorage[172.31.0.7:9866,DS-18d9ce5a-92a9-4366-b40f-412ab56a1377,DISK]], ignoredNodes = null
[2022-09-29 11:12:29,078] {spark_submit.py:485} INFO - 22/09/29 11:12:29 WARN DFSClient: DFS chooseDataNode: got # 3 IOException, will wait for 11667.938055444898 msec.
[2022-09-29 11:13:40,922] {spark_submit.py:485} INFO - 22/09/29 11:13:40 WARN BlockReaderFactory: I/O error constructing remote block reader.
[2022-09-29 11:13:40,922] {spark_submit.py:485} INFO - org.apache.hadoop.net.ConnectTimeoutException: 60000 millis timeout while waiting for channel to be ready for connect. ch : java.nio.channels.SocketChannel[connection-pending remote=/172.31.0.7:9866]
[2022-09-29 11:13:40,922] {spark_submit.py:485} INFO - at org.apache.hadoop.net.NetUtils.connect(NetUtils.java:589)
[2022-09-29 11:13:40,923] {spark_submit.py:485} INFO - at org.apache.hadoop.hdfs.DFSClient.newConnectedPeer(DFSClient.java:3033)
[2022-09-29 11:13:40,923] {spark_submit.py:485} INFO - at org.apache.hadoop.hdfs.client.impl.BlockReaderFactory.nextTcpPeer(BlockReaderFactory.java:829)
[2022-09-29 11:13:40,923] {spark_submit.py:485} INFO - at org.apache.hadoop.hdfs.client.impl.BlockReaderFactory.getRemoteBlockReaderFromTcp(BlockReaderFactory.java:754)
[2022-09-29 11:13:40,923] {spark_submit.py:485} INFO - at org.apache.hadoop.hdfs.client.impl.BlockReaderFactory.build(BlockReaderFactory.java:381)
[2022-09-29 11:13:40,923] {spark_submit.py:485} INFO - at org.apache.hadoop.hdfs.DFSInputStream.getBlockReader(DFSInputStream.java:755)
[2022-09-29 11:13:40,923] {spark_submit.py:485} INFO - at org.apache.hadoop.hdfs.DFSInputStream.blockSeekTo(DFSInputStream.java:685)
[2022-09-29 11:13:40,923] {spark_submit.py:485} INFO - at org.apache.hadoop.hdfs.DFSInputStream.readWithStrategy(DFSInputStream.java:884)
[2022-09-29 11:13:40,923] {spark_submit.py:485} INFO - at org.apache.hadoop.hdfs.DFSInputStream.read(DFSInputStream.java:957)
[2022-09-29 11:13:40,923] {spark_submit.py:485} INFO - at java.io.DataInputStream.read(DataInputStream.java:100)
[2022-09-29 11:13:40,923] {spark_submit.py:485} INFO - at org.apache.spark.util.Utils$.$anonfun$copyStream$1(Utils.scala:371)
[2022-09-29 11:13:40,923] {spark_submit.py:485} INFO - at scala.runtime.java8.JFunction0$mcJ$sp.apply(JFunction0$mcJ$sp.java:23)
[2022-09-29 11:13:40,923] {spark_submit.py:485} INFO - at org.apache.spark.util.Utils$.tryWithSafeFinally(Utils.scala:1504)
[2022-09-29 11:13:40,923] {spark_submit.py:485} INFO - at org.apache.spark.util.Utils$.copyStream(Utils.scala:380)
[2022-09-29 11:13:40,923] {spark_submit.py:485} INFO - at org.apache.spark.util.Utils$.downloadFile(Utils.scala:672)
[2022-09-29 11:13:40,923] {spark_submit.py:485} INFO - at org.apache.spark.util.Utils$.fetchHcfsFile(Utils.scala:846)
[2022-09-29 11:13:40,923] {spark_submit.py:485} INFO - at org.apache.spark.util.Utils$.doFetchFile(Utils.scala:820)
[2022-09-29 11:13:40,923] {spark_submit.py:485} INFO - at org.apache.spark.util.DependencyUtils$.downloadFile(DependencyUtils.scala:264)
[2022-09-29 11:13:40,923] {spark_submit.py:485} INFO - at org.apache.spark.deploy.SparkSubmit.$anonfun$prepareSubmitEnvironment$8(SparkSubmit.scala:376)
[2022-09-29 11:13:40,923] {spark_submit.py:485} INFO - at scala.Option.map(Option.scala:230)
[2022-09-29 11:13:40,923] {spark_submit.py:485} INFO - at org.apache.spark.deploy.SparkSubmit.prepareSubmitEnvironment(SparkSubmit.scala:376)
[2022-09-29 11:13:40,923] {spark_submit.py:485} INFO - at org.apache.spark.deploy.SparkSubmit.org$apache$spark$deploy$SparkSubmit$$runMain(SparkSubmit.scala:901)
[2022-09-29 11:13:40,923] {spark_submit.py:485} INFO - at org.apache.spark.deploy.SparkSubmit.doRunMain$1(SparkSubmit.scala:180)
[2022-09-29 11:13:40,923] {spark_submit.py:485} INFO - at org.apache.spark.deploy.SparkSubmit.submit(SparkSubmit.scala:203)
[2022-09-29 11:13:40,923] {spark_submit.py:485} INFO - at org.apache.spark.deploy.SparkSubmit.doSubmit(SparkSubmit.scala:90)
[2022-09-29 11:13:40,923] {spark_submit.py:485} INFO - at org.apache.spark.deploy.SparkSubmit$$anon$2.doSubmit(SparkSubmit.scala:1046)
[2022-09-29 11:13:40,923] {spark_submit.py:485} INFO - at org.apache.spark.deploy.SparkSubmit$.main(SparkSubmit.scala:1055)
[2022-09-29 11:13:40,923] {spark_submit.py:485} INFO - at org.apache.spark.deploy.SparkSubmit.main(SparkSubmit.scala)
[2022-09-29 11:13:40,923] {spark_submit.py:485} INFO - 22/09/29 11:13:40 WARN DFSClient: Failed to connect to /172.31.0.7:9866 for file /jars/setl_2.12-1.0.0-SNAPSHOT.jar for block BP-1115351834-172.31.0.3-1664436657326:blk_1073742008_1184, add to deadNodes and continue.
[2022-09-29 11:13:40,924] {spark_submit.py:485} INFO - org.apache.hadoop.net.ConnectTimeoutException: 60000 millis timeout while waiting for channel to be ready for connect. ch : java.nio.channels.SocketChannel[connection-pending remote=/172.31.0.7:9866]
[2022-09-29 11:13:40,924] {spark_submit.py:485} INFO - at org.apache.hadoop.net.NetUtils.connect(NetUtils.java:589)
[2022-09-29 11:13:40,924] {spark_submit.py:485} INFO - at org.apache.hadoop.hdfs.DFSClient.newConnectedPeer(DFSClient.java:3033)
[2022-09-29 11:13:40,924] {spark_submit.py:485} INFO - at org.apache.hadoop.hdfs.client.impl.BlockReaderFactory.nextTcpPeer(BlockReaderFactory.java:829)
[2022-09-29 11:13:40,924] {spark_submit.py:485} INFO - at org.apache.hadoop.hdfs.client.impl.BlockReaderFactory.getRemoteBlockReaderFromTcp(BlockReaderFactory.java:754)
[2022-09-29 11:13:40,924] {spark_submit.py:485} INFO - at org.apache.hadoop.hdfs.client.impl.BlockReaderFactory.build(BlockReaderFactory.java:381)
[2022-09-29 11:13:40,924] {spark_submit.py:485} INFO - at org.apache.hadoop.hdfs.DFSInputStream.getBlockReader(DFSInputStream.java:755)
[2022-09-29 11:13:40,924] {spark_submit.py:485} INFO - at org.apache.hadoop.hdfs.DFSInputStream.blockSeekTo(DFSInputStream.java:685)
[2022-09-29 11:13:40,924] {spark_submit.py:485} INFO - at org.apache.hadoop.hdfs.DFSInputStream.readWithStrategy(DFSInputStream.java:884)
[2022-09-29 11:13:40,924] {spark_submit.py:485} INFO - at org.apache.hadoop.hdfs.DFSInputStream.read(DFSInputStream.java:957)
[2022-09-29 11:13:40,924] {spark_submit.py:485} INFO - at java.io.DataInputStream.read(DataInputStream.java:100)
[2022-09-29 11:13:40,924] {spark_submit.py:485} INFO - at org.apache.spark.util.Utils$.$anonfun$copyStream$1(Utils.scala:371)
[2022-09-29 11:13:40,924] {spark_submit.py:485} INFO - at scala.runtime.java8.JFunction0$mcJ$sp.apply(JFunction0$mcJ$sp.java:23)
[2022-09-29 11:13:40,924] {spark_submit.py:485} INFO - at org.apache.spark.util.Utils$.tryWithSafeFinally(Utils.scala:1504)
[2022-09-29 11:13:40,924] {spark_submit.py:485} INFO - at org.apache.spark.util.Utils$.copyStream(Utils.scala:380)
[2022-09-29 11:13:40,924] {spark_submit.py:485} INFO - at org.apache.spark.util.Utils$.downloadFile(Utils.scala:672)
[2022-09-29 11:13:40,924] {spark_submit.py:485} INFO - at org.apache.spark.util.Utils$.fetchHcfsFile(Utils.scala:846)
[2022-09-29 11:13:40,924] {spark_submit.py:485} INFO - at org.apache.spark.util.Utils$.doFetchFile(Utils.scala:820)
[2022-09-29 11:13:40,924] {spark_submit.py:485} INFO - at org.apache.spark.util.DependencyUtils$.downloadFile(DependencyUtils.scala:264)
[2022-09-29 11:13:40,924] {spark_submit.py:485} INFO - at org.apache.spark.deploy.SparkSubmit.$anonfun$prepareSubmitEnvironment$8(SparkSubmit.scala:376)
[2022-09-29 11:13:40,924] {spark_submit.py:485} INFO - at scala.Option.map(Option.scala:230)
[2022-09-29 11:13:40,924] {spark_submit.py:485} INFO - at org.apache.spark.deploy.SparkSubmit.prepareSubmitEnvironment(SparkSubmit.scala:376)
[2022-09-29 11:13:40,924] {spark_submit.py:485} INFO - at org.apache.spark.deploy.SparkSubmit.org$apache$spark$deploy$SparkSubmit$$runMain(SparkSubmit.scala:901)
[2022-09-29 11:13:40,924] {spark_submit.py:485} INFO - at org.apache.spark.deploy.SparkSubmit.doRunMain$1(SparkSubmit.scala:180)
[2022-09-29 11:13:40,924] {spark_submit.py:485} INFO - at org.apache.spark.deploy.SparkSubmit.submit(SparkSubmit.scala:203)
[2022-09-29 11:13:40,924] {spark_submit.py:485} INFO - at org.apache.spark.deploy.SparkSubmit.doSubmit(SparkSubmit.scala:90)
[2022-09-29 11:13:40,924] {spark_submit.py:485} INFO - at org.apache.spark.deploy.SparkSubmit$$anon$2.doSubmit(SparkSubmit.scala:1046)
[2022-09-29 11:13:40,924] {spark_submit.py:485} INFO - at org.apache.spark.deploy.SparkSubmit$.main(SparkSubmit.scala:1055)
[2022-09-29 11:13:40,924] {spark_submit.py:485} INFO - at org.apache.spark.deploy.SparkSubmit.main(SparkSubmit.scala)
[2022-09-29 11:13:40,924] {spark_submit.py:485} INFO - 22/09/29 11:13:40 WARN DFSClient: No live nodes contain block BP-1115351834-172.31.0.3-1664436657326:blk_1073742008_1184 after checking nodes = [DatanodeInfoWithStorage[172.31.0.7:9866,DS-18d9ce5a-92a9-4366-b40f-412ab56a1377,DISK]], ignoredNodes = null
[2022-09-29 11:13:40,924] {spark_submit.py:485} INFO - 22/09/29 11:13:40 WARN DFSClient: Could not obtain block: BP-1115351834-172.31.0.3-1664436657326:blk_1073742008_1184 file=/jars/setl_2.12-1.0.0-SNAPSHOT.jar No live nodes contain current block Block locations: DatanodeInfoWithStorage[172.31.0.7:9866,DS-18d9ce5a-92a9-4366-b40f-412ab56a1377,DISK] Dead nodes:  DatanodeInfoWithStorage[172.31.0.7:9866,DS-18d9ce5a-92a9-4366-b40f-412ab56a1377,DISK]. Throwing a BlockMissingException
[2022-09-29 11:13:40,925] {spark_submit.py:485} INFO - 22/09/29 11:13:40 WARN DFSClient: No live nodes contain block BP-1115351834-172.31.0.3-1664436657326:blk_1073742008_1184 after checking nodes = [DatanodeInfoWithStorage[172.31.0.7:9866,DS-18d9ce5a-92a9-4366-b40f-412ab56a1377,DISK]], ignoredNodes = null
[2022-09-29 11:13:40,926] {spark_submit.py:485} INFO - 22/09/29 11:13:40 WARN DFSClient: Could not obtain block: BP-1115351834-172.31.0.3-1664436657326:blk_1073742008_1184 file=/jars/setl_2.12-1.0.0-SNAPSHOT.jar No live nodes contain current block Block locations: DatanodeInfoWithStorage[172.31.0.7:9866,DS-18d9ce5a-92a9-4366-b40f-412ab56a1377,DISK] Dead nodes:  DatanodeInfoWithStorage[172.31.0.7:9866,DS-18d9ce5a-92a9-4366-b40f-412ab56a1377,DISK]. Throwing a BlockMissingException
[2022-09-29 11:13:40,926] {spark_submit.py:485} INFO - 22/09/29 11:13:40 WARN DFSClient: DFS Read
[2022-09-29 11:13:40,926] {spark_submit.py:485} INFO - org.apache.hadoop.hdfs.BlockMissingException: Could not obtain block: BP-1115351834-172.31.0.3-1664436657326:blk_1073742008_1184 file=/jars/setl_2.12-1.0.0-SNAPSHOT.jar No live nodes contain current block Block locations: DatanodeInfoWithStorage[172.31.0.7:9866,DS-18d9ce5a-92a9-4366-b40f-412ab56a1377,DISK] Dead nodes:  DatanodeInfoWithStorage[172.31.0.7:9866,DS-18d9ce5a-92a9-4366-b40f-412ab56a1377,DISK]
[2022-09-29 11:13:40,926] {spark_submit.py:485} INFO - at org.apache.hadoop.hdfs.DFSInputStream.refetchLocations(DFSInputStream.java:1007)
[2022-09-29 11:13:40,926] {spark_submit.py:485} INFO - at org.apache.hadoop.hdfs.DFSInputStream.chooseDataNode(DFSInputStream.java:990)
[2022-09-29 11:13:40,926] {spark_submit.py:485} INFO - at org.apache.hadoop.hdfs.DFSInputStream.chooseDataNode(DFSInputStream.java:969)
[2022-09-29 11:13:40,926] {spark_submit.py:485} INFO - at org.apache.hadoop.hdfs.DFSInputStream.blockSeekTo(DFSInputStream.java:677)
[2022-09-29 11:13:40,926] {spark_submit.py:485} INFO - at org.apache.hadoop.hdfs.DFSInputStream.readWithStrategy(DFSInputStream.java:884)
[2022-09-29 11:13:40,926] {spark_submit.py:485} INFO - at org.apache.hadoop.hdfs.DFSInputStream.read(DFSInputStream.java:957)
[2022-09-29 11:13:40,926] {spark_submit.py:485} INFO - at java.io.DataInputStream.read(DataInputStream.java:100)
[2022-09-29 11:13:40,926] {spark_submit.py:485} INFO - at org.apache.spark.util.Utils$.$anonfun$copyStream$1(Utils.scala:371)
[2022-09-29 11:13:40,926] {spark_submit.py:485} INFO - at scala.runtime.java8.JFunction0$mcJ$sp.apply(JFunction0$mcJ$sp.java:23)
[2022-09-29 11:13:40,926] {spark_submit.py:485} INFO - at org.apache.spark.util.Utils$.tryWithSafeFinally(Utils.scala:1504)
[2022-09-29 11:13:40,926] {spark_submit.py:485} INFO - at org.apache.spark.util.Utils$.copyStream(Utils.scala:380)
[2022-09-29 11:13:40,926] {spark_submit.py:485} INFO - at org.apache.spark.util.Utils$.downloadFile(Utils.scala:672)
[2022-09-29 11:13:40,926] {spark_submit.py:485} INFO - at org.apache.spark.util.Utils$.fetchHcfsFile(Utils.scala:846)
[2022-09-29 11:13:40,926] {spark_submit.py:485} INFO - at org.apache.spark.util.Utils$.doFetchFile(Utils.scala:820)
[2022-09-29 11:13:40,926] {spark_submit.py:485} INFO - at org.apache.spark.util.DependencyUtils$.downloadFile(DependencyUtils.scala:264)
[2022-09-29 11:13:40,926] {spark_submit.py:485} INFO - at org.apache.spark.deploy.SparkSubmit.$anonfun$prepareSubmitEnvironment$8(SparkSubmit.scala:376)
[2022-09-29 11:13:40,927] {spark_submit.py:485} INFO - at scala.Option.map(Option.scala:230)
[2022-09-29 11:13:40,927] {spark_submit.py:485} INFO - at org.apache.spark.deploy.SparkSubmit.prepareSubmitEnvironment(SparkSubmit.scala:376)
[2022-09-29 11:13:40,927] {spark_submit.py:485} INFO - at org.apache.spark.deploy.SparkSubmit.org$apache$spark$deploy$SparkSubmit$$runMain(SparkSubmit.scala:901)
[2022-09-29 11:13:40,927] {spark_submit.py:485} INFO - at org.apache.spark.deploy.SparkSubmit.doRunMain$1(SparkSubmit.scala:180)
[2022-09-29 11:13:40,927] {spark_submit.py:485} INFO - at org.apache.spark.deploy.SparkSubmit.submit(SparkSubmit.scala:203)
[2022-09-29 11:13:40,927] {spark_submit.py:485} INFO - at org.apache.spark.deploy.SparkSubmit.doSubmit(SparkSubmit.scala:90)
[2022-09-29 11:13:40,927] {spark_submit.py:485} INFO - at org.apache.spark.deploy.SparkSubmit$$anon$2.doSubmit(SparkSubmit.scala:1046)
[2022-09-29 11:13:40,927] {spark_submit.py:485} INFO - at org.apache.spark.deploy.SparkSubmit$.main(SparkSubmit.scala:1055)
[2022-09-29 11:13:40,927] {spark_submit.py:485} INFO - at org.apache.spark.deploy.SparkSubmit.main(SparkSubmit.scala)
[2022-09-29 11:13:40,929] {spark_submit.py:485} INFO - Exception in thread "main" org.apache.hadoop.hdfs.BlockMissingException: Could not obtain block: BP-1115351834-172.31.0.3-1664436657326:blk_1073742008_1184 file=/jars/setl_2.12-1.0.0-SNAPSHOT.jar No live nodes contain current block Block locations: DatanodeInfoWithStorage[172.31.0.7:9866,DS-18d9ce5a-92a9-4366-b40f-412ab56a1377,DISK] Dead nodes:  DatanodeInfoWithStorage[172.31.0.7:9866,DS-18d9ce5a-92a9-4366-b40f-412ab56a1377,DISK]
[2022-09-29 11:13:40,930] {spark_submit.py:485} INFO - at org.apache.hadoop.hdfs.DFSInputStream.refetchLocations(DFSInputStream.java:1007)
[2022-09-29 11:13:40,930] {spark_submit.py:485} INFO - at org.apache.hadoop.hdfs.DFSInputStream.chooseDataNode(DFSInputStream.java:990)
[2022-09-29 11:13:40,930] {spark_submit.py:485} INFO - at org.apache.hadoop.hdfs.DFSInputStream.chooseDataNode(DFSInputStream.java:969)
[2022-09-29 11:13:40,930] {spark_submit.py:485} INFO - at org.apache.hadoop.hdfs.DFSInputStream.blockSeekTo(DFSInputStream.java:677)
[2022-09-29 11:13:40,930] {spark_submit.py:485} INFO - at org.apache.hadoop.hdfs.DFSInputStream.readWithStrategy(DFSInputStream.java:884)
[2022-09-29 11:13:40,930] {spark_submit.py:485} INFO - at org.apache.hadoop.hdfs.DFSInputStream.read(DFSInputStream.java:957)
[2022-09-29 11:13:40,930] {spark_submit.py:485} INFO - at java.io.DataInputStream.read(DataInputStream.java:100)
[2022-09-29 11:13:40,930] {spark_submit.py:485} INFO - at org.apache.spark.util.Utils$.$anonfun$copyStream$1(Utils.scala:371)
[2022-09-29 11:13:40,930] {spark_submit.py:485} INFO - at scala.runtime.java8.JFunction0$mcJ$sp.apply(JFunction0$mcJ$sp.java:23)
[2022-09-29 11:13:40,930] {spark_submit.py:485} INFO - at org.apache.spark.util.Utils$.tryWithSafeFinally(Utils.scala:1504)
[2022-09-29 11:13:40,930] {spark_submit.py:485} INFO - at org.apache.spark.util.Utils$.copyStream(Utils.scala:380)
[2022-09-29 11:13:40,930] {spark_submit.py:485} INFO - at org.apache.spark.util.Utils$.downloadFile(Utils.scala:672)
[2022-09-29 11:13:40,930] {spark_submit.py:485} INFO - at org.apache.spark.util.Utils$.fetchHcfsFile(Utils.scala:846)
[2022-09-29 11:13:40,930] {spark_submit.py:485} INFO - at org.apache.spark.util.Utils$.doFetchFile(Utils.scala:820)
[2022-09-29 11:13:40,930] {spark_submit.py:485} INFO - at org.apache.spark.util.DependencyUtils$.downloadFile(DependencyUtils.scala:264)
[2022-09-29 11:13:40,930] {spark_submit.py:485} INFO - at org.apache.spark.deploy.SparkSubmit.$anonfun$prepareSubmitEnvironment$8(SparkSubmit.scala:376)
[2022-09-29 11:13:40,930] {spark_submit.py:485} INFO - at scala.Option.map(Option.scala:230)
[2022-09-29 11:13:40,930] {spark_submit.py:485} INFO - at org.apache.spark.deploy.SparkSubmit.prepareSubmitEnvironment(SparkSubmit.scala:376)
[2022-09-29 11:13:40,930] {spark_submit.py:485} INFO - at org.apache.spark.deploy.SparkSubmit.org$apache$spark$deploy$SparkSubmit$$runMain(SparkSubmit.scala:901)
[2022-09-29 11:13:40,930] {spark_submit.py:485} INFO - at org.apache.spark.deploy.SparkSubmit.doRunMain$1(SparkSubmit.scala:180)
[2022-09-29 11:13:40,930] {spark_submit.py:485} INFO - at org.apache.spark.deploy.SparkSubmit.submit(SparkSubmit.scala:203)
[2022-09-29 11:13:40,930] {spark_submit.py:485} INFO - at org.apache.spark.deploy.SparkSubmit.doSubmit(SparkSubmit.scala:90)
[2022-09-29 11:13:40,931] {spark_submit.py:485} INFO - at org.apache.spark.deploy.SparkSubmit$$anon$2.doSubmit(SparkSubmit.scala:1046)
[2022-09-29 11:13:40,931] {spark_submit.py:485} INFO - at org.apache.spark.deploy.SparkSubmit$.main(SparkSubmit.scala:1055)
[2022-09-29 11:13:40,931] {spark_submit.py:485} INFO - at org.apache.spark.deploy.SparkSubmit.main(SparkSubmit.scala)
[2022-09-29 11:13:41,016] {taskinstance.py:1700} ERROR - Task failed with exception
Traceback (most recent call last):
  File "/home/airflow/.local/lib/python3.7/site-packages/airflow/models/taskinstance.py", line 1329, in _run_raw_task
    self._execute_task_with_callbacks(context)
  File "/home/airflow/.local/lib/python3.7/site-packages/airflow/models/taskinstance.py", line 1455, in _execute_task_with_callbacks
    result = self._execute_task(context, self.task)
  File "/home/airflow/.local/lib/python3.7/site-packages/airflow/models/taskinstance.py", line 1511, in _execute_task
    result = execute_callable(context=context)
  File "/home/airflow/.local/lib/python3.7/site-packages/airflow/providers/apache/spark/operators/spark_submit.py", line 157, in execute
    self._hook.submit(self._application)
  File "/home/airflow/.local/lib/python3.7/site-packages/airflow/providers/apache/spark/hooks/spark_submit.py", line 417, in submit
    f"Cannot execute: {self._mask_cmd(spark_submit_cmd)}. Error code is: {returncode}."
airflow.exceptions.AirflowException: Cannot execute: spark-submit --master spark://10.0.9.226:7077 --jars hdfs://10.0.9.226:8020/jars/setl_2.12-1.0.0-SNAPSHOT-jar-with-dependencies.jar --class Job_s2t_AddTagVideo hdfs://10.0.9.226:8020/jars/setl_2.12-1.0.0-SNAPSHOT.jar. Error code is: 1.
[2022-09-29 11:13:41,023] {taskinstance.py:1277} INFO - Marking task as FAILED. dag_id=spark-setl3, task_id=spark_job_setl3, execution_date=20220929T110353, start_date=20220929T110916, end_date=20220929T111341
[2022-09-29 11:13:41,032] {standard_task_runner.py:92} ERROR - Failed to execute job 10 for task spark_job_setl3
Traceback (most recent call last):
  File "/home/airflow/.local/lib/python3.7/site-packages/airflow/task/task_runner/standard_task_runner.py", line 85, in _start_by_fork
    args.func(args, dag=self.dag)
  File "/home/airflow/.local/lib/python3.7/site-packages/airflow/cli/cli_parser.py", line 48, in command
    return func(*args, **kwargs)
  File "/home/airflow/.local/lib/python3.7/site-packages/airflow/utils/cli.py", line 92, in wrapper
    return f(*args, **kwargs)
  File "/home/airflow/.local/lib/python3.7/site-packages/airflow/cli/commands/task_command.py", line 298, in task_run
    _run_task_by_selected_method(args, dag, ti)
  File "/home/airflow/.local/lib/python3.7/site-packages/airflow/cli/commands/task_command.py", line 107, in _run_task_by_selected_method
    _run_raw_task(args, ti)
  File "/home/airflow/.local/lib/python3.7/site-packages/airflow/cli/commands/task_command.py", line 184, in _run_raw_task
    error_file=args.error_file,
  File "/home/airflow/.local/lib/python3.7/site-packages/airflow/utils/session.py", line 70, in wrapper
    return func(*args, session=session, **kwargs)
  File "/home/airflow/.local/lib/python3.7/site-packages/airflow/models/taskinstance.py", line 1329, in _run_raw_task
    self._execute_task_with_callbacks(context)
  File "/home/airflow/.local/lib/python3.7/site-packages/airflow/models/taskinstance.py", line 1455, in _execute_task_with_callbacks
    result = self._execute_task(context, self.task)
  File "/home/airflow/.local/lib/python3.7/site-packages/airflow/models/taskinstance.py", line 1511, in _execute_task
    result = execute_callable(context=context)
  File "/home/airflow/.local/lib/python3.7/site-packages/airflow/providers/apache/spark/operators/spark_submit.py", line 157, in execute
    self._hook.submit(self._application)
  File "/home/airflow/.local/lib/python3.7/site-packages/airflow/providers/apache/spark/hooks/spark_submit.py", line 417, in submit
    f"Cannot execute: {self._mask_cmd(spark_submit_cmd)}. Error code is: {returncode}."
airflow.exceptions.AirflowException: Cannot execute: spark-submit --master spark://10.0.9.226:7077 --jars hdfs://10.0.9.226:8020/jars/setl_2.12-1.0.0-SNAPSHOT-jar-with-dependencies.jar --class Job_s2t_AddTagVideo hdfs://10.0.9.226:8020/jars/setl_2.12-1.0.0-SNAPSHOT.jar. Error code is: 1.
[2022-09-29 11:13:41,062] {local_task_job.py:154} INFO - Task exited with return code 1
[2022-09-29 11:13:41,093] {local_task_job.py:264} INFO - 0 downstream tasks scheduled from follow-on schedule check
