[2022-09-29 10:51:10,982] {taskinstance.py:1032} INFO - Dependencies all met for <TaskInstance: spark-setl3.spark_job_setl3 manual__2022-09-29T10:51:10.563597+00:00 [queued]>
[2022-09-29 10:51:10,990] {taskinstance.py:1032} INFO - Dependencies all met for <TaskInstance: spark-setl3.spark_job_setl3 manual__2022-09-29T10:51:10.563597+00:00 [queued]>
[2022-09-29 10:51:10,991] {taskinstance.py:1238} INFO - 
--------------------------------------------------------------------------------
[2022-09-29 10:51:10,991] {taskinstance.py:1239} INFO - Starting attempt 1 of 2
[2022-09-29 10:51:10,991] {taskinstance.py:1240} INFO - 
--------------------------------------------------------------------------------
[2022-09-29 10:51:10,997] {taskinstance.py:1259} INFO - Executing <Task(SparkSubmitOperator): spark_job_setl3> on 2022-09-29 10:51:10.563597+00:00
[2022-09-29 10:51:11,003] {standard_task_runner.py:52} INFO - Started process 632 to run task
[2022-09-29 10:51:11,005] {standard_task_runner.py:76} INFO - Running: ['***', 'tasks', 'run', 'spark-setl3', 'spark_job_setl3', 'manual__2022-09-29T10:51:10.563597+00:00', '--job-id', '5', '--raw', '--subdir', 'DAGS_FOLDER/spark-setl-scala3.py', '--cfg-path', '/tmp/tmpa_rujuze', '--error-file', '/tmp/tmpvuqakkto']
[2022-09-29 10:51:11,006] {standard_task_runner.py:77} INFO - Job 5: Subtask spark_job_setl3
[2022-09-29 10:51:11,038] {logging_mixin.py:109} INFO - Running <TaskInstance: spark-setl3.spark_job_setl3 manual__2022-09-29T10:51:10.563597+00:00 [running]> on host 61cc9e3909d2
[2022-09-29 10:51:11,070] {taskinstance.py:1426} INFO - Exporting the following env vars:
AIRFLOW_CTX_DAG_EMAIL=***admin@example.com
AIRFLOW_CTX_DAG_OWNER=***
AIRFLOW_CTX_DAG_ID=spark-setl3
AIRFLOW_CTX_TASK_ID=spark_job_setl3
AIRFLOW_CTX_EXECUTION_DATE=2022-09-29T10:51:10.563597+00:00
AIRFLOW_CTX_DAG_RUN_ID=manual__2022-09-29T10:51:10.563597+00:00
[2022-09-29 10:51:11,076] {base.py:79} INFO - Using connection to: id: spark_default. Host: spark://10.0.9.226, Port: 7077, Schema: , Login: ***, Password: ***, extra: {}
[2022-09-29 10:51:11,077] {spark_submit.py:334} INFO - Spark-Submit cmd: spark-submit --master spark://10.0.9.226:7077 --jars hdfs://10.0.9.226:8020/jars/setl_2.12-1.0.0-SNAPSHOT-jar-with-dependencies.jar --class Job_s2t_AddTagVideo hdfs://10.0.9.226:8020/jars/setl_2.12-1.0.0-SNAPSHOT.jar
[2022-09-29 10:51:11,282] {spark_submit.py:485} INFO - Error: Unrecognized option: --class Job_s2t_AddTagVideo hdfs://10.0.9.226:8020/jars/setl_2.12-1.0.0-SNAPSHOT.jar
[2022-09-29 10:51:11,282] {spark_submit.py:485} INFO - 
[2022-09-29 10:51:12,291] {spark_submit.py:485} INFO - Usage: spark-submit [options] <app jar | python file | R file> [app arguments]
[2022-09-29 10:51:12,291] {spark_submit.py:485} INFO - Usage: spark-submit --kill [submission ID] --master [spark://...]
[2022-09-29 10:51:12,291] {spark_submit.py:485} INFO - Usage: spark-submit --status [submission ID] --master [spark://...]
[2022-09-29 10:51:12,291] {spark_submit.py:485} INFO - Usage: spark-submit run-example [options] example-class [example args]
[2022-09-29 10:51:12,293] {spark_submit.py:485} INFO - 
[2022-09-29 10:51:12,293] {spark_submit.py:485} INFO - Options:
[2022-09-29 10:51:12,293] {spark_submit.py:485} INFO - --master MASTER_URL         spark://host:port, mesos://host:port, yarn,
[2022-09-29 10:51:12,293] {spark_submit.py:485} INFO - k8s://https://host:port, or local (Default: local[*]).
[2022-09-29 10:51:12,293] {spark_submit.py:485} INFO - --deploy-mode DEPLOY_MODE   Whether to launch the driver program locally ("client") or
[2022-09-29 10:51:12,293] {spark_submit.py:485} INFO - on one of the worker machines inside the cluster ("cluster")
[2022-09-29 10:51:12,293] {spark_submit.py:485} INFO - (Default: client).
[2022-09-29 10:51:12,293] {spark_submit.py:485} INFO - --class CLASS_NAME          Your application's main class (for Java / Scala apps).
[2022-09-29 10:51:12,293] {spark_submit.py:485} INFO - --name NAME                 A name of your application.
[2022-09-29 10:51:12,293] {spark_submit.py:485} INFO - --jars JARS                 Comma-separated list of jars to include on the driver
[2022-09-29 10:51:12,293] {spark_submit.py:485} INFO - and executor classpaths.
[2022-09-29 10:51:12,293] {spark_submit.py:485} INFO - --packages                  Comma-separated list of maven coordinates of jars to include
[2022-09-29 10:51:12,293] {spark_submit.py:485} INFO - on the driver and executor classpaths. Will search the local
[2022-09-29 10:51:12,293] {spark_submit.py:485} INFO - maven repo, then maven central and any additional remote
[2022-09-29 10:51:12,293] {spark_submit.py:485} INFO - repositories given by --repositories. The format for the
[2022-09-29 10:51:12,293] {spark_submit.py:485} INFO - coordinates should be groupId:artifactId:version.
[2022-09-29 10:51:12,293] {spark_submit.py:485} INFO - --exclude-packages          Comma-separated list of groupId:artifactId, to exclude while
[2022-09-29 10:51:12,293] {spark_submit.py:485} INFO - resolving the dependencies provided in --packages to avoid
[2022-09-29 10:51:12,294] {spark_submit.py:485} INFO - dependency conflicts.
[2022-09-29 10:51:12,294] {spark_submit.py:485} INFO - --repositories              Comma-separated list of additional remote repositories to
[2022-09-29 10:51:12,294] {spark_submit.py:485} INFO - search for the maven coordinates given with --packages.
[2022-09-29 10:51:12,294] {spark_submit.py:485} INFO - --py-files PY_FILES         Comma-separated list of .zip, .egg, or .py files to place
[2022-09-29 10:51:12,294] {spark_submit.py:485} INFO - on the PYTHONPATH for Python apps.
[2022-09-29 10:51:12,294] {spark_submit.py:485} INFO - --files FILES               Comma-separated list of files to be placed in the working
[2022-09-29 10:51:12,294] {spark_submit.py:485} INFO - directory of each executor. File paths of these files
[2022-09-29 10:51:12,294] {spark_submit.py:485} INFO - in executors can be accessed via SparkFiles.get(fileName).
[2022-09-29 10:51:12,294] {spark_submit.py:485} INFO - --archives ARCHIVES         Comma-separated list of archives to be extracted into the
[2022-09-29 10:51:12,294] {spark_submit.py:485} INFO - working directory of each executor.
[2022-09-29 10:51:12,294] {spark_submit.py:485} INFO - 
[2022-09-29 10:51:12,294] {spark_submit.py:485} INFO - --conf, -c PROP=VALUE       Arbitrary Spark configuration property.
[2022-09-29 10:51:12,294] {spark_submit.py:485} INFO - --properties-file FILE      Path to a file from which to load extra properties. If not
[2022-09-29 10:51:12,294] {spark_submit.py:485} INFO - specified, this will look for conf/spark-defaults.conf.
[2022-09-29 10:51:12,294] {spark_submit.py:485} INFO - 
[2022-09-29 10:51:12,294] {spark_submit.py:485} INFO - --driver-memory MEM         Memory for driver (e.g. 1000M, 2G) (Default: 1024M).
[2022-09-29 10:51:12,294] {spark_submit.py:485} INFO - --driver-java-options       Extra Java options to pass to the driver.
[2022-09-29 10:51:12,294] {spark_submit.py:485} INFO - --driver-library-path       Extra library path entries to pass to the driver.
[2022-09-29 10:51:12,294] {spark_submit.py:485} INFO - --driver-class-path         Extra class path entries to pass to the driver. Note that
[2022-09-29 10:51:12,294] {spark_submit.py:485} INFO - jars added with --jars are automatically included in the
[2022-09-29 10:51:12,294] {spark_submit.py:485} INFO - classpath.
[2022-09-29 10:51:12,294] {spark_submit.py:485} INFO - 
[2022-09-29 10:51:12,294] {spark_submit.py:485} INFO - --executor-memory MEM       Memory per executor (e.g. 1000M, 2G) (Default: 1G).
[2022-09-29 10:51:12,295] {spark_submit.py:485} INFO - 
[2022-09-29 10:51:12,295] {spark_submit.py:485} INFO - --proxy-user NAME           User to impersonate when submitting the application.
[2022-09-29 10:51:12,295] {spark_submit.py:485} INFO - This argument does not work with --principal / --keytab.
[2022-09-29 10:51:12,295] {spark_submit.py:485} INFO - 
[2022-09-29 10:51:12,295] {spark_submit.py:485} INFO - --help, -h                  Show this help message and exit.
[2022-09-29 10:51:12,295] {spark_submit.py:485} INFO - --verbose, -v               Print additional debug output.
[2022-09-29 10:51:12,295] {spark_submit.py:485} INFO - --version,                  Print the version of current Spark.
[2022-09-29 10:51:12,295] {spark_submit.py:485} INFO - 
[2022-09-29 10:51:12,295] {spark_submit.py:485} INFO - Cluster deploy mode only:
[2022-09-29 10:51:12,295] {spark_submit.py:485} INFO - --driver-cores NUM          Number of cores used by the driver, only in cluster mode
[2022-09-29 10:51:12,295] {spark_submit.py:485} INFO - (Default: 1).
[2022-09-29 10:51:12,295] {spark_submit.py:485} INFO - 
[2022-09-29 10:51:12,295] {spark_submit.py:485} INFO - Spark standalone or Mesos with cluster deploy mode only:
[2022-09-29 10:51:12,295] {spark_submit.py:485} INFO - --supervise                 If given, restarts the driver on failure.
[2022-09-29 10:51:12,295] {spark_submit.py:485} INFO - 
[2022-09-29 10:51:12,295] {spark_submit.py:485} INFO - Spark standalone, Mesos or K8s with cluster deploy mode only:
[2022-09-29 10:51:12,295] {spark_submit.py:485} INFO - --kill SUBMISSION_ID        If given, kills the driver specified.
[2022-09-29 10:51:12,295] {spark_submit.py:485} INFO - --status SUBMISSION_ID      If given, requests the status of the driver specified.
[2022-09-29 10:51:12,295] {spark_submit.py:485} INFO - 
[2022-09-29 10:51:12,295] {spark_submit.py:485} INFO - Spark standalone, Mesos and Kubernetes only:
[2022-09-29 10:51:12,296] {spark_submit.py:485} INFO - --total-executor-cores NUM  Total cores for all executors.
[2022-09-29 10:51:12,296] {spark_submit.py:485} INFO - 
[2022-09-29 10:51:12,296] {spark_submit.py:485} INFO - Spark standalone, YARN and Kubernetes only:
[2022-09-29 10:51:12,296] {spark_submit.py:485} INFO - --executor-cores NUM        Number of cores used by each executor. (Default: 1 in
[2022-09-29 10:51:12,296] {spark_submit.py:485} INFO - YARN and K8S modes, or all available cores on the worker
[2022-09-29 10:51:12,296] {spark_submit.py:485} INFO - in standalone mode).
[2022-09-29 10:51:12,296] {spark_submit.py:485} INFO - 
[2022-09-29 10:51:12,296] {spark_submit.py:485} INFO - Spark on YARN and Kubernetes only:
[2022-09-29 10:51:12,296] {spark_submit.py:485} INFO - --num-executors NUM         Number of executors to launch (Default: 2).
[2022-09-29 10:51:12,296] {spark_submit.py:485} INFO - If dynamic allocation is enabled, the initial number of
[2022-09-29 10:51:12,296] {spark_submit.py:485} INFO - executors will be at least NUM.
[2022-09-29 10:51:12,296] {spark_submit.py:485} INFO - --principal PRINCIPAL       Principal to be used to login to KDC.
[2022-09-29 10:51:12,296] {spark_submit.py:485} INFO - --keytab KEYTAB             The full path to the file that contains the keytab for the
[2022-09-29 10:51:12,296] {spark_submit.py:485} INFO - principal specified above.
[2022-09-29 10:51:12,296] {spark_submit.py:485} INFO - 
[2022-09-29 10:51:12,296] {spark_submit.py:485} INFO - Spark on YARN only:
[2022-09-29 10:51:12,296] {spark_submit.py:485} INFO - --queue QUEUE_NAME          The YARN queue to submit to (Default: "default").
[2022-09-29 10:51:12,296] {spark_submit.py:485} INFO - 
[2022-09-29 10:51:12,325] {taskinstance.py:1700} ERROR - Task failed with exception
Traceback (most recent call last):
  File "/home/airflow/.local/lib/python3.7/site-packages/airflow/models/taskinstance.py", line 1329, in _run_raw_task
    self._execute_task_with_callbacks(context)
  File "/home/airflow/.local/lib/python3.7/site-packages/airflow/models/taskinstance.py", line 1455, in _execute_task_with_callbacks
    result = self._execute_task(context, self.task)
  File "/home/airflow/.local/lib/python3.7/site-packages/airflow/models/taskinstance.py", line 1511, in _execute_task
    result = execute_callable(context=context)
  File "/home/airflow/.local/lib/python3.7/site-packages/airflow/providers/apache/spark/operators/spark_submit.py", line 157, in execute
    self._hook.submit(self._application)
  File "/home/airflow/.local/lib/python3.7/site-packages/airflow/providers/apache/spark/hooks/spark_submit.py", line 417, in submit
    f"Cannot execute: {self._mask_cmd(spark_submit_cmd)}. Error code is: {returncode}."
airflow.exceptions.AirflowException: Cannot execute: spark-submit --master spark://10.0.9.226:7077 --jars hdfs://10.0.9.226:8020/jars/setl_2.12-1.0.0-SNAPSHOT-jar-with-dependencies.jar --class Job_s2t_AddTagVideo hdfs://10.0.9.226:8020/jars/setl_2.12-1.0.0-SNAPSHOT.jar. Error code is: 1.
[2022-09-29 10:51:12,332] {taskinstance.py:1277} INFO - Marking task as UP_FOR_RETRY. dag_id=spark-setl3, task_id=spark_job_setl3, execution_date=20220929T105110, start_date=20220929T105110, end_date=20220929T105112
[2022-09-29 10:51:12,344] {standard_task_runner.py:92} ERROR - Failed to execute job 5 for task spark_job_setl3
Traceback (most recent call last):
  File "/home/airflow/.local/lib/python3.7/site-packages/airflow/task/task_runner/standard_task_runner.py", line 85, in _start_by_fork
    args.func(args, dag=self.dag)
  File "/home/airflow/.local/lib/python3.7/site-packages/airflow/cli/cli_parser.py", line 48, in command
    return func(*args, **kwargs)
  File "/home/airflow/.local/lib/python3.7/site-packages/airflow/utils/cli.py", line 92, in wrapper
    return f(*args, **kwargs)
  File "/home/airflow/.local/lib/python3.7/site-packages/airflow/cli/commands/task_command.py", line 298, in task_run
    _run_task_by_selected_method(args, dag, ti)
  File "/home/airflow/.local/lib/python3.7/site-packages/airflow/cli/commands/task_command.py", line 107, in _run_task_by_selected_method
    _run_raw_task(args, ti)
  File "/home/airflow/.local/lib/python3.7/site-packages/airflow/cli/commands/task_command.py", line 184, in _run_raw_task
    error_file=args.error_file,
  File "/home/airflow/.local/lib/python3.7/site-packages/airflow/utils/session.py", line 70, in wrapper
    return func(*args, session=session, **kwargs)
  File "/home/airflow/.local/lib/python3.7/site-packages/airflow/models/taskinstance.py", line 1329, in _run_raw_task
    self._execute_task_with_callbacks(context)
  File "/home/airflow/.local/lib/python3.7/site-packages/airflow/models/taskinstance.py", line 1455, in _execute_task_with_callbacks
    result = self._execute_task(context, self.task)
  File "/home/airflow/.local/lib/python3.7/site-packages/airflow/models/taskinstance.py", line 1511, in _execute_task
    result = execute_callable(context=context)
  File "/home/airflow/.local/lib/python3.7/site-packages/airflow/providers/apache/spark/operators/spark_submit.py", line 157, in execute
    self._hook.submit(self._application)
  File "/home/airflow/.local/lib/python3.7/site-packages/airflow/providers/apache/spark/hooks/spark_submit.py", line 417, in submit
    f"Cannot execute: {self._mask_cmd(spark_submit_cmd)}. Error code is: {returncode}."
airflow.exceptions.AirflowException: Cannot execute: spark-submit --master spark://10.0.9.226:7077 --jars hdfs://10.0.9.226:8020/jars/setl_2.12-1.0.0-SNAPSHOT-jar-with-dependencies.jar --class Job_s2t_AddTagVideo hdfs://10.0.9.226:8020/jars/setl_2.12-1.0.0-SNAPSHOT.jar. Error code is: 1.
[2022-09-29 10:51:12,385] {local_task_job.py:154} INFO - Task exited with return code 1
[2022-09-29 10:51:12,404] {local_task_job.py:264} INFO - 0 downstream tasks scheduled from follow-on schedule check
