[2022-09-30 08:22:05,322] {taskinstance.py:1032} INFO - Dependencies all met for <TaskInstance: spark-setl3.spark_job_setl3 manual__2022-09-30T08:22:04.634175+00:00 [queued]>
[2022-09-30 08:22:05,328] {taskinstance.py:1032} INFO - Dependencies all met for <TaskInstance: spark-setl3.spark_job_setl3 manual__2022-09-30T08:22:04.634175+00:00 [queued]>
[2022-09-30 08:22:05,328] {taskinstance.py:1238} INFO - 
--------------------------------------------------------------------------------
[2022-09-30 08:22:05,328] {taskinstance.py:1239} INFO - Starting attempt 1 of 2
[2022-09-30 08:22:05,328] {taskinstance.py:1240} INFO - 
--------------------------------------------------------------------------------
[2022-09-30 08:22:05,334] {taskinstance.py:1259} INFO - Executing <Task(SparkSubmitOperator): spark_job_setl3> on 2022-09-30 08:22:04.634175+00:00
[2022-09-30 08:22:05,338] {standard_task_runner.py:52} INFO - Started process 535 to run task
[2022-09-30 08:22:05,340] {standard_task_runner.py:76} INFO - Running: ['***', 'tasks', 'run', 'spark-setl3', 'spark_job_setl3', 'manual__2022-09-30T08:22:04.634175+00:00', '--job-id', '66', '--raw', '--subdir', 'DAGS_FOLDER/spark-setl-scala3.py', '--cfg-path', '/tmp/tmpm5ejj9bd', '--error-file', '/tmp/tmpmcqocn8p']
[2022-09-30 08:22:05,340] {standard_task_runner.py:77} INFO - Job 66: Subtask spark_job_setl3
[2022-09-30 08:22:05,369] {logging_mixin.py:109} INFO - Running <TaskInstance: spark-setl3.spark_job_setl3 manual__2022-09-30T08:22:04.634175+00:00 [running]> on host 3b110e72e73c
[2022-09-30 08:22:05,400] {taskinstance.py:1426} INFO - Exporting the following env vars:
AIRFLOW_CTX_DAG_EMAIL=***admin@example.com
AIRFLOW_CTX_DAG_OWNER=***
AIRFLOW_CTX_DAG_ID=spark-setl3
AIRFLOW_CTX_TASK_ID=spark_job_setl3
AIRFLOW_CTX_EXECUTION_DATE=2022-09-30T08:22:04.634175+00:00
AIRFLOW_CTX_DAG_RUN_ID=manual__2022-09-30T08:22:04.634175+00:00
[2022-09-30 08:22:05,406] {base.py:79} INFO - Using connection to: id: spark_default. Host: spark://10.0.9.226, Port: 7077, Schema: , Login: ***, Password: ***, extra: {}
[2022-09-30 08:22:05,406] {spark_submit.py:334} INFO - Spark-Submit cmd: spark-submit --master spark://10.0.9.226:7077 --jars hdfs://10.0.9.226:8020/jars/setl_2.12-1.0.0-SNAPSHOT-jar-with-dependencies.jar --class Job_s2t_AddTagVideo hdfs://10.0.9.226:8020/jars/setl_2.12-1.0.0-SNAPSHOT.jar
[2022-09-30 08:22:07,288] {spark_submit.py:485} INFO - 22/09/30 08:22:07 WARN NativeCodeLoader: Unable to load native-hadoop library for your platform... using builtin-java classes where applicable
[2022-09-30 08:23:08,120] {spark_submit.py:485} INFO - 22/09/30 08:23:08 WARN BlockReaderFactory: I/O error constructing remote block reader.
[2022-09-30 08:23:08,120] {spark_submit.py:485} INFO - org.apache.hadoop.net.ConnectTimeoutException: 60000 millis timeout while waiting for channel to be ready for connect. ch : java.nio.channels.SocketChannel[connection-pending remote=/172.31.0.7:9866]
[2022-09-30 08:23:08,121] {spark_submit.py:485} INFO - at org.apache.hadoop.net.NetUtils.connect(NetUtils.java:589)
[2022-09-30 08:23:08,121] {spark_submit.py:485} INFO - at org.apache.hadoop.hdfs.DFSClient.newConnectedPeer(DFSClient.java:3033)
[2022-09-30 08:23:08,121] {spark_submit.py:485} INFO - at org.apache.hadoop.hdfs.client.impl.BlockReaderFactory.nextTcpPeer(BlockReaderFactory.java:829)
[2022-09-30 08:23:08,121] {spark_submit.py:485} INFO - at org.apache.hadoop.hdfs.client.impl.BlockReaderFactory.getRemoteBlockReaderFromTcp(BlockReaderFactory.java:754)
[2022-09-30 08:23:08,121] {spark_submit.py:485} INFO - at org.apache.hadoop.hdfs.client.impl.BlockReaderFactory.build(BlockReaderFactory.java:381)
[2022-09-30 08:23:08,121] {spark_submit.py:485} INFO - at org.apache.hadoop.hdfs.DFSInputStream.getBlockReader(DFSInputStream.java:755)
[2022-09-30 08:23:08,121] {spark_submit.py:485} INFO - at org.apache.hadoop.hdfs.DFSInputStream.blockSeekTo(DFSInputStream.java:685)
[2022-09-30 08:23:08,121] {spark_submit.py:485} INFO - at org.apache.hadoop.hdfs.DFSInputStream.readWithStrategy(DFSInputStream.java:884)
[2022-09-30 08:23:08,121] {spark_submit.py:485} INFO - at org.apache.hadoop.hdfs.DFSInputStream.read(DFSInputStream.java:957)
[2022-09-30 08:23:08,121] {spark_submit.py:485} INFO - at java.io.DataInputStream.read(DataInputStream.java:100)
[2022-09-30 08:23:08,121] {spark_submit.py:485} INFO - at org.apache.spark.util.Utils$.$anonfun$copyStream$1(Utils.scala:371)
[2022-09-30 08:23:08,121] {spark_submit.py:485} INFO - at scala.runtime.java8.JFunction0$mcJ$sp.apply(JFunction0$mcJ$sp.java:23)
[2022-09-30 08:23:08,121] {spark_submit.py:485} INFO - at org.apache.spark.util.Utils$.tryWithSafeFinally(Utils.scala:1504)
[2022-09-30 08:23:08,121] {spark_submit.py:485} INFO - at org.apache.spark.util.Utils$.copyStream(Utils.scala:380)
[2022-09-30 08:23:08,121] {spark_submit.py:485} INFO - at org.apache.spark.util.Utils$.downloadFile(Utils.scala:672)
[2022-09-30 08:23:08,121] {spark_submit.py:485} INFO - at org.apache.spark.util.Utils$.fetchHcfsFile(Utils.scala:846)
[2022-09-30 08:23:08,121] {spark_submit.py:485} INFO - at org.apache.spark.util.Utils$.doFetchFile(Utils.scala:820)
[2022-09-30 08:23:08,121] {spark_submit.py:485} INFO - at org.apache.spark.util.DependencyUtils$.downloadFile(DependencyUtils.scala:264)
[2022-09-30 08:23:08,121] {spark_submit.py:485} INFO - at org.apache.spark.deploy.SparkSubmit.$anonfun$prepareSubmitEnvironment$8(SparkSubmit.scala:376)
[2022-09-30 08:23:08,121] {spark_submit.py:485} INFO - at scala.Option.map(Option.scala:230)
[2022-09-30 08:23:08,121] {spark_submit.py:485} INFO - at org.apache.spark.deploy.SparkSubmit.prepareSubmitEnvironment(SparkSubmit.scala:376)
[2022-09-30 08:23:08,121] {spark_submit.py:485} INFO - at org.apache.spark.deploy.SparkSubmit.org$apache$spark$deploy$SparkSubmit$$runMain(SparkSubmit.scala:901)
[2022-09-30 08:23:08,121] {spark_submit.py:485} INFO - at org.apache.spark.deploy.SparkSubmit.doRunMain$1(SparkSubmit.scala:180)
[2022-09-30 08:23:08,121] {spark_submit.py:485} INFO - at org.apache.spark.deploy.SparkSubmit.submit(SparkSubmit.scala:203)
[2022-09-30 08:23:08,121] {spark_submit.py:485} INFO - at org.apache.spark.deploy.SparkSubmit.doSubmit(SparkSubmit.scala:90)
[2022-09-30 08:23:08,121] {spark_submit.py:485} INFO - at org.apache.spark.deploy.SparkSubmit$$anon$2.doSubmit(SparkSubmit.scala:1046)
[2022-09-30 08:23:08,121] {spark_submit.py:485} INFO - at org.apache.spark.deploy.SparkSubmit$.main(SparkSubmit.scala:1055)
[2022-09-30 08:23:08,121] {spark_submit.py:485} INFO - at org.apache.spark.deploy.SparkSubmit.main(SparkSubmit.scala)
[2022-09-30 08:23:08,122] {spark_submit.py:485} INFO - 22/09/30 08:23:08 WARN DFSClient: Failed to connect to /172.31.0.7:9866 for file /jars/setl_2.12-1.0.0-SNAPSHOT.jar for block BP-1115351834-172.31.0.3-1664436657326:blk_1073742008_1184, add to deadNodes and continue.
[2022-09-30 08:23:08,122] {spark_submit.py:485} INFO - org.apache.hadoop.net.ConnectTimeoutException: 60000 millis timeout while waiting for channel to be ready for connect. ch : java.nio.channels.SocketChannel[connection-pending remote=/172.31.0.7:9866]
[2022-09-30 08:23:08,122] {spark_submit.py:485} INFO - at org.apache.hadoop.net.NetUtils.connect(NetUtils.java:589)
[2022-09-30 08:23:08,122] {spark_submit.py:485} INFO - at org.apache.hadoop.hdfs.DFSClient.newConnectedPeer(DFSClient.java:3033)
[2022-09-30 08:23:08,122] {spark_submit.py:485} INFO - at org.apache.hadoop.hdfs.client.impl.BlockReaderFactory.nextTcpPeer(BlockReaderFactory.java:829)
[2022-09-30 08:23:08,122] {spark_submit.py:485} INFO - at org.apache.hadoop.hdfs.client.impl.BlockReaderFactory.getRemoteBlockReaderFromTcp(BlockReaderFactory.java:754)
[2022-09-30 08:23:08,122] {spark_submit.py:485} INFO - at org.apache.hadoop.hdfs.client.impl.BlockReaderFactory.build(BlockReaderFactory.java:381)
[2022-09-30 08:23:08,122] {spark_submit.py:485} INFO - at org.apache.hadoop.hdfs.DFSInputStream.getBlockReader(DFSInputStream.java:755)
[2022-09-30 08:23:08,122] {spark_submit.py:485} INFO - at org.apache.hadoop.hdfs.DFSInputStream.blockSeekTo(DFSInputStream.java:685)
[2022-09-30 08:23:08,122] {spark_submit.py:485} INFO - at org.apache.hadoop.hdfs.DFSInputStream.readWithStrategy(DFSInputStream.java:884)
[2022-09-30 08:23:08,122] {spark_submit.py:485} INFO - at org.apache.hadoop.hdfs.DFSInputStream.read(DFSInputStream.java:957)
[2022-09-30 08:23:08,122] {spark_submit.py:485} INFO - at java.io.DataInputStream.read(DataInputStream.java:100)
[2022-09-30 08:23:08,122] {spark_submit.py:485} INFO - at org.apache.spark.util.Utils$.$anonfun$copyStream$1(Utils.scala:371)
[2022-09-30 08:23:08,122] {spark_submit.py:485} INFO - at scala.runtime.java8.JFunction0$mcJ$sp.apply(JFunction0$mcJ$sp.java:23)
[2022-09-30 08:23:08,123] {spark_submit.py:485} INFO - at org.apache.spark.util.Utils$.tryWithSafeFinally(Utils.scala:1504)
[2022-09-30 08:23:08,123] {spark_submit.py:485} INFO - at org.apache.spark.util.Utils$.copyStream(Utils.scala:380)
[2022-09-30 08:23:08,123] {spark_submit.py:485} INFO - at org.apache.spark.util.Utils$.downloadFile(Utils.scala:672)
[2022-09-30 08:23:08,123] {spark_submit.py:485} INFO - at org.apache.spark.util.Utils$.fetchHcfsFile(Utils.scala:846)
[2022-09-30 08:23:08,123] {spark_submit.py:485} INFO - at org.apache.spark.util.Utils$.doFetchFile(Utils.scala:820)
[2022-09-30 08:23:08,123] {spark_submit.py:485} INFO - at org.apache.spark.util.DependencyUtils$.downloadFile(DependencyUtils.scala:264)
[2022-09-30 08:23:08,123] {spark_submit.py:485} INFO - at org.apache.spark.deploy.SparkSubmit.$anonfun$prepareSubmitEnvironment$8(SparkSubmit.scala:376)
[2022-09-30 08:23:08,123] {spark_submit.py:485} INFO - at scala.Option.map(Option.scala:230)
[2022-09-30 08:23:08,123] {spark_submit.py:485} INFO - at org.apache.spark.deploy.SparkSubmit.prepareSubmitEnvironment(SparkSubmit.scala:376)
[2022-09-30 08:23:08,123] {spark_submit.py:485} INFO - at org.apache.spark.deploy.SparkSubmit.org$apache$spark$deploy$SparkSubmit$$runMain(SparkSubmit.scala:901)
[2022-09-30 08:23:08,123] {spark_submit.py:485} INFO - at org.apache.spark.deploy.SparkSubmit.doRunMain$1(SparkSubmit.scala:180)
[2022-09-30 08:23:08,123] {spark_submit.py:485} INFO - at org.apache.spark.deploy.SparkSubmit.submit(SparkSubmit.scala:203)
[2022-09-30 08:23:08,123] {spark_submit.py:485} INFO - at org.apache.spark.deploy.SparkSubmit.doSubmit(SparkSubmit.scala:90)
[2022-09-30 08:23:08,123] {spark_submit.py:485} INFO - at org.apache.spark.deploy.SparkSubmit$$anon$2.doSubmit(SparkSubmit.scala:1046)
[2022-09-30 08:23:08,123] {spark_submit.py:485} INFO - at org.apache.spark.deploy.SparkSubmit$.main(SparkSubmit.scala:1055)
[2022-09-30 08:23:08,123] {spark_submit.py:485} INFO - at org.apache.spark.deploy.SparkSubmit.main(SparkSubmit.scala)
[2022-09-30 08:23:08,123] {spark_submit.py:485} INFO - 22/09/30 08:23:08 WARN DFSClient: No live nodes contain block BP-1115351834-172.31.0.3-1664436657326:blk_1073742008_1184 after checking nodes = [DatanodeInfoWithStorage[172.31.0.7:9866,DS-18d9ce5a-92a9-4366-b40f-412ab56a1377,DISK]], ignoredNodes = null
[2022-09-30 08:23:08,123] {spark_submit.py:485} INFO - 22/09/30 08:23:08 WARN DFSClient: DFS chooseDataNode: got # 1 IOException, will wait for 2768.1668608513246 msec.
[2022-09-30 08:24:11,061] {spark_submit.py:485} INFO - 22/09/30 08:24:11 WARN BlockReaderFactory: I/O error constructing remote block reader.
[2022-09-30 08:24:11,061] {spark_submit.py:485} INFO - org.apache.hadoop.net.ConnectTimeoutException: 60000 millis timeout while waiting for channel to be ready for connect. ch : java.nio.channels.SocketChannel[connection-pending remote=/172.31.0.7:9866]
[2022-09-30 08:24:11,062] {spark_submit.py:485} INFO - at org.apache.hadoop.net.NetUtils.connect(NetUtils.java:589)
[2022-09-30 08:24:11,062] {spark_submit.py:485} INFO - at org.apache.hadoop.hdfs.DFSClient.newConnectedPeer(DFSClient.java:3033)
[2022-09-30 08:24:11,062] {spark_submit.py:485} INFO - at org.apache.hadoop.hdfs.client.impl.BlockReaderFactory.nextTcpPeer(BlockReaderFactory.java:829)
[2022-09-30 08:24:11,062] {spark_submit.py:485} INFO - at org.apache.hadoop.hdfs.client.impl.BlockReaderFactory.getRemoteBlockReaderFromTcp(BlockReaderFactory.java:754)
[2022-09-30 08:24:11,062] {spark_submit.py:485} INFO - at org.apache.hadoop.hdfs.client.impl.BlockReaderFactory.build(BlockReaderFactory.java:381)
[2022-09-30 08:24:11,062] {spark_submit.py:485} INFO - at org.apache.hadoop.hdfs.DFSInputStream.getBlockReader(DFSInputStream.java:755)
[2022-09-30 08:24:11,062] {spark_submit.py:485} INFO - at org.apache.hadoop.hdfs.DFSInputStream.blockSeekTo(DFSInputStream.java:685)
[2022-09-30 08:24:11,062] {spark_submit.py:485} INFO - at org.apache.hadoop.hdfs.DFSInputStream.readWithStrategy(DFSInputStream.java:884)
[2022-09-30 08:24:11,062] {spark_submit.py:485} INFO - at org.apache.hadoop.hdfs.DFSInputStream.read(DFSInputStream.java:957)
[2022-09-30 08:24:11,063] {spark_submit.py:485} INFO - at java.io.DataInputStream.read(DataInputStream.java:100)
[2022-09-30 08:24:11,063] {spark_submit.py:485} INFO - at org.apache.spark.util.Utils$.$anonfun$copyStream$1(Utils.scala:371)
[2022-09-30 08:24:11,063] {spark_submit.py:485} INFO - at scala.runtime.java8.JFunction0$mcJ$sp.apply(JFunction0$mcJ$sp.java:23)
[2022-09-30 08:24:11,063] {spark_submit.py:485} INFO - at org.apache.spark.util.Utils$.tryWithSafeFinally(Utils.scala:1504)
[2022-09-30 08:24:11,063] {spark_submit.py:485} INFO - at org.apache.spark.util.Utils$.copyStream(Utils.scala:380)
[2022-09-30 08:24:11,063] {spark_submit.py:485} INFO - at org.apache.spark.util.Utils$.downloadFile(Utils.scala:672)
[2022-09-30 08:24:11,063] {spark_submit.py:485} INFO - at org.apache.spark.util.Utils$.fetchHcfsFile(Utils.scala:846)
[2022-09-30 08:24:11,063] {spark_submit.py:485} INFO - at org.apache.spark.util.Utils$.doFetchFile(Utils.scala:820)
[2022-09-30 08:24:11,063] {spark_submit.py:485} INFO - at org.apache.spark.util.DependencyUtils$.downloadFile(DependencyUtils.scala:264)
[2022-09-30 08:24:11,063] {spark_submit.py:485} INFO - at org.apache.spark.deploy.SparkSubmit.$anonfun$prepareSubmitEnvironment$8(SparkSubmit.scala:376)
[2022-09-30 08:24:11,064] {spark_submit.py:485} INFO - at scala.Option.map(Option.scala:230)
[2022-09-30 08:24:11,064] {spark_submit.py:485} INFO - at org.apache.spark.deploy.SparkSubmit.prepareSubmitEnvironment(SparkSubmit.scala:376)
[2022-09-30 08:24:11,064] {spark_submit.py:485} INFO - at org.apache.spark.deploy.SparkSubmit.org$apache$spark$deploy$SparkSubmit$$runMain(SparkSubmit.scala:901)
[2022-09-30 08:24:11,064] {spark_submit.py:485} INFO - at org.apache.spark.deploy.SparkSubmit.doRunMain$1(SparkSubmit.scala:180)
[2022-09-30 08:24:11,064] {spark_submit.py:485} INFO - at org.apache.spark.deploy.SparkSubmit.submit(SparkSubmit.scala:203)
[2022-09-30 08:24:11,064] {spark_submit.py:485} INFO - at org.apache.spark.deploy.SparkSubmit.doSubmit(SparkSubmit.scala:90)
[2022-09-30 08:24:11,064] {spark_submit.py:485} INFO - at org.apache.spark.deploy.SparkSubmit$$anon$2.doSubmit(SparkSubmit.scala:1046)
[2022-09-30 08:24:11,064] {spark_submit.py:485} INFO - at org.apache.spark.deploy.SparkSubmit$.main(SparkSubmit.scala:1055)
[2022-09-30 08:24:11,064] {spark_submit.py:485} INFO - at org.apache.spark.deploy.SparkSubmit.main(SparkSubmit.scala)
[2022-09-30 08:24:11,064] {spark_submit.py:485} INFO - 22/09/30 08:24:11 WARN DFSClient: Failed to connect to /172.31.0.7:9866 for file /jars/setl_2.12-1.0.0-SNAPSHOT.jar for block BP-1115351834-172.31.0.3-1664436657326:blk_1073742008_1184, add to deadNodes and continue.
[2022-09-30 08:24:11,065] {spark_submit.py:485} INFO - org.apache.hadoop.net.ConnectTimeoutException: 60000 millis timeout while waiting for channel to be ready for connect. ch : java.nio.channels.SocketChannel[connection-pending remote=/172.31.0.7:9866]
[2022-09-30 08:24:11,065] {spark_submit.py:485} INFO - at org.apache.hadoop.net.NetUtils.connect(NetUtils.java:589)
[2022-09-30 08:24:11,065] {spark_submit.py:485} INFO - at org.apache.hadoop.hdfs.DFSClient.newConnectedPeer(DFSClient.java:3033)
[2022-09-30 08:24:11,065] {spark_submit.py:485} INFO - at org.apache.hadoop.hdfs.client.impl.BlockReaderFactory.nextTcpPeer(BlockReaderFactory.java:829)
[2022-09-30 08:24:11,065] {spark_submit.py:485} INFO - at org.apache.hadoop.hdfs.client.impl.BlockReaderFactory.getRemoteBlockReaderFromTcp(BlockReaderFactory.java:754)
[2022-09-30 08:24:11,065] {spark_submit.py:485} INFO - at org.apache.hadoop.hdfs.client.impl.BlockReaderFactory.build(BlockReaderFactory.java:381)
[2022-09-30 08:24:11,065] {spark_submit.py:485} INFO - at org.apache.hadoop.hdfs.DFSInputStream.getBlockReader(DFSInputStream.java:755)
[2022-09-30 08:24:11,065] {spark_submit.py:485} INFO - at org.apache.hadoop.hdfs.DFSInputStream.blockSeekTo(DFSInputStream.java:685)
[2022-09-30 08:24:11,065] {spark_submit.py:485} INFO - at org.apache.hadoop.hdfs.DFSInputStream.readWithStrategy(DFSInputStream.java:884)
[2022-09-30 08:24:11,065] {spark_submit.py:485} INFO - at org.apache.hadoop.hdfs.DFSInputStream.read(DFSInputStream.java:957)
[2022-09-30 08:24:11,065] {spark_submit.py:485} INFO - at java.io.DataInputStream.read(DataInputStream.java:100)
[2022-09-30 08:24:11,066] {spark_submit.py:485} INFO - at org.apache.spark.util.Utils$.$anonfun$copyStream$1(Utils.scala:371)
[2022-09-30 08:24:11,066] {spark_submit.py:485} INFO - at scala.runtime.java8.JFunction0$mcJ$sp.apply(JFunction0$mcJ$sp.java:23)
[2022-09-30 08:24:11,066] {spark_submit.py:485} INFO - at org.apache.spark.util.Utils$.tryWithSafeFinally(Utils.scala:1504)
[2022-09-30 08:24:11,066] {spark_submit.py:485} INFO - at org.apache.spark.util.Utils$.copyStream(Utils.scala:380)
[2022-09-30 08:24:11,066] {spark_submit.py:485} INFO - at org.apache.spark.util.Utils$.downloadFile(Utils.scala:672)
[2022-09-30 08:24:11,066] {spark_submit.py:485} INFO - at org.apache.spark.util.Utils$.fetchHcfsFile(Utils.scala:846)
[2022-09-30 08:24:11,066] {spark_submit.py:485} INFO - at org.apache.spark.util.Utils$.doFetchFile(Utils.scala:820)
[2022-09-30 08:24:11,066] {spark_submit.py:485} INFO - at org.apache.spark.util.DependencyUtils$.downloadFile(DependencyUtils.scala:264)
[2022-09-30 08:24:11,066] {spark_submit.py:485} INFO - at org.apache.spark.deploy.SparkSubmit.$anonfun$prepareSubmitEnvironment$8(SparkSubmit.scala:376)
[2022-09-30 08:24:11,066] {spark_submit.py:485} INFO - at scala.Option.map(Option.scala:230)
[2022-09-30 08:24:11,066] {spark_submit.py:485} INFO - at org.apache.spark.deploy.SparkSubmit.prepareSubmitEnvironment(SparkSubmit.scala:376)
[2022-09-30 08:24:11,067] {spark_submit.py:485} INFO - at org.apache.spark.deploy.SparkSubmit.org$apache$spark$deploy$SparkSubmit$$runMain(SparkSubmit.scala:901)
[2022-09-30 08:24:11,067] {spark_submit.py:485} INFO - at org.apache.spark.deploy.SparkSubmit.doRunMain$1(SparkSubmit.scala:180)
[2022-09-30 08:24:11,067] {spark_submit.py:485} INFO - at org.apache.spark.deploy.SparkSubmit.submit(SparkSubmit.scala:203)
[2022-09-30 08:24:11,067] {spark_submit.py:485} INFO - at org.apache.spark.deploy.SparkSubmit.doSubmit(SparkSubmit.scala:90)
[2022-09-30 08:24:11,067] {spark_submit.py:485} INFO - at org.apache.spark.deploy.SparkSubmit$$anon$2.doSubmit(SparkSubmit.scala:1046)
[2022-09-30 08:24:11,067] {spark_submit.py:485} INFO - at org.apache.spark.deploy.SparkSubmit$.main(SparkSubmit.scala:1055)
[2022-09-30 08:24:11,067] {spark_submit.py:485} INFO - at org.apache.spark.deploy.SparkSubmit.main(SparkSubmit.scala)
[2022-09-30 08:24:11,067] {spark_submit.py:485} INFO - 22/09/30 08:24:11 WARN DFSClient: No live nodes contain block BP-1115351834-172.31.0.3-1664436657326:blk_1073742008_1184 after checking nodes = [DatanodeInfoWithStorage[172.31.0.7:9866,DS-18d9ce5a-92a9-4366-b40f-412ab56a1377,DISK]], ignoredNodes = null
[2022-09-30 08:24:11,067] {spark_submit.py:485} INFO - 22/09/30 08:24:11 WARN DFSClient: DFS chooseDataNode: got # 2 IOException, will wait for 5274.59055720467 msec.
[2022-09-30 08:25:16,452] {spark_submit.py:485} INFO - 22/09/30 08:25:16 WARN BlockReaderFactory: I/O error constructing remote block reader.
[2022-09-30 08:25:16,452] {spark_submit.py:485} INFO - org.apache.hadoop.net.ConnectTimeoutException: 60000 millis timeout while waiting for channel to be ready for connect. ch : java.nio.channels.SocketChannel[connection-pending remote=/172.31.0.7:9866]
[2022-09-30 08:25:16,452] {spark_submit.py:485} INFO - at org.apache.hadoop.net.NetUtils.connect(NetUtils.java:589)
[2022-09-30 08:25:16,452] {spark_submit.py:485} INFO - at org.apache.hadoop.hdfs.DFSClient.newConnectedPeer(DFSClient.java:3033)
[2022-09-30 08:25:16,452] {spark_submit.py:485} INFO - at org.apache.hadoop.hdfs.client.impl.BlockReaderFactory.nextTcpPeer(BlockReaderFactory.java:829)
[2022-09-30 08:25:16,452] {spark_submit.py:485} INFO - at org.apache.hadoop.hdfs.client.impl.BlockReaderFactory.getRemoteBlockReaderFromTcp(BlockReaderFactory.java:754)
[2022-09-30 08:25:16,452] {spark_submit.py:485} INFO - at org.apache.hadoop.hdfs.client.impl.BlockReaderFactory.build(BlockReaderFactory.java:381)
[2022-09-30 08:25:16,453] {spark_submit.py:485} INFO - at org.apache.hadoop.hdfs.DFSInputStream.getBlockReader(DFSInputStream.java:755)
[2022-09-30 08:25:16,453] {spark_submit.py:485} INFO - at org.apache.hadoop.hdfs.DFSInputStream.blockSeekTo(DFSInputStream.java:685)
[2022-09-30 08:25:16,453] {spark_submit.py:485} INFO - at org.apache.hadoop.hdfs.DFSInputStream.readWithStrategy(DFSInputStream.java:884)
[2022-09-30 08:25:16,453] {spark_submit.py:485} INFO - at org.apache.hadoop.hdfs.DFSInputStream.read(DFSInputStream.java:957)
[2022-09-30 08:25:16,453] {spark_submit.py:485} INFO - at java.io.DataInputStream.read(DataInputStream.java:100)
[2022-09-30 08:25:16,453] {spark_submit.py:485} INFO - at org.apache.spark.util.Utils$.$anonfun$copyStream$1(Utils.scala:371)
[2022-09-30 08:25:16,453] {spark_submit.py:485} INFO - at scala.runtime.java8.JFunction0$mcJ$sp.apply(JFunction0$mcJ$sp.java:23)
[2022-09-30 08:25:16,453] {spark_submit.py:485} INFO - at org.apache.spark.util.Utils$.tryWithSafeFinally(Utils.scala:1504)
[2022-09-30 08:25:16,453] {spark_submit.py:485} INFO - at org.apache.spark.util.Utils$.copyStream(Utils.scala:380)
[2022-09-30 08:25:16,453] {spark_submit.py:485} INFO - at org.apache.spark.util.Utils$.downloadFile(Utils.scala:672)
[2022-09-30 08:25:16,453] {spark_submit.py:485} INFO - at org.apache.spark.util.Utils$.fetchHcfsFile(Utils.scala:846)
[2022-09-30 08:25:16,454] {spark_submit.py:485} INFO - at org.apache.spark.util.Utils$.doFetchFile(Utils.scala:820)
[2022-09-30 08:25:16,454] {spark_submit.py:485} INFO - at org.apache.spark.util.DependencyUtils$.downloadFile(DependencyUtils.scala:264)
[2022-09-30 08:25:16,454] {spark_submit.py:485} INFO - at org.apache.spark.deploy.SparkSubmit.$anonfun$prepareSubmitEnvironment$8(SparkSubmit.scala:376)
[2022-09-30 08:25:16,454] {spark_submit.py:485} INFO - at scala.Option.map(Option.scala:230)
[2022-09-30 08:25:16,454] {spark_submit.py:485} INFO - at org.apache.spark.deploy.SparkSubmit.prepareSubmitEnvironment(SparkSubmit.scala:376)
[2022-09-30 08:25:16,454] {spark_submit.py:485} INFO - at org.apache.spark.deploy.SparkSubmit.org$apache$spark$deploy$SparkSubmit$$runMain(SparkSubmit.scala:901)
[2022-09-30 08:25:16,454] {spark_submit.py:485} INFO - at org.apache.spark.deploy.SparkSubmit.doRunMain$1(SparkSubmit.scala:180)
[2022-09-30 08:25:16,454] {spark_submit.py:485} INFO - at org.apache.spark.deploy.SparkSubmit.submit(SparkSubmit.scala:203)
[2022-09-30 08:25:16,454] {spark_submit.py:485} INFO - at org.apache.spark.deploy.SparkSubmit.doSubmit(SparkSubmit.scala:90)
[2022-09-30 08:25:16,454] {spark_submit.py:485} INFO - at org.apache.spark.deploy.SparkSubmit$$anon$2.doSubmit(SparkSubmit.scala:1046)
[2022-09-30 08:25:16,454] {spark_submit.py:485} INFO - at org.apache.spark.deploy.SparkSubmit$.main(SparkSubmit.scala:1055)
[2022-09-30 08:25:16,454] {spark_submit.py:485} INFO - at org.apache.spark.deploy.SparkSubmit.main(SparkSubmit.scala)
[2022-09-30 08:25:16,455] {spark_submit.py:485} INFO - 22/09/30 08:25:16 WARN DFSClient: Failed to connect to /172.31.0.7:9866 for file /jars/setl_2.12-1.0.0-SNAPSHOT.jar for block BP-1115351834-172.31.0.3-1664436657326:blk_1073742008_1184, add to deadNodes and continue.
[2022-09-30 08:25:16,455] {spark_submit.py:485} INFO - org.apache.hadoop.net.ConnectTimeoutException: 60000 millis timeout while waiting for channel to be ready for connect. ch : java.nio.channels.SocketChannel[connection-pending remote=/172.31.0.7:9866]
[2022-09-30 08:25:16,455] {spark_submit.py:485} INFO - at org.apache.hadoop.net.NetUtils.connect(NetUtils.java:589)
[2022-09-30 08:25:16,455] {spark_submit.py:485} INFO - at org.apache.hadoop.hdfs.DFSClient.newConnectedPeer(DFSClient.java:3033)
[2022-09-30 08:25:16,455] {spark_submit.py:485} INFO - at org.apache.hadoop.hdfs.client.impl.BlockReaderFactory.nextTcpPeer(BlockReaderFactory.java:829)
[2022-09-30 08:25:16,455] {spark_submit.py:485} INFO - at org.apache.hadoop.hdfs.client.impl.BlockReaderFactory.getRemoteBlockReaderFromTcp(BlockReaderFactory.java:754)
[2022-09-30 08:25:16,455] {spark_submit.py:485} INFO - at org.apache.hadoop.hdfs.client.impl.BlockReaderFactory.build(BlockReaderFactory.java:381)
[2022-09-30 08:25:16,455] {spark_submit.py:485} INFO - at org.apache.hadoop.hdfs.DFSInputStream.getBlockReader(DFSInputStream.java:755)
[2022-09-30 08:25:16,455] {spark_submit.py:485} INFO - at org.apache.hadoop.hdfs.DFSInputStream.blockSeekTo(DFSInputStream.java:685)
[2022-09-30 08:25:16,455] {spark_submit.py:485} INFO - at org.apache.hadoop.hdfs.DFSInputStream.readWithStrategy(DFSInputStream.java:884)
[2022-09-30 08:25:16,455] {spark_submit.py:485} INFO - at org.apache.hadoop.hdfs.DFSInputStream.read(DFSInputStream.java:957)
[2022-09-30 08:25:16,456] {spark_submit.py:485} INFO - at java.io.DataInputStream.read(DataInputStream.java:100)
[2022-09-30 08:25:16,456] {spark_submit.py:485} INFO - at org.apache.spark.util.Utils$.$anonfun$copyStream$1(Utils.scala:371)
[2022-09-30 08:25:16,456] {spark_submit.py:485} INFO - at scala.runtime.java8.JFunction0$mcJ$sp.apply(JFunction0$mcJ$sp.java:23)
[2022-09-30 08:25:16,456] {spark_submit.py:485} INFO - at org.apache.spark.util.Utils$.tryWithSafeFinally(Utils.scala:1504)
[2022-09-30 08:25:16,456] {spark_submit.py:485} INFO - at org.apache.spark.util.Utils$.copyStream(Utils.scala:380)
[2022-09-30 08:25:16,456] {spark_submit.py:485} INFO - at org.apache.spark.util.Utils$.downloadFile(Utils.scala:672)
[2022-09-30 08:25:16,456] {spark_submit.py:485} INFO - at org.apache.spark.util.Utils$.fetchHcfsFile(Utils.scala:846)
[2022-09-30 08:25:16,456] {spark_submit.py:485} INFO - at org.apache.spark.util.Utils$.doFetchFile(Utils.scala:820)
[2022-09-30 08:25:16,456] {spark_submit.py:485} INFO - at org.apache.spark.util.DependencyUtils$.downloadFile(DependencyUtils.scala:264)
[2022-09-30 08:25:16,456] {spark_submit.py:485} INFO - at org.apache.spark.deploy.SparkSubmit.$anonfun$prepareSubmitEnvironment$8(SparkSubmit.scala:376)
[2022-09-30 08:25:16,456] {spark_submit.py:485} INFO - at scala.Option.map(Option.scala:230)
[2022-09-30 08:25:16,457] {spark_submit.py:485} INFO - at org.apache.spark.deploy.SparkSubmit.prepareSubmitEnvironment(SparkSubmit.scala:376)
[2022-09-30 08:25:16,457] {spark_submit.py:485} INFO - at org.apache.spark.deploy.SparkSubmit.org$apache$spark$deploy$SparkSubmit$$runMain(SparkSubmit.scala:901)
[2022-09-30 08:25:16,457] {spark_submit.py:485} INFO - at org.apache.spark.deploy.SparkSubmit.doRunMain$1(SparkSubmit.scala:180)
[2022-09-30 08:25:16,457] {spark_submit.py:485} INFO - at org.apache.spark.deploy.SparkSubmit.submit(SparkSubmit.scala:203)
[2022-09-30 08:25:16,457] {spark_submit.py:485} INFO - at org.apache.spark.deploy.SparkSubmit.doSubmit(SparkSubmit.scala:90)
[2022-09-30 08:25:16,457] {spark_submit.py:485} INFO - at org.apache.spark.deploy.SparkSubmit$$anon$2.doSubmit(SparkSubmit.scala:1046)
[2022-09-30 08:25:16,457] {spark_submit.py:485} INFO - at org.apache.spark.deploy.SparkSubmit$.main(SparkSubmit.scala:1055)
[2022-09-30 08:25:16,457] {spark_submit.py:485} INFO - at org.apache.spark.deploy.SparkSubmit.main(SparkSubmit.scala)
[2022-09-30 08:25:16,457] {spark_submit.py:485} INFO - 22/09/30 08:25:16 WARN DFSClient: No live nodes contain block BP-1115351834-172.31.0.3-1664436657326:blk_1073742008_1184 after checking nodes = [DatanodeInfoWithStorage[172.31.0.7:9866,DS-18d9ce5a-92a9-4366-b40f-412ab56a1377,DISK]], ignoredNodes = null
[2022-09-30 08:25:16,457] {spark_submit.py:485} INFO - 22/09/30 08:25:16 WARN DFSClient: DFS chooseDataNode: got # 3 IOException, will wait for 12109.554975138886 msec.
[2022-09-30 08:26:28,712] {spark_submit.py:485} INFO - 22/09/30 08:26:28 WARN BlockReaderFactory: I/O error constructing remote block reader.
[2022-09-30 08:26:28,712] {spark_submit.py:485} INFO - org.apache.hadoop.net.ConnectTimeoutException: 60000 millis timeout while waiting for channel to be ready for connect. ch : java.nio.channels.SocketChannel[connection-pending remote=/172.31.0.7:9866]
[2022-09-30 08:26:28,712] {spark_submit.py:485} INFO - at org.apache.hadoop.net.NetUtils.connect(NetUtils.java:589)
[2022-09-30 08:26:28,712] {spark_submit.py:485} INFO - at org.apache.hadoop.hdfs.DFSClient.newConnectedPeer(DFSClient.java:3033)
[2022-09-30 08:26:28,712] {spark_submit.py:485} INFO - at org.apache.hadoop.hdfs.client.impl.BlockReaderFactory.nextTcpPeer(BlockReaderFactory.java:829)
[2022-09-30 08:26:28,712] {spark_submit.py:485} INFO - at org.apache.hadoop.hdfs.client.impl.BlockReaderFactory.getRemoteBlockReaderFromTcp(BlockReaderFactory.java:754)
[2022-09-30 08:26:28,712] {spark_submit.py:485} INFO - at org.apache.hadoop.hdfs.client.impl.BlockReaderFactory.build(BlockReaderFactory.java:381)
[2022-09-30 08:26:28,713] {spark_submit.py:485} INFO - at org.apache.hadoop.hdfs.DFSInputStream.getBlockReader(DFSInputStream.java:755)
[2022-09-30 08:26:28,713] {spark_submit.py:485} INFO - at org.apache.hadoop.hdfs.DFSInputStream.blockSeekTo(DFSInputStream.java:685)
[2022-09-30 08:26:28,713] {spark_submit.py:485} INFO - at org.apache.hadoop.hdfs.DFSInputStream.readWithStrategy(DFSInputStream.java:884)
[2022-09-30 08:26:28,713] {spark_submit.py:485} INFO - at org.apache.hadoop.hdfs.DFSInputStream.read(DFSInputStream.java:957)
[2022-09-30 08:26:28,713] {spark_submit.py:485} INFO - at java.io.DataInputStream.read(DataInputStream.java:100)
[2022-09-30 08:26:28,713] {spark_submit.py:485} INFO - at org.apache.spark.util.Utils$.$anonfun$copyStream$1(Utils.scala:371)
[2022-09-30 08:26:28,713] {spark_submit.py:485} INFO - at scala.runtime.java8.JFunction0$mcJ$sp.apply(JFunction0$mcJ$sp.java:23)
[2022-09-30 08:26:28,713] {spark_submit.py:485} INFO - at org.apache.spark.util.Utils$.tryWithSafeFinally(Utils.scala:1504)
[2022-09-30 08:26:28,713] {spark_submit.py:485} INFO - at org.apache.spark.util.Utils$.copyStream(Utils.scala:380)
[2022-09-30 08:26:28,714] {spark_submit.py:485} INFO - at org.apache.spark.util.Utils$.downloadFile(Utils.scala:672)
[2022-09-30 08:26:28,714] {spark_submit.py:485} INFO - at org.apache.spark.util.Utils$.fetchHcfsFile(Utils.scala:846)
[2022-09-30 08:26:28,714] {spark_submit.py:485} INFO - at org.apache.spark.util.Utils$.doFetchFile(Utils.scala:820)
[2022-09-30 08:26:28,714] {spark_submit.py:485} INFO - at org.apache.spark.util.DependencyUtils$.downloadFile(DependencyUtils.scala:264)
[2022-09-30 08:26:28,714] {spark_submit.py:485} INFO - at org.apache.spark.deploy.SparkSubmit.$anonfun$prepareSubmitEnvironment$8(SparkSubmit.scala:376)
[2022-09-30 08:26:28,714] {spark_submit.py:485} INFO - at scala.Option.map(Option.scala:230)
[2022-09-30 08:26:28,714] {spark_submit.py:485} INFO - at org.apache.spark.deploy.SparkSubmit.prepareSubmitEnvironment(SparkSubmit.scala:376)
[2022-09-30 08:26:28,714] {spark_submit.py:485} INFO - at org.apache.spark.deploy.SparkSubmit.org$apache$spark$deploy$SparkSubmit$$runMain(SparkSubmit.scala:901)
[2022-09-30 08:26:28,715] {spark_submit.py:485} INFO - at org.apache.spark.deploy.SparkSubmit.doRunMain$1(SparkSubmit.scala:180)
[2022-09-30 08:26:28,715] {spark_submit.py:485} INFO - at org.apache.spark.deploy.SparkSubmit.submit(SparkSubmit.scala:203)
[2022-09-30 08:26:28,715] {spark_submit.py:485} INFO - at org.apache.spark.deploy.SparkSubmit.doSubmit(SparkSubmit.scala:90)
[2022-09-30 08:26:28,715] {spark_submit.py:485} INFO - at org.apache.spark.deploy.SparkSubmit$$anon$2.doSubmit(SparkSubmit.scala:1046)
[2022-09-30 08:26:28,715] {spark_submit.py:485} INFO - at org.apache.spark.deploy.SparkSubmit$.main(SparkSubmit.scala:1055)
[2022-09-30 08:26:28,715] {spark_submit.py:485} INFO - at org.apache.spark.deploy.SparkSubmit.main(SparkSubmit.scala)
[2022-09-30 08:26:28,715] {spark_submit.py:485} INFO - 22/09/30 08:26:28 WARN DFSClient: Failed to connect to /172.31.0.7:9866 for file /jars/setl_2.12-1.0.0-SNAPSHOT.jar for block BP-1115351834-172.31.0.3-1664436657326:blk_1073742008_1184, add to deadNodes and continue.
[2022-09-30 08:26:28,716] {spark_submit.py:485} INFO - org.apache.hadoop.net.ConnectTimeoutException: 60000 millis timeout while waiting for channel to be ready for connect. ch : java.nio.channels.SocketChannel[connection-pending remote=/172.31.0.7:9866]
[2022-09-30 08:26:28,716] {spark_submit.py:485} INFO - at org.apache.hadoop.net.NetUtils.connect(NetUtils.java:589)
[2022-09-30 08:26:28,716] {spark_submit.py:485} INFO - at org.apache.hadoop.hdfs.DFSClient.newConnectedPeer(DFSClient.java:3033)
[2022-09-30 08:26:28,716] {spark_submit.py:485} INFO - at org.apache.hadoop.hdfs.client.impl.BlockReaderFactory.nextTcpPeer(BlockReaderFactory.java:829)
[2022-09-30 08:26:28,716] {spark_submit.py:485} INFO - at org.apache.hadoop.hdfs.client.impl.BlockReaderFactory.getRemoteBlockReaderFromTcp(BlockReaderFactory.java:754)
[2022-09-30 08:26:28,716] {spark_submit.py:485} INFO - at org.apache.hadoop.hdfs.client.impl.BlockReaderFactory.build(BlockReaderFactory.java:381)
[2022-09-30 08:26:28,716] {spark_submit.py:485} INFO - at org.apache.hadoop.hdfs.DFSInputStream.getBlockReader(DFSInputStream.java:755)
[2022-09-30 08:26:28,717] {spark_submit.py:485} INFO - at org.apache.hadoop.hdfs.DFSInputStream.blockSeekTo(DFSInputStream.java:685)
[2022-09-30 08:26:28,717] {spark_submit.py:485} INFO - at org.apache.hadoop.hdfs.DFSInputStream.readWithStrategy(DFSInputStream.java:884)
[2022-09-30 08:26:28,717] {spark_submit.py:485} INFO - at org.apache.hadoop.hdfs.DFSInputStream.read(DFSInputStream.java:957)
[2022-09-30 08:26:28,717] {spark_submit.py:485} INFO - at java.io.DataInputStream.read(DataInputStream.java:100)
[2022-09-30 08:26:28,717] {spark_submit.py:485} INFO - at org.apache.spark.util.Utils$.$anonfun$copyStream$1(Utils.scala:371)
[2022-09-30 08:26:28,717] {spark_submit.py:485} INFO - at scala.runtime.java8.JFunction0$mcJ$sp.apply(JFunction0$mcJ$sp.java:23)
[2022-09-30 08:26:28,717] {spark_submit.py:485} INFO - at org.apache.spark.util.Utils$.tryWithSafeFinally(Utils.scala:1504)
[2022-09-30 08:26:28,717] {spark_submit.py:485} INFO - at org.apache.spark.util.Utils$.copyStream(Utils.scala:380)
[2022-09-30 08:26:28,718] {spark_submit.py:485} INFO - at org.apache.spark.util.Utils$.downloadFile(Utils.scala:672)
[2022-09-30 08:26:28,718] {spark_submit.py:485} INFO - at org.apache.spark.util.Utils$.fetchHcfsFile(Utils.scala:846)
[2022-09-30 08:26:28,718] {spark_submit.py:485} INFO - at org.apache.spark.util.Utils$.doFetchFile(Utils.scala:820)
[2022-09-30 08:26:28,718] {spark_submit.py:485} INFO - at org.apache.spark.util.DependencyUtils$.downloadFile(DependencyUtils.scala:264)
[2022-09-30 08:26:28,718] {spark_submit.py:485} INFO - at org.apache.spark.deploy.SparkSubmit.$anonfun$prepareSubmitEnvironment$8(SparkSubmit.scala:376)
[2022-09-30 08:26:28,718] {spark_submit.py:485} INFO - at scala.Option.map(Option.scala:230)
[2022-09-30 08:26:28,718] {spark_submit.py:485} INFO - at org.apache.spark.deploy.SparkSubmit.prepareSubmitEnvironment(SparkSubmit.scala:376)
[2022-09-30 08:26:28,718] {spark_submit.py:485} INFO - at org.apache.spark.deploy.SparkSubmit.org$apache$spark$deploy$SparkSubmit$$runMain(SparkSubmit.scala:901)
[2022-09-30 08:26:28,718] {spark_submit.py:485} INFO - at org.apache.spark.deploy.SparkSubmit.doRunMain$1(SparkSubmit.scala:180)
[2022-09-30 08:26:28,718] {spark_submit.py:485} INFO - at org.apache.spark.deploy.SparkSubmit.submit(SparkSubmit.scala:203)
[2022-09-30 08:26:28,718] {spark_submit.py:485} INFO - at org.apache.spark.deploy.SparkSubmit.doSubmit(SparkSubmit.scala:90)
[2022-09-30 08:26:28,718] {spark_submit.py:485} INFO - at org.apache.spark.deploy.SparkSubmit$$anon$2.doSubmit(SparkSubmit.scala:1046)
[2022-09-30 08:26:28,719] {spark_submit.py:485} INFO - at org.apache.spark.deploy.SparkSubmit$.main(SparkSubmit.scala:1055)
[2022-09-30 08:26:28,719] {spark_submit.py:485} INFO - at org.apache.spark.deploy.SparkSubmit.main(SparkSubmit.scala)
[2022-09-30 08:26:28,719] {spark_submit.py:485} INFO - 22/09/30 08:26:28 WARN DFSClient: No live nodes contain block BP-1115351834-172.31.0.3-1664436657326:blk_1073742008_1184 after checking nodes = [DatanodeInfoWithStorage[172.31.0.7:9866,DS-18d9ce5a-92a9-4366-b40f-412ab56a1377,DISK]], ignoredNodes = null
[2022-09-30 08:26:28,719] {spark_submit.py:485} INFO - 22/09/30 08:26:28 WARN DFSClient: Could not obtain block: BP-1115351834-172.31.0.3-1664436657326:blk_1073742008_1184 file=/jars/setl_2.12-1.0.0-SNAPSHOT.jar No live nodes contain current block Block locations: DatanodeInfoWithStorage[172.31.0.7:9866,DS-18d9ce5a-92a9-4366-b40f-412ab56a1377,DISK] Dead nodes:  DatanodeInfoWithStorage[172.31.0.7:9866,DS-18d9ce5a-92a9-4366-b40f-412ab56a1377,DISK]. Throwing a BlockMissingException
[2022-09-30 08:26:28,719] {spark_submit.py:485} INFO - 22/09/30 08:26:28 WARN DFSClient: No live nodes contain block BP-1115351834-172.31.0.3-1664436657326:blk_1073742008_1184 after checking nodes = [DatanodeInfoWithStorage[172.31.0.7:9866,DS-18d9ce5a-92a9-4366-b40f-412ab56a1377,DISK]], ignoredNodes = null
[2022-09-30 08:26:28,719] {spark_submit.py:485} INFO - 22/09/30 08:26:28 WARN DFSClient: Could not obtain block: BP-1115351834-172.31.0.3-1664436657326:blk_1073742008_1184 file=/jars/setl_2.12-1.0.0-SNAPSHOT.jar No live nodes contain current block Block locations: DatanodeInfoWithStorage[172.31.0.7:9866,DS-18d9ce5a-92a9-4366-b40f-412ab56a1377,DISK] Dead nodes:  DatanodeInfoWithStorage[172.31.0.7:9866,DS-18d9ce5a-92a9-4366-b40f-412ab56a1377,DISK]. Throwing a BlockMissingException
[2022-09-30 08:26:28,719] {spark_submit.py:485} INFO - 22/09/30 08:26:28 WARN DFSClient: DFS Read
[2022-09-30 08:26:28,719] {spark_submit.py:485} INFO - org.apache.hadoop.hdfs.BlockMissingException: Could not obtain block: BP-1115351834-172.31.0.3-1664436657326:blk_1073742008_1184 file=/jars/setl_2.12-1.0.0-SNAPSHOT.jar No live nodes contain current block Block locations: DatanodeInfoWithStorage[172.31.0.7:9866,DS-18d9ce5a-92a9-4366-b40f-412ab56a1377,DISK] Dead nodes:  DatanodeInfoWithStorage[172.31.0.7:9866,DS-18d9ce5a-92a9-4366-b40f-412ab56a1377,DISK]
[2022-09-30 08:26:28,719] {spark_submit.py:485} INFO - at org.apache.hadoop.hdfs.DFSInputStream.refetchLocations(DFSInputStream.java:1007)
[2022-09-30 08:26:28,719] {spark_submit.py:485} INFO - at org.apache.hadoop.hdfs.DFSInputStream.chooseDataNode(DFSInputStream.java:990)
[2022-09-30 08:26:28,719] {spark_submit.py:485} INFO - at org.apache.hadoop.hdfs.DFSInputStream.chooseDataNode(DFSInputStream.java:969)
[2022-09-30 08:26:28,719] {spark_submit.py:485} INFO - at org.apache.hadoop.hdfs.DFSInputStream.blockSeekTo(DFSInputStream.java:677)
[2022-09-30 08:26:28,720] {spark_submit.py:485} INFO - at org.apache.hadoop.hdfs.DFSInputStream.readWithStrategy(DFSInputStream.java:884)
[2022-09-30 08:26:28,720] {spark_submit.py:485} INFO - at org.apache.hadoop.hdfs.DFSInputStream.read(DFSInputStream.java:957)
[2022-09-30 08:26:28,720] {spark_submit.py:485} INFO - at java.io.DataInputStream.read(DataInputStream.java:100)
[2022-09-30 08:26:28,720] {spark_submit.py:485} INFO - at org.apache.spark.util.Utils$.$anonfun$copyStream$1(Utils.scala:371)
[2022-09-30 08:26:28,720] {spark_submit.py:485} INFO - at scala.runtime.java8.JFunction0$mcJ$sp.apply(JFunction0$mcJ$sp.java:23)
[2022-09-30 08:26:28,720] {spark_submit.py:485} INFO - at org.apache.spark.util.Utils$.tryWithSafeFinally(Utils.scala:1504)
[2022-09-30 08:26:28,720] {spark_submit.py:485} INFO - at org.apache.spark.util.Utils$.copyStream(Utils.scala:380)
[2022-09-30 08:26:28,720] {spark_submit.py:485} INFO - at org.apache.spark.util.Utils$.downloadFile(Utils.scala:672)
[2022-09-30 08:26:28,720] {spark_submit.py:485} INFO - at org.apache.spark.util.Utils$.fetchHcfsFile(Utils.scala:846)
[2022-09-30 08:26:28,720] {spark_submit.py:485} INFO - at org.apache.spark.util.Utils$.doFetchFile(Utils.scala:820)
[2022-09-30 08:26:28,720] {spark_submit.py:485} INFO - at org.apache.spark.util.DependencyUtils$.downloadFile(DependencyUtils.scala:264)
[2022-09-30 08:26:28,721] {spark_submit.py:485} INFO - at org.apache.spark.deploy.SparkSubmit.$anonfun$prepareSubmitEnvironment$8(SparkSubmit.scala:376)
[2022-09-30 08:26:28,721] {spark_submit.py:485} INFO - at scala.Option.map(Option.scala:230)
[2022-09-30 08:26:28,721] {spark_submit.py:485} INFO - at org.apache.spark.deploy.SparkSubmit.prepareSubmitEnvironment(SparkSubmit.scala:376)
[2022-09-30 08:26:28,721] {spark_submit.py:485} INFO - at org.apache.spark.deploy.SparkSubmit.org$apache$spark$deploy$SparkSubmit$$runMain(SparkSubmit.scala:901)
[2022-09-30 08:26:28,721] {spark_submit.py:485} INFO - at org.apache.spark.deploy.SparkSubmit.doRunMain$1(SparkSubmit.scala:180)
[2022-09-30 08:26:28,721] {spark_submit.py:485} INFO - at org.apache.spark.deploy.SparkSubmit.submit(SparkSubmit.scala:203)
[2022-09-30 08:26:28,721] {spark_submit.py:485} INFO - at org.apache.spark.deploy.SparkSubmit.doSubmit(SparkSubmit.scala:90)
[2022-09-30 08:26:28,721] {spark_submit.py:485} INFO - at org.apache.spark.deploy.SparkSubmit$$anon$2.doSubmit(SparkSubmit.scala:1046)
[2022-09-30 08:26:28,721] {spark_submit.py:485} INFO - at org.apache.spark.deploy.SparkSubmit$.main(SparkSubmit.scala:1055)
[2022-09-30 08:26:28,721] {spark_submit.py:485} INFO - at org.apache.spark.deploy.SparkSubmit.main(SparkSubmit.scala)
[2022-09-30 08:26:28,721] {spark_submit.py:485} INFO - Exception in thread "main" org.apache.hadoop.hdfs.BlockMissingException: Could not obtain block: BP-1115351834-172.31.0.3-1664436657326:blk_1073742008_1184 file=/jars/setl_2.12-1.0.0-SNAPSHOT.jar No live nodes contain current block Block locations: DatanodeInfoWithStorage[172.31.0.7:9866,DS-18d9ce5a-92a9-4366-b40f-412ab56a1377,DISK] Dead nodes:  DatanodeInfoWithStorage[172.31.0.7:9866,DS-18d9ce5a-92a9-4366-b40f-412ab56a1377,DISK]
[2022-09-30 08:26:28,721] {spark_submit.py:485} INFO - at org.apache.hadoop.hdfs.DFSInputStream.refetchLocations(DFSInputStream.java:1007)
[2022-09-30 08:26:28,721] {spark_submit.py:485} INFO - at org.apache.hadoop.hdfs.DFSInputStream.chooseDataNode(DFSInputStream.java:990)
[2022-09-30 08:26:28,722] {spark_submit.py:485} INFO - at org.apache.hadoop.hdfs.DFSInputStream.chooseDataNode(DFSInputStream.java:969)
[2022-09-30 08:26:28,722] {spark_submit.py:485} INFO - at org.apache.hadoop.hdfs.DFSInputStream.blockSeekTo(DFSInputStream.java:677)
[2022-09-30 08:26:28,722] {spark_submit.py:485} INFO - at org.apache.hadoop.hdfs.DFSInputStream.readWithStrategy(DFSInputStream.java:884)
[2022-09-30 08:26:28,722] {spark_submit.py:485} INFO - at org.apache.hadoop.hdfs.DFSInputStream.read(DFSInputStream.java:957)
[2022-09-30 08:26:28,722] {spark_submit.py:485} INFO - at java.io.DataInputStream.read(DataInputStream.java:100)
[2022-09-30 08:26:28,722] {spark_submit.py:485} INFO - at org.apache.spark.util.Utils$.$anonfun$copyStream$1(Utils.scala:371)
[2022-09-30 08:26:28,722] {spark_submit.py:485} INFO - at scala.runtime.java8.JFunction0$mcJ$sp.apply(JFunction0$mcJ$sp.java:23)
[2022-09-30 08:26:28,722] {spark_submit.py:485} INFO - at org.apache.spark.util.Utils$.tryWithSafeFinally(Utils.scala:1504)
[2022-09-30 08:26:28,722] {spark_submit.py:485} INFO - at org.apache.spark.util.Utils$.copyStream(Utils.scala:380)
[2022-09-30 08:26:28,722] {spark_submit.py:485} INFO - at org.apache.spark.util.Utils$.downloadFile(Utils.scala:672)
[2022-09-30 08:26:28,722] {spark_submit.py:485} INFO - at org.apache.spark.util.Utils$.fetchHcfsFile(Utils.scala:846)
[2022-09-30 08:26:28,722] {spark_submit.py:485} INFO - at org.apache.spark.util.Utils$.doFetchFile(Utils.scala:820)
[2022-09-30 08:26:28,722] {spark_submit.py:485} INFO - at org.apache.spark.util.DependencyUtils$.downloadFile(DependencyUtils.scala:264)
[2022-09-30 08:26:28,722] {spark_submit.py:485} INFO - at org.apache.spark.deploy.SparkSubmit.$anonfun$prepareSubmitEnvironment$8(SparkSubmit.scala:376)
[2022-09-30 08:26:28,723] {spark_submit.py:485} INFO - at scala.Option.map(Option.scala:230)
[2022-09-30 08:26:28,723] {spark_submit.py:485} INFO - at org.apache.spark.deploy.SparkSubmit.prepareSubmitEnvironment(SparkSubmit.scala:376)
[2022-09-30 08:26:28,723] {spark_submit.py:485} INFO - at org.apache.spark.deploy.SparkSubmit.org$apache$spark$deploy$SparkSubmit$$runMain(SparkSubmit.scala:901)
[2022-09-30 08:26:28,723] {spark_submit.py:485} INFO - at org.apache.spark.deploy.SparkSubmit.doRunMain$1(SparkSubmit.scala:180)
[2022-09-30 08:26:28,723] {spark_submit.py:485} INFO - at org.apache.spark.deploy.SparkSubmit.submit(SparkSubmit.scala:203)
[2022-09-30 08:26:28,723] {spark_submit.py:485} INFO - at org.apache.spark.deploy.SparkSubmit.doSubmit(SparkSubmit.scala:90)
[2022-09-30 08:26:28,723] {spark_submit.py:485} INFO - at org.apache.spark.deploy.SparkSubmit$$anon$2.doSubmit(SparkSubmit.scala:1046)
[2022-09-30 08:26:28,723] {spark_submit.py:485} INFO - at org.apache.spark.deploy.SparkSubmit$.main(SparkSubmit.scala:1055)
[2022-09-30 08:26:28,723] {spark_submit.py:485} INFO - at org.apache.spark.deploy.SparkSubmit.main(SparkSubmit.scala)
[2022-09-30 08:26:28,775] {taskinstance.py:1700} ERROR - Task failed with exception
Traceback (most recent call last):
  File "/home/airflow/.local/lib/python3.7/site-packages/airflow/models/taskinstance.py", line 1329, in _run_raw_task
    self._execute_task_with_callbacks(context)
  File "/home/airflow/.local/lib/python3.7/site-packages/airflow/models/taskinstance.py", line 1455, in _execute_task_with_callbacks
    result = self._execute_task(context, self.task)
  File "/home/airflow/.local/lib/python3.7/site-packages/airflow/models/taskinstance.py", line 1511, in _execute_task
    result = execute_callable(context=context)
  File "/home/airflow/.local/lib/python3.7/site-packages/airflow/providers/apache/spark/operators/spark_submit.py", line 157, in execute
    self._hook.submit(self._application)
  File "/home/airflow/.local/lib/python3.7/site-packages/airflow/providers/apache/spark/hooks/spark_submit.py", line 417, in submit
    f"Cannot execute: {self._mask_cmd(spark_submit_cmd)}. Error code is: {returncode}."
airflow.exceptions.AirflowException: Cannot execute: spark-submit --master spark://10.0.9.226:7077 --jars hdfs://10.0.9.226:8020/jars/setl_2.12-1.0.0-SNAPSHOT-jar-with-dependencies.jar --class Job_s2t_AddTagVideo hdfs://10.0.9.226:8020/jars/setl_2.12-1.0.0-SNAPSHOT.jar. Error code is: 1.
[2022-09-30 08:26:28,780] {taskinstance.py:1277} INFO - Marking task as UP_FOR_RETRY. dag_id=spark-setl3, task_id=spark_job_setl3, execution_date=20220930T082204, start_date=20220930T082205, end_date=20220930T082628
[2022-09-30 08:26:28,789] {standard_task_runner.py:92} ERROR - Failed to execute job 66 for task spark_job_setl3
Traceback (most recent call last):
  File "/home/airflow/.local/lib/python3.7/site-packages/airflow/task/task_runner/standard_task_runner.py", line 85, in _start_by_fork
    args.func(args, dag=self.dag)
  File "/home/airflow/.local/lib/python3.7/site-packages/airflow/cli/cli_parser.py", line 48, in command
    return func(*args, **kwargs)
  File "/home/airflow/.local/lib/python3.7/site-packages/airflow/utils/cli.py", line 92, in wrapper
    return f(*args, **kwargs)
  File "/home/airflow/.local/lib/python3.7/site-packages/airflow/cli/commands/task_command.py", line 298, in task_run
    _run_task_by_selected_method(args, dag, ti)
  File "/home/airflow/.local/lib/python3.7/site-packages/airflow/cli/commands/task_command.py", line 107, in _run_task_by_selected_method
    _run_raw_task(args, ti)
  File "/home/airflow/.local/lib/python3.7/site-packages/airflow/cli/commands/task_command.py", line 184, in _run_raw_task
    error_file=args.error_file,
  File "/home/airflow/.local/lib/python3.7/site-packages/airflow/utils/session.py", line 70, in wrapper
    return func(*args, session=session, **kwargs)
  File "/home/airflow/.local/lib/python3.7/site-packages/airflow/models/taskinstance.py", line 1329, in _run_raw_task
    self._execute_task_with_callbacks(context)
  File "/home/airflow/.local/lib/python3.7/site-packages/airflow/models/taskinstance.py", line 1455, in _execute_task_with_callbacks
    result = self._execute_task(context, self.task)
  File "/home/airflow/.local/lib/python3.7/site-packages/airflow/models/taskinstance.py", line 1511, in _execute_task
    result = execute_callable(context=context)
  File "/home/airflow/.local/lib/python3.7/site-packages/airflow/providers/apache/spark/operators/spark_submit.py", line 157, in execute
    self._hook.submit(self._application)
  File "/home/airflow/.local/lib/python3.7/site-packages/airflow/providers/apache/spark/hooks/spark_submit.py", line 417, in submit
    f"Cannot execute: {self._mask_cmd(spark_submit_cmd)}. Error code is: {returncode}."
airflow.exceptions.AirflowException: Cannot execute: spark-submit --master spark://10.0.9.226:7077 --jars hdfs://10.0.9.226:8020/jars/setl_2.12-1.0.0-SNAPSHOT-jar-with-dependencies.jar --class Job_s2t_AddTagVideo hdfs://10.0.9.226:8020/jars/setl_2.12-1.0.0-SNAPSHOT.jar. Error code is: 1.
[2022-09-30 08:26:28,818] {local_task_job.py:154} INFO - Task exited with return code 1
[2022-09-30 08:26:28,857] {local_task_job.py:264} INFO - 0 downstream tasks scheduled from follow-on schedule check
