[2022-09-28 15:10:16,840] {processor.py:163} INFO - Started process (PID=675) to work on /opt/airflow/dags/spark-setl-scala.py
[2022-09-28 15:10:16,841] {processor.py:642} INFO - Processing file /opt/airflow/dags/spark-setl-scala.py for tasks to queue
[2022-09-28 15:10:16,841] {logging_mixin.py:109} INFO - [2022-09-28 15:10:16,841] {dagbag.py:500} INFO - Filling up the DagBag from /opt/airflow/dags/spark-setl-scala.py
[2022-09-28 15:10:16,885] {processor.py:654} INFO - DAG(s) dict_keys(['spark-setl']) retrieved from /opt/airflow/dags/spark-setl-scala.py
[2022-09-28 15:10:20,836] {logging_mixin.py:109} INFO - [2022-09-28 15:10:20,836] {manager.py:496} INFO - Created Permission View: can read on DAG:spark-setl
[2022-09-28 15:10:20,841] {logging_mixin.py:109} INFO - [2022-09-28 15:10:20,841] {manager.py:496} INFO - Created Permission View: can edit on DAG:spark-setl
[2022-09-28 15:10:20,842] {logging_mixin.py:109} INFO - [2022-09-28 15:10:20,841] {dag.py:2396} INFO - Sync 1 DAGs
[2022-09-28 15:10:20,846] {logging_mixin.py:109} INFO - [2022-09-28 15:10:20,845] {dag.py:2415} INFO - Creating ORM DAG for spark-setl
[2022-09-28 15:10:20,852] {logging_mixin.py:109} INFO - [2022-09-28 15:10:20,852] {dag.py:2935} INFO - Setting next_dagrun for spark-setl to None
[2022-09-28 15:10:20,859] {processor.py:171} INFO - Processing /opt/airflow/dags/spark-setl-scala.py took 4.021 seconds
[2022-09-28 15:10:50,949] {processor.py:163} INFO - Started process (PID=705) to work on /opt/airflow/dags/spark-setl-scala.py
[2022-09-28 15:10:50,956] {processor.py:642} INFO - Processing file /opt/airflow/dags/spark-setl-scala.py for tasks to queue
[2022-09-28 15:10:50,957] {logging_mixin.py:109} INFO - [2022-09-28 15:10:50,957] {dagbag.py:500} INFO - Filling up the DagBag from /opt/airflow/dags/spark-setl-scala.py
[2022-09-28 15:10:50,982] {processor.py:654} INFO - DAG(s) dict_keys(['spark-setl']) retrieved from /opt/airflow/dags/spark-setl-scala.py
[2022-09-28 15:10:50,987] {logging_mixin.py:109} INFO - [2022-09-28 15:10:50,987] {dag.py:2396} INFO - Sync 1 DAGs
[2022-09-28 15:10:50,995] {logging_mixin.py:109} INFO - [2022-09-28 15:10:50,995] {dag.py:2935} INFO - Setting next_dagrun for spark-setl to None
[2022-09-28 15:10:51,000] {processor.py:171} INFO - Processing /opt/airflow/dags/spark-setl-scala.py took 0.052 seconds
[2022-09-28 15:11:21,051] {processor.py:163} INFO - Started process (PID=733) to work on /opt/airflow/dags/spark-setl-scala.py
[2022-09-28 15:11:21,052] {processor.py:642} INFO - Processing file /opt/airflow/dags/spark-setl-scala.py for tasks to queue
[2022-09-28 15:11:21,053] {logging_mixin.py:109} INFO - [2022-09-28 15:11:21,053] {dagbag.py:500} INFO - Filling up the DagBag from /opt/airflow/dags/spark-setl-scala.py
[2022-09-28 15:11:21,074] {processor.py:654} INFO - DAG(s) dict_keys(['spark-setl']) retrieved from /opt/airflow/dags/spark-setl-scala.py
[2022-09-28 15:11:21,078] {logging_mixin.py:109} INFO - [2022-09-28 15:11:21,078] {dag.py:2396} INFO - Sync 1 DAGs
[2022-09-28 15:11:21,087] {logging_mixin.py:109} INFO - [2022-09-28 15:11:21,087] {dag.py:2935} INFO - Setting next_dagrun for spark-setl to None
[2022-09-28 15:11:21,092] {processor.py:171} INFO - Processing /opt/airflow/dags/spark-setl-scala.py took 0.045 seconds
[2022-09-28 15:11:51,150] {processor.py:163} INFO - Started process (PID=752) to work on /opt/airflow/dags/spark-setl-scala.py
[2022-09-28 15:11:51,156] {processor.py:642} INFO - Processing file /opt/airflow/dags/spark-setl-scala.py for tasks to queue
[2022-09-28 15:11:51,157] {logging_mixin.py:109} INFO - [2022-09-28 15:11:51,157] {dagbag.py:500} INFO - Filling up the DagBag from /opt/airflow/dags/spark-setl-scala.py
[2022-09-28 15:11:51,173] {processor.py:654} INFO - DAG(s) dict_keys(['spark-setl']) retrieved from /opt/airflow/dags/spark-setl-scala.py
[2022-09-28 15:11:51,178] {logging_mixin.py:109} INFO - [2022-09-28 15:11:51,177] {dag.py:2396} INFO - Sync 1 DAGs
[2022-09-28 15:11:51,187] {logging_mixin.py:109} INFO - [2022-09-28 15:11:51,187] {dag.py:2935} INFO - Setting next_dagrun for spark-setl to None
[2022-09-28 15:11:51,192] {processor.py:171} INFO - Processing /opt/airflow/dags/spark-setl-scala.py took 0.044 seconds
[2022-09-28 15:12:21,251] {processor.py:163} INFO - Started process (PID=780) to work on /opt/airflow/dags/spark-setl-scala.py
[2022-09-28 15:12:21,252] {processor.py:642} INFO - Processing file /opt/airflow/dags/spark-setl-scala.py for tasks to queue
[2022-09-28 15:12:21,252] {logging_mixin.py:109} INFO - [2022-09-28 15:12:21,252] {dagbag.py:500} INFO - Filling up the DagBag from /opt/airflow/dags/spark-setl-scala.py
[2022-09-28 15:12:21,269] {processor.py:654} INFO - DAG(s) dict_keys(['spark-setl']) retrieved from /opt/airflow/dags/spark-setl-scala.py
[2022-09-28 15:12:21,275] {logging_mixin.py:109} INFO - [2022-09-28 15:12:21,275] {dag.py:2396} INFO - Sync 1 DAGs
[2022-09-28 15:12:21,285] {logging_mixin.py:109} INFO - [2022-09-28 15:12:21,285] {dag.py:2935} INFO - Setting next_dagrun for spark-setl to None
[2022-09-28 15:12:21,290] {processor.py:171} INFO - Processing /opt/airflow/dags/spark-setl-scala.py took 0.041 seconds
[2022-09-28 15:12:51,343] {processor.py:163} INFO - Started process (PID=799) to work on /opt/airflow/dags/spark-setl-scala.py
[2022-09-28 15:12:51,343] {processor.py:642} INFO - Processing file /opt/airflow/dags/spark-setl-scala.py for tasks to queue
[2022-09-28 15:12:51,343] {logging_mixin.py:109} INFO - [2022-09-28 15:12:51,343] {dagbag.py:500} INFO - Filling up the DagBag from /opt/airflow/dags/spark-setl-scala.py
[2022-09-28 15:12:51,362] {processor.py:654} INFO - DAG(s) dict_keys(['spark-setl']) retrieved from /opt/airflow/dags/spark-setl-scala.py
[2022-09-28 15:12:51,367] {logging_mixin.py:109} INFO - [2022-09-28 15:12:51,367] {dag.py:2396} INFO - Sync 1 DAGs
[2022-09-28 15:12:51,379] {logging_mixin.py:109} INFO - [2022-09-28 15:12:51,378] {dag.py:2935} INFO - Setting next_dagrun for spark-setl to None
[2022-09-28 15:12:51,383] {processor.py:171} INFO - Processing /opt/airflow/dags/spark-setl-scala.py took 0.042 seconds
[2022-09-28 15:12:57,377] {processor.py:163} INFO - Started process (PID=809) to work on /opt/airflow/dags/spark-setl-scala.py
[2022-09-28 15:12:57,378] {processor.py:642} INFO - Processing file /opt/airflow/dags/spark-setl-scala.py for tasks to queue
[2022-09-28 15:12:57,379] {logging_mixin.py:109} INFO - [2022-09-28 15:12:57,379] {dagbag.py:500} INFO - Filling up the DagBag from /opt/airflow/dags/spark-setl-scala.py
[2022-09-28 15:12:57,399] {processor.py:654} INFO - DAG(s) dict_keys(['spark-setl']) retrieved from /opt/airflow/dags/spark-setl-scala.py
[2022-09-28 15:12:57,404] {logging_mixin.py:109} INFO - [2022-09-28 15:12:57,404] {dag.py:2396} INFO - Sync 1 DAGs
[2022-09-28 15:12:57,413] {logging_mixin.py:109} INFO - [2022-09-28 15:12:57,413] {dag.py:2935} INFO - Setting next_dagrun for spark-setl to None
[2022-09-28 15:12:57,419] {processor.py:171} INFO - Processing /opt/airflow/dags/spark-setl-scala.py took 0.044 seconds
[2022-09-28 15:13:07,437] {processor.py:163} INFO - Started process (PID=819) to work on /opt/airflow/dags/spark-setl-scala.py
[2022-09-28 15:13:07,444] {processor.py:642} INFO - Processing file /opt/airflow/dags/spark-setl-scala.py for tasks to queue
[2022-09-28 15:13:07,444] {logging_mixin.py:109} INFO - [2022-09-28 15:13:07,444] {dagbag.py:500} INFO - Filling up the DagBag from /opt/airflow/dags/spark-setl-scala.py
[2022-09-28 15:13:07,464] {processor.py:654} INFO - DAG(s) dict_keys(['spark-setl']) retrieved from /opt/airflow/dags/spark-setl-scala.py
[2022-09-28 15:13:07,648] {logging_mixin.py:109} INFO - [2022-09-28 15:13:07,648] {dag.py:2396} INFO - Sync 1 DAGs
[2022-09-28 15:13:07,656] {logging_mixin.py:109} INFO - [2022-09-28 15:13:07,656] {dag.py:2935} INFO - Setting next_dagrun for spark-setl to None
[2022-09-28 15:13:07,662] {processor.py:171} INFO - Processing /opt/airflow/dags/spark-setl-scala.py took 0.227 seconds
[2022-09-28 15:13:37,726] {processor.py:163} INFO - Started process (PID=838) to work on /opt/airflow/dags/spark-setl-scala.py
[2022-09-28 15:13:37,733] {processor.py:642} INFO - Processing file /opt/airflow/dags/spark-setl-scala.py for tasks to queue
[2022-09-28 15:13:37,733] {logging_mixin.py:109} INFO - [2022-09-28 15:13:37,733] {dagbag.py:500} INFO - Filling up the DagBag from /opt/airflow/dags/spark-setl-scala.py
[2022-09-28 15:13:37,750] {processor.py:654} INFO - DAG(s) dict_keys(['spark-setl']) retrieved from /opt/airflow/dags/spark-setl-scala.py
[2022-09-28 15:13:37,754] {logging_mixin.py:109} INFO - [2022-09-28 15:13:37,754] {dag.py:2396} INFO - Sync 1 DAGs
[2022-09-28 15:13:37,765] {logging_mixin.py:109} INFO - [2022-09-28 15:13:37,765] {dag.py:2935} INFO - Setting next_dagrun for spark-setl to None
[2022-09-28 15:13:37,770] {processor.py:171} INFO - Processing /opt/airflow/dags/spark-setl-scala.py took 0.046 seconds
[2022-09-28 15:14:07,836] {processor.py:163} INFO - Started process (PID=867) to work on /opt/airflow/dags/spark-setl-scala.py
[2022-09-28 15:14:07,842] {processor.py:642} INFO - Processing file /opt/airflow/dags/spark-setl-scala.py for tasks to queue
[2022-09-28 15:14:07,843] {logging_mixin.py:109} INFO - [2022-09-28 15:14:07,843] {dagbag.py:500} INFO - Filling up the DagBag from /opt/airflow/dags/spark-setl-scala.py
[2022-09-28 15:14:07,864] {processor.py:654} INFO - DAG(s) dict_keys(['spark-setl']) retrieved from /opt/airflow/dags/spark-setl-scala.py
[2022-09-28 15:14:07,870] {logging_mixin.py:109} INFO - [2022-09-28 15:14:07,870] {dag.py:2396} INFO - Sync 1 DAGs
[2022-09-28 15:14:07,883] {logging_mixin.py:109} INFO - [2022-09-28 15:14:07,883] {dag.py:2935} INFO - Setting next_dagrun for spark-setl to None
[2022-09-28 15:14:07,887] {processor.py:171} INFO - Processing /opt/airflow/dags/spark-setl-scala.py took 0.053 seconds
[2022-09-28 15:14:36,934] {processor.py:163} INFO - Started process (PID=886) to work on /opt/airflow/dags/spark-setl-scala.py
[2022-09-28 15:14:36,936] {processor.py:642} INFO - Processing file /opt/airflow/dags/spark-setl-scala.py for tasks to queue
[2022-09-28 15:14:36,937] {logging_mixin.py:109} INFO - [2022-09-28 15:14:36,937] {dagbag.py:500} INFO - Filling up the DagBag from /opt/airflow/dags/spark-setl-scala.py
[2022-09-28 15:14:36,958] {processor.py:654} INFO - DAG(s) dict_keys(['spark-setl']) retrieved from /opt/airflow/dags/spark-setl-scala.py
[2022-09-28 15:14:36,963] {logging_mixin.py:109} INFO - [2022-09-28 15:14:36,963] {dag.py:2396} INFO - Sync 1 DAGs
[2022-09-28 15:14:36,973] {logging_mixin.py:109} INFO - [2022-09-28 15:14:36,973] {dag.py:2935} INFO - Setting next_dagrun for spark-setl to None
[2022-09-28 15:14:37,036] {processor.py:171} INFO - Processing /opt/airflow/dags/spark-setl-scala.py took 0.107 seconds
[2022-09-28 15:14:42,966] {processor.py:163} INFO - Started process (PID=896) to work on /opt/airflow/dags/spark-setl-scala.py
[2022-09-28 15:14:42,968] {processor.py:642} INFO - Processing file /opt/airflow/dags/spark-setl-scala.py for tasks to queue
[2022-09-28 15:14:42,969] {logging_mixin.py:109} INFO - [2022-09-28 15:14:42,969] {dagbag.py:500} INFO - Filling up the DagBag from /opt/airflow/dags/spark-setl-scala.py
[2022-09-28 15:14:42,989] {processor.py:654} INFO - DAG(s) dict_keys(['spark-setl']) retrieved from /opt/airflow/dags/spark-setl-scala.py
[2022-09-28 15:14:42,994] {logging_mixin.py:109} INFO - [2022-09-28 15:14:42,993] {dag.py:2396} INFO - Sync 1 DAGs
[2022-09-28 15:14:43,002] {logging_mixin.py:109} INFO - [2022-09-28 15:14:43,002] {dag.py:2935} INFO - Setting next_dagrun for spark-setl to None
[2022-09-28 15:14:43,061] {processor.py:171} INFO - Processing /opt/airflow/dags/spark-setl-scala.py took 0.099 seconds
[2022-09-28 15:15:13,157] {processor.py:163} INFO - Started process (PID=915) to work on /opt/airflow/dags/spark-setl-scala.py
[2022-09-28 15:15:13,158] {processor.py:642} INFO - Processing file /opt/airflow/dags/spark-setl-scala.py for tasks to queue
[2022-09-28 15:15:13,159] {logging_mixin.py:109} INFO - [2022-09-28 15:15:13,159] {dagbag.py:500} INFO - Filling up the DagBag from /opt/airflow/dags/spark-setl-scala.py
[2022-09-28 15:15:13,179] {processor.py:654} INFO - DAG(s) dict_keys(['spark-setl']) retrieved from /opt/airflow/dags/spark-setl-scala.py
[2022-09-28 15:15:13,184] {logging_mixin.py:109} INFO - [2022-09-28 15:15:13,183] {dag.py:2396} INFO - Sync 1 DAGs
[2022-09-28 15:15:13,247] {logging_mixin.py:109} INFO - [2022-09-28 15:15:13,246] {dag.py:2935} INFO - Setting next_dagrun for spark-setl to None
[2022-09-28 15:15:13,252] {processor.py:171} INFO - Processing /opt/airflow/dags/spark-setl-scala.py took 0.099 seconds
[2022-09-28 15:15:43,315] {processor.py:163} INFO - Started process (PID=943) to work on /opt/airflow/dags/spark-setl-scala.py
[2022-09-28 15:15:43,321] {processor.py:642} INFO - Processing file /opt/airflow/dags/spark-setl-scala.py for tasks to queue
[2022-09-28 15:15:43,322] {logging_mixin.py:109} INFO - [2022-09-28 15:15:43,322] {dagbag.py:500} INFO - Filling up the DagBag from /opt/airflow/dags/spark-setl-scala.py
[2022-09-28 15:15:43,339] {processor.py:654} INFO - DAG(s) dict_keys(['spark-setl']) retrieved from /opt/airflow/dags/spark-setl-scala.py
[2022-09-28 15:15:43,344] {logging_mixin.py:109} INFO - [2022-09-28 15:15:43,344] {dag.py:2396} INFO - Sync 1 DAGs
[2022-09-28 15:15:43,413] {logging_mixin.py:109} INFO - [2022-09-28 15:15:43,413] {dag.py:2935} INFO - Setting next_dagrun for spark-setl to None
[2022-09-28 15:15:43,418] {processor.py:171} INFO - Processing /opt/airflow/dags/spark-setl-scala.py took 0.107 seconds
